<?xml version="1.0" encoding="UTF-8"?>
<testsuites><testsuite name="SC" tests="5" failures="1" errors="0" skipped="0"><testcase classname="StartupConfiguration" name="TC-SC-004 / invalid key with sk prefix must not be accepted" time="0.04920659999999998"><failure>AssertionError: expected true to be false // Object.is equality
    at D:\Code\text\test-videorag\Vimo-desktop\test_startup_configuration\api_key_validation.test.ts:14:26
    at processTicksAndRejections (node:internal/process/task_queues:105:5)
    at file:///D:/Code/text/test-videorag/Vimo-desktop/test_communication/node_modules/@vitest/runner/dist/index.js:533:5
    at runTest (file:///D:/Code/text/test-videorag/Vimo-desktop/test_communication/node_modules/@vitest/runner/dist/index.js:1056:11)
    at runSuite (file:///D:/Code/text/test-videorag/Vimo-desktop/test_communication/node_modules/@vitest/runner/dist/index.js:1205:15)
    at runFiles (file:///D:/Code/text/test-videorag/Vimo-desktop/test_communication/node_modules/@vitest/runner/dist/index.js:1262:5)
    at startTests (file:///D:/Code/text/test-videorag/Vimo-desktop/test_communication/node_modules/@vitest/runner/dist/index.js:1271:3)
    at file:///D:/Code/text/test-videorag/Vimo-desktop/test_communication/node_modules/vitest/dist/chunks/runBaseTests.3qpJUEJM.js:126:11
    at withEnv (file:///D:/Code/text/test-videorag/Vimo-desktop/test_communication/node_modules/vitest/dist/chunks/runBaseTests.3qpJUEJM.js:90:5)
    at run (file:///D:/Code/text/test-videorag/Vimo-desktop/test_communication/node_modules/vitest/dist/chunks/runBaseTests.3qpJUEJM.js:112:3)</failure></testcase>
<testcase classname="StartupConfiguration" name="TC-SC-003 / damaged configuration can be repaired and initialized again" time="0.0409212"></testcase>
<testcase classname="StartupConfiguration" name="TC-SC-005 / missing ImageBind model prevents initialization until restored" time="0.02257770000000005"></testcase>
<testcase classname="StartupConfiguration" name="TC-SC-001 / missing backend executable prevents startup" time="0.09724259999999958"></testcase>
<testcase classname="StartupConfiguration" name="TC-SC-002 / temporarily unavailable backend reconnects after service recovery" time="0.019994899999999687"></testcase></testsuite></testsuites>
