{"numTotalTestSuites":3,"numPassedTestSuites":2,"numFailedTestSuites":1,"numPendingTestSuites":0,"numTotalTests":5,"numPassedTests":4,"numFailedTests":1,"numPendingTests":0,"numTodoTests":0,"snapshot":{"added":0,"failure":false,"filesAdded":0,"filesRemoved":0,"filesRemovedList":[],"filesUnmatched":0,"filesUpdated":0,"matched":0,"total":0,"unchecked":0,"uncheckedKeysByFile":[],"unmatched":0,"updated":0,"didUpdate":false},"startTime":1789999658319,"success":false,"testResults":[{"assertionResults":[{"ancestorTitles":[],"fullName":"TC-SC-004 / invalid key with sk prefix must not be accepted","status":"failed","title":"TC-SC-004 / invalid key with sk prefix must not be accepted","duration":49.20659999999998,"failureMessages":["AssertionError: expected true to be false // Object.is equality\n    at D:\\Code\\text\\test-videorag\\Vimo-desktop\\test_startup_configuration\\api_key_validation.test.ts:14:26\n    at processTicksAndRejections (node:internal/process/task_queues:105:5)\n    at file:///D:/Code/text/test-videorag/Vimo-desktop/test_communication/node_modules/@vitest/runner/dist/index.js:533:5\n    at runTest (file:///D:/Code/text/test-videorag/Vimo-desktop/test_communication/node_modules/@vitest/runner/dist/index.js:1056:11)\n    at runSuite (file:///D:/Code/text/test-videorag/Vimo-desktop/test_communication/node_modules/@vitest/runner/dist/index.js:1205:15)\n    at runFiles (file:///D:/Code/text/test-videorag/Vimo-desktop/test_communication/node_modules/@vitest/runner/dist/index.js:1262:5)\n    at startTests (file:///D:/Code/text/test-videorag/Vimo-desktop/test_communication/node_modules/@vitest/runner/dist/index.js:1271:3)\n    at file:///D:/Code/text/test-videorag/Vimo-desktop/test_communication/node_modules/vitest/dist/chunks/runBaseTests.3qpJUEJM.js:126:11\n    at withEnv (file:///D:/Code/text/test-videorag/Vimo-desktop/test_communication/node_modules/vitest/dist/chunks/runBaseTests.3qpJUEJM.js:90:5)\n    at run (file:///D:/Code/text/test-videorag/Vimo-desktop/test_communication/node_modules/vitest/dist/chunks/runBaseTests.3qpJUEJM.js:112:3)"],"meta":{}}],"startTime":1789999665695,"endTime":1789999665744.2065,"status":"failed","message":"","name":"D:/Code/text/test-videorag/Vimo-desktop/test_startup_configuration/api_key_validation.test.ts"},{"assertionResults":[{"ancestorTitles":[],"fullName":"TC-SC-003 / damaged configuration can be repaired and initialized again","status":"passed","title":"TC-SC-003 / damaged configuration can be repaired and initialized again","duration":40.9212,"failureMessages":[],"meta":{}},{"ancestorTitles":[],"fullName":"TC-SC-005 / missing ImageBind model prevents initialization until restored","status":"passed","title":"TC-SC-005 / missing ImageBind model prevents initialization until restored","duration":22.57770000000005,"failureMessages":[],"meta":{}}],"startTime":1789999665053,"endTime":1789999665118.5776,"status":"passed","message":"","name":"D:/Code/text/test-videorag/Vimo-desktop/test_startup_configuration/configuration.test.ts"},{"assertionResults":[{"ancestorTitles":[],"fullName":"TC-SC-001 / missing backend executable prevents startup","status":"passed","title":"TC-SC-001 / missing backend executable prevents startup","duration":97.24259999999958,"failureMessages":[],"meta":{}},{"ancestorTitles":[],"fullName":"TC-SC-002 / temporarily unavailable backend reconnects after service recovery","status":"passed","title":"TC-SC-002 / temporarily unavailable backend reconnects after service recovery","duration":19.99489999999969,"failureMessages":[],"meta":{}}],"startTime":1789999664512,"endTime":1789999664628.9949,"status":"passed","message":"","name":"D:/Code/text/test-videorag/Vimo-desktop/test_startup_configuration/startup.test.ts"}]}