{"numTotalTestSuites":3,"numPassedTestSuites":2,"numFailedTestSuites":1,"numPendingTestSuites":0,"numTotalTests":5,"numPassedTests":4,"numFailedTests":1,"numPendingTests":0,"numTodoTests":0,"snapshot":{"added":0,"failure":false,"filesAdded":0,"filesRemoved":0,"filesRemovedList":[],"filesUnmatched":0,"filesUpdated":0,"matched":0,"total":0,"unchecked":0,"uncheckedKeysByFile":[],"unmatched":0,"updated":0,"didUpdate":false},"startTime":1790009948195,"success":false,"testResults":[{"assertionResults":[{"ancestorTitles":[],"fullName":"TC-SC-004 / invalid key with sk prefix must not be accepted","status":"failed","title":"TC-SC-004 / invalid key with sk prefix must not be accepted","duration":13.587099999999992,"failureMessages":["AssertionError: expected true to be false // Object.is equality\n    at D:\\file\\file\\华科\\作业\\软件质量测试\\test-videorag\\Vimo-desktop\\autotest_Startup & Configuration\\api_key_validation.test.ts:14:26\n    at processTicksAndRejections (node:internal/process/task_queues:104:5)\n    at file:///D:/file/file/%E5%8D%8E%E7%A7%91/%E4%BD%9C%E4%B8%9A/%E8%BD%AF%E4%BB%B6%E8%B4%A8%E9%87%8F%E6%B5%8B%E8%AF%95/test-videorag/Vimo-desktop/test_communication/node_modules/@vitest/runner/dist/index.js:533:5\n    at runTest (file:///D:/file/file/%E5%8D%8E%E7%A7%91/%E4%BD%9C%E4%B8%9A/%E8%BD%AF%E4%BB%B6%E8%B4%A8%E9%87%8F%E6%B5%8B%E8%AF%95/test-videorag/Vimo-desktop/test_communication/node_modules/@vitest/runner/dist/index.js:1056:11)\n    at runSuite (file:///D:/file/file/%E5%8D%8E%E7%A7%91/%E4%BD%9C%E4%B8%9A/%E8%BD%AF%E4%BB%B6%E8%B4%A8%E9%87%8F%E6%B5%8B%E8%AF%95/test-videorag/Vimo-desktop/test_communication/node_modules/@vitest/runner/dist/index.js:1205:15)\n    at runFiles (file:///D:/file/file/%E5%8D%8E%E7%A7%91/%E4%BD%9C%E4%B8%9A/%E8%BD%AF%E4%BB%B6%E8%B4%A8%E9%87%8F%E6%B5%8B%E8%AF%95/test-videorag/Vimo-desktop/test_communication/node_modules/@vitest/runner/dist/index.js:1262:5)\n    at startTests (file:///D:/file/file/%E5%8D%8E%E7%A7%91/%E4%BD%9C%E4%B8%9A/%E8%BD%AF%E4%BB%B6%E8%B4%A8%E9%87%8F%E6%B5%8B%E8%AF%95/test-videorag/Vimo-desktop/test_communication/node_modules/@vitest/runner/dist/index.js:1271:3)\n    at file:///D:/file/file/%E5%8D%8E%E7%A7%91/%E4%BD%9C%E4%B8%9A/%E8%BD%AF%E4%BB%B6%E8%B4%A8%E9%87%8F%E6%B5%8B%E8%AF%95/test-videorag/Vimo-desktop/test_communication/node_modules/vitest/dist/chunks/runBaseTests.3qpJUEJM.js:126:11\n    at withEnv (file:///D:/file/file/%E5%8D%8E%E7%A7%91/%E4%BD%9C%E4%B8%9A/%E8%BD%AF%E4%BB%B6%E8%B4%A8%E9%87%8F%E6%B5%8B%E8%AF%95/test-videorag/Vimo-desktop/test_communication/node_modules/vitest/dist/chunks/runBaseTests.3qpJUEJM.js:90:5)\n    at run (file:///D:/file/file/%E5%8D%8E%E7%A7%91/%E4%BD%9C%E4%B8%9A/%E8%BD%AF%E4%BB%B6%E8%B4%A8%E9%87%8F%E6%B5%8B%E8%AF%95/test-videorag/Vimo-desktop/test_communication/node_modules/vitest/dist/chunks/runBaseTests.3qpJUEJM.js:112:3)"],"meta":{}}],"startTime":1790009949402,"endTime":1790009949415.5872,"status":"failed","message":"","name":"D:/file/file/华科/作业/软件质量测试/test-videorag/Vimo-desktop/autotest_Startup & Configuration/api_key_validation.test.ts"},{"assertionResults":[{"ancestorTitles":[],"fullName":"TC-SC-003 / damaged configuration can be repaired and initialized again","status":"passed","title":"TC-SC-003 / damaged configuration can be repaired and initialized again","duration":19.614199999999983,"failureMessages":[],"meta":{}},{"ancestorTitles":[],"fullName":"TC-SC-005 / missing ImageBind model prevents initialization until restored","status":"passed","title":"TC-SC-005 / missing ImageBind model prevents initialization until restored","duration":10.275299999999987,"failureMessages":[],"meta":{}}],"startTime":1790009949177,"endTime":1790009949206.2754,"status":"passed","message":"","name":"D:/file/file/华科/作业/软件质量测试/test-videorag/Vimo-desktop/autotest_Startup & Configuration/configuration.test.ts"},{"assertionResults":[{"ancestorTitles":[],"fullName":"TC-SC-001 / missing backend executable prevents startup","status":"passed","title":"TC-SC-001 / missing backend executable prevents startup","duration":41.852199999999925,"failureMessages":[],"meta":{}},{"ancestorTitles":[],"fullName":"TC-SC-002 / temporarily unavailable backend reconnects after service recovery","status":"passed","title":"TC-SC-002 / temporarily unavailable backend reconnects after service recovery","duration":9.455400000000054,"failureMessages":[],"meta":{}}],"startTime":1790009948894,"endTime":1790009948945.4553,"status":"passed","message":"","name":"D:/file/file/华科/作业/软件质量测试/test-videorag/Vimo-desktop/autotest_Startup & Configuration/startup.test.ts"}]}