<?xml version="1.0" encoding="UTF-8" ?>
<testsuites name="vitest tests" tests="14" failures="13" errors="0" time="4.226">
    <testsuite name="api_key_validation.test.ts" timestamp="2026-09-21T11:24:11.084Z" hostname="LAPTOP-E0T3TRBE" tests="3" failures="3" errors="0" skipped="0" time="0.1161243">
        <testcase classname="api_key_validation.test.ts" name="TC-SC-004 / unauthorized requires provider verification instead of a prefix-only decision" time="0.0580614">
            <failure message="No verification request means provider validity was never checked: expected 0 to be greater than 0" type="AssertionError">
AssertionError: No verification request means provider validity was never checked: expected 0 to be greater than 0
 ❯ api_key_validation.test.ts:23:76
            </failure>
            <failure message="expected true to be false // Object.is equality" type="AssertionError">
AssertionError: expected true to be false // Object.is equality

- Expected
+ Received

- false
+ true

 ❯ api_key_validation.test.ts:24:33
            </failure>
            <failure message="expected undefined to deeply equal Any&lt;String&gt;" type="AssertionError">
AssertionError: expected undefined to deeply equal Any&lt;String&gt;

- Expected: 
Any&lt;String&gt;

+ Received: 
undefined

 ❯ api_key_validation.test.ts:26:33
            </failure>
        </testcase>
        <testcase classname="api_key_validation.test.ts" name="TC-SC-004 / authorized requires provider verification instead of a prefix-only decision" time="0.0281705">
            <failure message="No verification request means provider validity was never checked: expected 0 to be greater than 0" type="AssertionError">
AssertionError: No verification request means provider validity was never checked: expected 0 to be greater than 0
 ❯ api_key_validation.test.ts:23:76
            </failure>
        </testcase>
        <testcase classname="api_key_validation.test.ts" name="TC-SC-004 / timeout requires provider verification instead of a prefix-only decision" time="0.0272007">
            <failure message="No verification request means provider validity was never checked: expected 0 to be greater than 0" type="AssertionError">
AssertionError: No verification request means provider validity was never checked: expected 0 to be greater than 0
 ❯ api_key_validation.test.ts:23:76
            </failure>
            <failure message="expected true to be false // Object.is equality" type="AssertionError">
AssertionError: expected true to be false // Object.is equality

- Expected
+ Received

- false
+ true

 ❯ api_key_validation.test.ts:24:33
            </failure>
            <failure message="expected undefined to deeply equal Any&lt;String&gt;" type="AssertionError">
AssertionError: expected undefined to deeply equal Any&lt;String&gt;

- Expected: 
Any&lt;String&gt;

+ Received: 
undefined

 ❯ api_key_validation.test.ts:26:33
            </failure>
            <failure message=".toMatch() expects to receive a string, but got undefined" type="TypeError">
TypeError: .toMatch() expects to receive a string, but got undefined
 ❯ api_key_validation.test.ts:28:60
            </failure>
        </testcase>
    </testsuite>
    <testsuite name="configuration.test.ts" timestamp="2026-09-21T11:24:11.107Z" hostname="LAPTOP-E0T3TRBE" tests="6" failures="6" errors="0" skipped="0" time="0.2287858">
        <testcase classname="configuration.test.ts" name="TC-SC-003 / damaged-json blocks initialization and can be repaired in the same application" time="0.0932151">
            <system-out>
🔧 Loading VideoRAG configuration...
📁 Bootstrap config not found, using defaults
🔧 Loaded settings: {
  openaiBaseUrl: &apos;https://api.openai.com/v1&apos;,
  dashscopeBaseUrl: &apos;https://dashscope.aliyuncs.com/compatible-mode/v1&apos;,
  processingModel: &apos;gpt-4o-mini&apos;,
  analysisModel: &apos;gpt-4o-mini&apos;,
  openaiApiKey: &apos;NOT_SET&apos;,
  dashscopeApiKey: &apos;NOT_SET&apos;,
  storeDirectory: &apos;&apos;
}
🔧 VideoRAG configuration validation: {
  ali_dashscope_api_key: &apos;❌ MISSING&apos;,
  ali_dashscope_base_url: &apos;✅ SET (default allowed)&apos;,
  openai_api_key: &apos;❌ MISSING&apos;,
  openai_base_url: &apos;✅ SET (default allowed)&apos;,
  image_bind_model_path: &apos;❌ MISSING&apos;,
  base_storage_path: &apos;❌ MISSING&apos;,
  analysisModel: &apos;✅ SET (default allowed)&apos;,
  processingModel: &apos;✅ SET (default allowed)&apos;,
  caption_model: &apos;✅ SET (default allowed)&apos;,
  asr_model: &apos;✅ SET (default allowed)&apos;
}
🛑 Stopping VideoRAG service due to configuration errors...

            </system-out>
            <system-err>
❌ VideoRAG configuration validation failed!

Missing required fields:
  • Ali Dashscope API Key (dashscopeApiKey)
  • OpenAI API Key (openaiApiKey)
  • Base Storage Path (storeDirectory)
  • ImageBind Model Path (storeDirectory + imagebind_huge/imagebind_huge.pth)

Please run the initialization wizard to configure these settings.
❌ VideoRAG configuration initialization failed: Error: Missing required configuration fields: Ali Dashscope API Key (dashscopeApiKey), OpenAI API Key (openaiApiKey), Base Storage Path (storeDirectory), ImageBind Model Path (storeDirectory + imagebind_huge/imagebind_huge.pth)
    at initializeVideoRAGConfig (D:\Code\text\test-videorag\Vimo-desktop\src\main\handlers\videorag-handlers.ts:314:13)
    at processTicksAndRejections (node:internal/process/task_queues:105:5)
    at D:\Code\text\test-videorag\Vimo-desktop\src\main\handlers\videorag-handlers.ts:643:7
    at D:\Code\text\test-videorag\Vimo-desktop\test_startup_configuration\configuration.test.ts:11:21
    at file:///D:/Code/text/test-videorag/Vimo-desktop/test_communication/node_modules/@vitest/runner/dist/index.js:533:5
    at runTest (file:///D:/Code/text/test-videorag/Vimo-desktop/test_communication/node_modules/@vitest/runner/dist/index.js:1056:11)
    at runSuite (file:///D:/Code/text/test-videorag/Vimo-desktop/test_communication/node_modules/@vitest/runner/dist/index.js:1205:15)
    at runFiles (file:///D:/Code/text/test-videorag/Vimo-desktop/test_communication/node_modules/@vitest/runner/dist/index.js:1262:5)
    at startTests (file:///D:/Code/text/test-videorag/Vimo-desktop/test_communication/node_modules/@vitest/runner/dist/index.js:1271:3)
    at file:///D:/Code/text/test-videorag/Vimo-desktop/test_communication/node_modules/vitest/dist/chunks/runBaseTests.3qpJUEJM.js:126:11

            </system-err>
            <failure message="expected { success: true, settings: { …(13) } } to match object { success: true, settings: { …(3) } }
(10 matching properties omitted from actual)" type="AssertionError">
AssertionError: expected { success: true, settings: { …(13) } } to match object { success: true, settings: { …(3) } }
(10 matching properties omitted from actual)

- Expected
+ Received

  Object {
    &quot;settings&quot;: Object {
-     &quot;dashscopeApiKey&quot;: &quot;fixture-dashscope&quot;,
-     &quot;openaiApiKey&quot;: &quot;sk-fixture-openai&quot;,
-     &quot;storeDirectory&quot;: &quot;D:\\sc-fixture\\store&quot;,
+     &quot;dashscopeApiKey&quot;: &quot;&quot;,
+     &quot;openaiApiKey&quot;: &quot;&quot;,
+     &quot;storeDirectory&quot;: &quot;&quot;,
    },
    &quot;success&quot;: true,
  }

 ❯ configuration.test.ts:18:46
            </failure>
        </testcase>
        <testcase classname="configuration.test.ts" name="TC-SC-003 / storeDirectory blocks initialization and can be repaired in the same application" time="0.0350882">
            <system-out>
🔧 Loading VideoRAG configuration...
📁 Bootstrap config not found, using defaults
🔧 Loaded settings: {
  openaiBaseUrl: &apos;https://api.openai.com/v1&apos;,
  dashscopeBaseUrl: &apos;https://dashscope.aliyuncs.com/compatible-mode/v1&apos;,
  processingModel: &apos;gpt-4o-mini&apos;,
  analysisModel: &apos;gpt-4o-mini&apos;,
  openaiApiKey: &apos;NOT_SET&apos;,
  dashscopeApiKey: &apos;NOT_SET&apos;,
  storeDirectory: &apos;&apos;
}
🔧 VideoRAG configuration validation: {
  ali_dashscope_api_key: &apos;❌ MISSING&apos;,
  ali_dashscope_base_url: &apos;✅ SET (default allowed)&apos;,
  openai_api_key: &apos;❌ MISSING&apos;,
  openai_base_url: &apos;✅ SET (default allowed)&apos;,
  image_bind_model_path: &apos;❌ MISSING&apos;,
  base_storage_path: &apos;❌ MISSING&apos;,
  analysisModel: &apos;✅ SET (default allowed)&apos;,
  processingModel: &apos;✅ SET (default allowed)&apos;,
  caption_model: &apos;✅ SET (default allowed)&apos;,
  asr_model: &apos;✅ SET (default allowed)&apos;
}
🛑 Stopping VideoRAG service due to configuration errors...

            </system-out>
            <system-err>
❌ VideoRAG configuration validation failed!

Missing required fields:
  • Ali Dashscope API Key (dashscopeApiKey)
  • OpenAI API Key (openaiApiKey)
  • Base Storage Path (storeDirectory)
  • ImageBind Model Path (storeDirectory + imagebind_huge/imagebind_huge.pth)

Please run the initialization wizard to configure these settings.
❌ VideoRAG configuration initialization failed: Error: Missing required configuration fields: Ali Dashscope API Key (dashscopeApiKey), OpenAI API Key (openaiApiKey), Base Storage Path (storeDirectory), ImageBind Model Path (storeDirectory + imagebind_huge/imagebind_huge.pth)
    at initializeVideoRAGConfig (D:\Code\text\test-videorag\Vimo-desktop\src\main\handlers\videorag-handlers.ts:314:13)
    at processTicksAndRejections (node:internal/process/task_queues:105:5)
    at D:\Code\text\test-videorag\Vimo-desktop\src\main\handlers\videorag-handlers.ts:643:7
    at D:\Code\text\test-videorag\Vimo-desktop\test_startup_configuration\configuration.test.ts:11:21
    at file:///D:/Code/text/test-videorag/Vimo-desktop/test_communication/node_modules/@vitest/runner/dist/index.js:533:5
    at runTest (file:///D:/Code/text/test-videorag/Vimo-desktop/test_communication/node_modules/@vitest/runner/dist/index.js:1056:11)
    at runSuite (file:///D:/Code/text/test-videorag/Vimo-desktop/test_communication/node_modules/@vitest/runner/dist/index.js:1205:15)
    at runFiles (file:///D:/Code/text/test-videorag/Vimo-desktop/test_communication/node_modules/@vitest/runner/dist/index.js:1262:5)
    at startTests (file:///D:/Code/text/test-videorag/Vimo-desktop/test_communication/node_modules/@vitest/runner/dist/index.js:1271:3)
    at file:///D:/Code/text/test-videorag/Vimo-desktop/test_communication/node_modules/vitest/dist/chunks/runBaseTests.3qpJUEJM.js:126:11

            </system-err>
            <failure message="expected { success: true, settings: { …(13) } } to match object { success: true, settings: { …(3) } }
(10 matching properties omitted from actual)" type="AssertionError">
AssertionError: expected { success: true, settings: { …(13) } } to match object { success: true, settings: { …(3) } }
(10 matching properties omitted from actual)

- Expected
+ Received

  Object {
    &quot;settings&quot;: Object {
-     &quot;dashscopeApiKey&quot;: &quot;fixture-dashscope&quot;,
-     &quot;openaiApiKey&quot;: &quot;sk-fixture-openai&quot;,
-     &quot;storeDirectory&quot;: &quot;D:\\sc-fixture\\store&quot;,
+     &quot;dashscopeApiKey&quot;: &quot;&quot;,
+     &quot;openaiApiKey&quot;: &quot;&quot;,
+     &quot;storeDirectory&quot;: &quot;&quot;,
    },
    &quot;success&quot;: true,
  }

 ❯ configuration.test.ts:18:46
            </failure>
        </testcase>
        <testcase classname="configuration.test.ts" name="TC-SC-003 / openaiApiKey blocks initialization and can be repaired in the same application" time="0.0250879">
            <system-out>
🔧 Loading VideoRAG configuration...
📁 Bootstrap config not found, using defaults
🔧 Loaded settings: {
  openaiBaseUrl: &apos;https://api.openai.com/v1&apos;,
  dashscopeBaseUrl: &apos;https://dashscope.aliyuncs.com/compatible-mode/v1&apos;,
  processingModel: &apos;gpt-4o-mini&apos;,
  analysisModel: &apos;gpt-4o-mini&apos;,
  openaiApiKey: &apos;NOT_SET&apos;,
  dashscopeApiKey: &apos;NOT_SET&apos;,
  storeDirectory: &apos;&apos;
}
🔧 VideoRAG configuration validation: {
  ali_dashscope_api_key: &apos;❌ MISSING&apos;,
  ali_dashscope_base_url: &apos;✅ SET (default allowed)&apos;,
  openai_api_key: &apos;❌ MISSING&apos;,
  openai_base_url: &apos;✅ SET (default allowed)&apos;,
  image_bind_model_path: &apos;❌ MISSING&apos;,
  base_storage_path: &apos;❌ MISSING&apos;,
  analysisModel: &apos;✅ SET (default allowed)&apos;,
  processingModel: &apos;✅ SET (default allowed)&apos;,
  caption_model: &apos;✅ SET (default allowed)&apos;,
  asr_model: &apos;✅ SET (default allowed)&apos;
}
🛑 Stopping VideoRAG service due to configuration errors...

            </system-out>
            <system-err>
❌ VideoRAG configuration validation failed!

Missing required fields:
  • Ali Dashscope API Key (dashscopeApiKey)
  • OpenAI API Key (openaiApiKey)
  • Base Storage Path (storeDirectory)
  • ImageBind Model Path (storeDirectory + imagebind_huge/imagebind_huge.pth)

Please run the initialization wizard to configure these settings.
❌ VideoRAG configuration initialization failed: Error: Missing required configuration fields: Ali Dashscope API Key (dashscopeApiKey), OpenAI API Key (openaiApiKey), Base Storage Path (storeDirectory), ImageBind Model Path (storeDirectory + imagebind_huge/imagebind_huge.pth)
    at initializeVideoRAGConfig (D:\Code\text\test-videorag\Vimo-desktop\src\main\handlers\videorag-handlers.ts:314:13)
    at processTicksAndRejections (node:internal/process/task_queues:105:5)
    at D:\Code\text\test-videorag\Vimo-desktop\src\main\handlers\videorag-handlers.ts:643:7
    at D:\Code\text\test-videorag\Vimo-desktop\test_startup_configuration\configuration.test.ts:11:21
    at file:///D:/Code/text/test-videorag/Vimo-desktop/test_communication/node_modules/@vitest/runner/dist/index.js:533:5
    at runTest (file:///D:/Code/text/test-videorag/Vimo-desktop/test_communication/node_modules/@vitest/runner/dist/index.js:1056:11)
    at runSuite (file:///D:/Code/text/test-videorag/Vimo-desktop/test_communication/node_modules/@vitest/runner/dist/index.js:1205:15)
    at runFiles (file:///D:/Code/text/test-videorag/Vimo-desktop/test_communication/node_modules/@vitest/runner/dist/index.js:1262:5)
    at startTests (file:///D:/Code/text/test-videorag/Vimo-desktop/test_communication/node_modules/@vitest/runner/dist/index.js:1271:3)
    at file:///D:/Code/text/test-videorag/Vimo-desktop/test_communication/node_modules/vitest/dist/chunks/runBaseTests.3qpJUEJM.js:126:11

            </system-err>
            <failure message="expected { success: true, settings: { …(13) } } to match object { success: true, settings: { …(3) } }
(10 matching properties omitted from actual)" type="AssertionError">
AssertionError: expected { success: true, settings: { …(13) } } to match object { success: true, settings: { …(3) } }
(10 matching properties omitted from actual)

- Expected
+ Received

  Object {
    &quot;settings&quot;: Object {
-     &quot;dashscopeApiKey&quot;: &quot;fixture-dashscope&quot;,
-     &quot;openaiApiKey&quot;: &quot;sk-fixture-openai&quot;,
-     &quot;storeDirectory&quot;: &quot;D:\\sc-fixture\\store&quot;,
+     &quot;dashscopeApiKey&quot;: &quot;&quot;,
+     &quot;openaiApiKey&quot;: &quot;&quot;,
+     &quot;storeDirectory&quot;: &quot;&quot;,
    },
    &quot;success&quot;: true,
  }

 ❯ configuration.test.ts:18:46
            </failure>
        </testcase>
        <testcase classname="configuration.test.ts" name="TC-SC-003 / dashscopeApiKey blocks initialization and can be repaired in the same application" time="0.0243721">
            <system-out>
🔧 Loading VideoRAG configuration...
📁 Bootstrap config not found, using defaults
🔧 Loaded settings: {
  openaiBaseUrl: &apos;https://api.openai.com/v1&apos;,
  dashscopeBaseUrl: &apos;https://dashscope.aliyuncs.com/compatible-mode/v1&apos;,
  processingModel: &apos;gpt-4o-mini&apos;,
  analysisModel: &apos;gpt-4o-mini&apos;,
  openaiApiKey: &apos;NOT_SET&apos;,
  dashscopeApiKey: &apos;NOT_SET&apos;,
  storeDirectory: &apos;&apos;
}
🔧 VideoRAG configuration validation: {
  ali_dashscope_api_key: &apos;❌ MISSING&apos;,
  ali_dashscope_base_url: &apos;✅ SET (default allowed)&apos;,
  openai_api_key: &apos;❌ MISSING&apos;,
  openai_base_url: &apos;✅ SET (default allowed)&apos;,
  image_bind_model_path: &apos;❌ MISSING&apos;,
  base_storage_path: &apos;❌ MISSING&apos;,
  analysisModel: &apos;✅ SET (default allowed)&apos;,
  processingModel: &apos;✅ SET (default allowed)&apos;,
  caption_model: &apos;✅ SET (default allowed)&apos;,
  asr_model: &apos;✅ SET (default allowed)&apos;
}
🛑 Stopping VideoRAG service due to configuration errors...

            </system-out>
            <system-err>
❌ VideoRAG configuration validation failed!

Missing required fields:
  • Ali Dashscope API Key (dashscopeApiKey)
  • OpenAI API Key (openaiApiKey)
  • Base Storage Path (storeDirectory)
  • ImageBind Model Path (storeDirectory + imagebind_huge/imagebind_huge.pth)

Please run the initialization wizard to configure these settings.
❌ VideoRAG configuration initialization failed: Error: Missing required configuration fields: Ali Dashscope API Key (dashscopeApiKey), OpenAI API Key (openaiApiKey), Base Storage Path (storeDirectory), ImageBind Model Path (storeDirectory + imagebind_huge/imagebind_huge.pth)
    at initializeVideoRAGConfig (D:\Code\text\test-videorag\Vimo-desktop\src\main\handlers\videorag-handlers.ts:314:13)
    at processTicksAndRejections (node:internal/process/task_queues:105:5)
    at D:\Code\text\test-videorag\Vimo-desktop\src\main\handlers\videorag-handlers.ts:643:7
    at D:\Code\text\test-videorag\Vimo-desktop\test_startup_configuration\configuration.test.ts:11:21
    at file:///D:/Code/text/test-videorag/Vimo-desktop/test_communication/node_modules/@vitest/runner/dist/index.js:533:5
    at runTest (file:///D:/Code/text/test-videorag/Vimo-desktop/test_communication/node_modules/@vitest/runner/dist/index.js:1056:11)
    at runSuite (file:///D:/Code/text/test-videorag/Vimo-desktop/test_communication/node_modules/@vitest/runner/dist/index.js:1205:15)
    at runFiles (file:///D:/Code/text/test-videorag/Vimo-desktop/test_communication/node_modules/@vitest/runner/dist/index.js:1262:5)
    at startTests (file:///D:/Code/text/test-videorag/Vimo-desktop/test_communication/node_modules/@vitest/runner/dist/index.js:1271:3)
    at file:///D:/Code/text/test-videorag/Vimo-desktop/test_communication/node_modules/vitest/dist/chunks/runBaseTests.3qpJUEJM.js:126:11

            </system-err>
            <failure message="expected { success: true, settings: { …(13) } } to match object { success: true, settings: { …(3) } }
(10 matching properties omitted from actual)" type="AssertionError">
AssertionError: expected { success: true, settings: { …(13) } } to match object { success: true, settings: { …(3) } }
(10 matching properties omitted from actual)

- Expected
+ Received

  Object {
    &quot;settings&quot;: Object {
-     &quot;dashscopeApiKey&quot;: &quot;fixture-dashscope&quot;,
-     &quot;openaiApiKey&quot;: &quot;sk-fixture-openai&quot;,
-     &quot;storeDirectory&quot;: &quot;D:\\sc-fixture\\store&quot;,
+     &quot;dashscopeApiKey&quot;: &quot;&quot;,
+     &quot;openaiApiKey&quot;: &quot;&quot;,
+     &quot;storeDirectory&quot;: &quot;&quot;,
    },
    &quot;success&quot;: true,
  }

 ❯ configuration.test.ts:18:46
            </failure>
        </testcase>
        <testcase classname="configuration.test.ts" name="TC-SC-005 / missing-model fails before backend initialization and succeeds after repair" time="0.0243093">
            <system-out>
🔧 Loading VideoRAG configuration...
📁 Bootstrap config not found, using defaults
🔧 Loaded settings: {
  openaiBaseUrl: &apos;https://api.openai.com/v1&apos;,
  dashscopeBaseUrl: &apos;https://dashscope.aliyuncs.com/compatible-mode/v1&apos;,
  processingModel: &apos;gpt-4o-mini&apos;,
  analysisModel: &apos;gpt-4o-mini&apos;,
  openaiApiKey: &apos;NOT_SET&apos;,
  dashscopeApiKey: &apos;NOT_SET&apos;,
  storeDirectory: &apos;&apos;
}
🔧 VideoRAG configuration validation: {
  ali_dashscope_api_key: &apos;❌ MISSING&apos;,
  ali_dashscope_base_url: &apos;✅ SET (default allowed)&apos;,
  openai_api_key: &apos;❌ MISSING&apos;,
  openai_base_url: &apos;✅ SET (default allowed)&apos;,
  image_bind_model_path: &apos;❌ MISSING&apos;,
  base_storage_path: &apos;❌ MISSING&apos;,
  analysisModel: &apos;✅ SET (default allowed)&apos;,
  processingModel: &apos;✅ SET (default allowed)&apos;,
  caption_model: &apos;✅ SET (default allowed)&apos;,
  asr_model: &apos;✅ SET (default allowed)&apos;
}
🛑 Stopping VideoRAG service due to configuration errors...
🔧 Loading VideoRAG configuration...
📁 Bootstrap config not found, using defaults
🔧 Loaded settings: {
  openaiBaseUrl: &apos;https://api.openai.com/v1&apos;,
  dashscopeBaseUrl: &apos;https://dashscope.aliyuncs.com/compatible-mode/v1&apos;,
  processingModel: &apos;gpt-4o-mini&apos;,
  analysisModel: &apos;gpt-4o-mini&apos;,
  openaiApiKey: &apos;NOT_SET&apos;,
  dashscopeApiKey: &apos;NOT_SET&apos;,
  storeDirectory: &apos;&apos;
}
🔧 VideoRAG configuration validation: {
  ali_dashscope_api_key: &apos;❌ MISSING&apos;,
  ali_dashscope_base_url: &apos;✅ SET (default allowed)&apos;,
  openai_api_key: &apos;❌ MISSING&apos;,
  openai_base_url: &apos;✅ SET (default allowed)&apos;,
  image_bind_model_path: &apos;❌ MISSING&apos;,
  base_storage_path: &apos;❌ MISSING&apos;,
  analysisModel: &apos;✅ SET (default allowed)&apos;,
  processingModel: &apos;✅ SET (default allowed)&apos;,
  caption_model: &apos;✅ SET (default allowed)&apos;,
  asr_model: &apos;✅ SET (default allowed)&apos;
}
🛑 Stopping VideoRAG service due to configuration errors...

            </system-out>
            <system-err>
❌ VideoRAG configuration validation failed!

Missing required fields:
  • Ali Dashscope API Key (dashscopeApiKey)
  • OpenAI API Key (openaiApiKey)
  • Base Storage Path (storeDirectory)
  • ImageBind Model Path (storeDirectory + imagebind_huge/imagebind_huge.pth)

Please run the initialization wizard to configure these settings.
❌ VideoRAG configuration initialization failed: Error: Missing required configuration fields: Ali Dashscope API Key (dashscopeApiKey), OpenAI API Key (openaiApiKey), Base Storage Path (storeDirectory), ImageBind Model Path (storeDirectory + imagebind_huge/imagebind_huge.pth)
    at initializeVideoRAGConfig (D:\Code\text\test-videorag\Vimo-desktop\src\main\handlers\videorag-handlers.ts:314:13)
    at processTicksAndRejections (node:internal/process/task_queues:105:5)
    at D:\Code\text\test-videorag\Vimo-desktop\src\main\handlers\videorag-handlers.ts:643:7
    at D:\Code\text\test-videorag\Vimo-desktop\test_startup_configuration\configuration.test.ts:30:21
    at file:///D:/Code/text/test-videorag/Vimo-desktop/test_communication/node_modules/@vitest/runner/dist/index.js:533:5
    at runTest (file:///D:/Code/text/test-videorag/Vimo-desktop/test_communication/node_modules/@vitest/runner/dist/index.js:1056:11)
    at runSuite (file:///D:/Code/text/test-videorag/Vimo-desktop/test_communication/node_modules/@vitest/runner/dist/index.js:1205:15)
    at runFiles (file:///D:/Code/text/test-videorag/Vimo-desktop/test_communication/node_modules/@vitest/runner/dist/index.js:1262:5)
    at startTests (file:///D:/Code/text/test-videorag/Vimo-desktop/test_communication/node_modules/@vitest/runner/dist/index.js:1271:3)
    at file:///D:/Code/text/test-videorag/Vimo-desktop/test_communication/node_modules/vitest/dist/chunks/runBaseTests.3qpJUEJM.js:126:11
❌ VideoRAG configuration validation failed!

Missing required fields:
  • Ali Dashscope API Key (dashscopeApiKey)
  • OpenAI API Key (openaiApiKey)
  • Base Storage Path (storeDirectory)
  • ImageBind Model Path (storeDirectory + imagebind_huge/imagebind_huge.pth)

Please run the initialization wizard to configure these settings.
❌ VideoRAG configuration initialization failed: Error: Missing required configuration fields: Ali Dashscope API Key (dashscopeApiKey), OpenAI API Key (openaiApiKey), Base Storage Path (storeDirectory), ImageBind Model Path (storeDirectory + imagebind_huge/imagebind_huge.pth)
    at initializeVideoRAGConfig (D:\Code\text\test-videorag\Vimo-desktop\src\main\handlers\videorag-handlers.ts:314:13)
    at processTicksAndRejections (node:internal/process/task_queues:105:5)
    at D:\Code\text\test-videorag\Vimo-desktop\src\main\handlers\videorag-handlers.ts:643:7
    at D:\Code\text\test-videorag\Vimo-desktop\test_startup_configuration\configuration.test.ts:38:12
    at file:///D:/Code/text/test-videorag/Vimo-desktop/test_communication/node_modules/@vitest/runner/dist/index.js:533:5
    at runTest (file:///D:/Code/text/test-videorag/Vimo-desktop/test_communication/node_modules/@vitest/runner/dist/index.js:1056:11)
    at runSuite (file:///D:/Code/text/test-videorag/Vimo-desktop/test_communication/node_modules/@vitest/runner/dist/index.js:1205:15)
    at runFiles (file:///D:/Code/text/test-videorag/Vimo-desktop/test_communication/node_modules/@vitest/runner/dist/index.js:1262:5)
    at startTests (file:///D:/Code/text/test-videorag/Vimo-desktop/test_communication/node_modules/@vitest/runner/dist/index.js:1271:3)
    at file:///D:/Code/text/test-videorag/Vimo-desktop/test_communication/node_modules/vitest/dist/chunks/runBaseTests.3qpJUEJM.js:126:11

            </system-err>
            <failure message="expected { success: false, …(1) } to match object { success: true }
(1 matching property omitted from actual)" type="AssertionError">
AssertionError: expected { success: false, …(1) } to match object { success: true }
(1 matching property omitted from actual)

- Expected
+ Received

  Object {
-   &quot;success&quot;: true,
+   &quot;success&quot;: false,
  }

 ❯ configuration.test.ts:38:61
            </failure>
        </testcase>
        <testcase classname="configuration.test.ts" name="TC-SC-005 / read-only-storage fails before backend initialization and succeeds after repair" time="0.0232414">
            <system-out>
🔧 Loading VideoRAG configuration...
📁 Bootstrap config not found, using defaults
🔧 Loaded settings: {
  openaiBaseUrl: &apos;https://api.openai.com/v1&apos;,
  dashscopeBaseUrl: &apos;https://dashscope.aliyuncs.com/compatible-mode/v1&apos;,
  processingModel: &apos;gpt-4o-mini&apos;,
  analysisModel: &apos;gpt-4o-mini&apos;,
  openaiApiKey: &apos;NOT_SET&apos;,
  dashscopeApiKey: &apos;NOT_SET&apos;,
  storeDirectory: &apos;&apos;
}
🔧 VideoRAG configuration validation: {
  ali_dashscope_api_key: &apos;❌ MISSING&apos;,
  ali_dashscope_base_url: &apos;✅ SET (default allowed)&apos;,
  openai_api_key: &apos;❌ MISSING&apos;,
  openai_base_url: &apos;✅ SET (default allowed)&apos;,
  image_bind_model_path: &apos;❌ MISSING&apos;,
  base_storage_path: &apos;❌ MISSING&apos;,
  analysisModel: &apos;✅ SET (default allowed)&apos;,
  processingModel: &apos;✅ SET (default allowed)&apos;,
  caption_model: &apos;✅ SET (default allowed)&apos;,
  asr_model: &apos;✅ SET (default allowed)&apos;
}
🛑 Stopping VideoRAG service due to configuration errors...
🔧 Loading VideoRAG configuration...
📁 Bootstrap config not found, using defaults
🔧 Loaded settings: {
  openaiBaseUrl: &apos;https://api.openai.com/v1&apos;,
  dashscopeBaseUrl: &apos;https://dashscope.aliyuncs.com/compatible-mode/v1&apos;,
  processingModel: &apos;gpt-4o-mini&apos;,
  analysisModel: &apos;gpt-4o-mini&apos;,
  openaiApiKey: &apos;NOT_SET&apos;,
  dashscopeApiKey: &apos;NOT_SET&apos;,
  storeDirectory: &apos;&apos;
}
🔧 VideoRAG configuration validation: {
  ali_dashscope_api_key: &apos;❌ MISSING&apos;,
  ali_dashscope_base_url: &apos;✅ SET (default allowed)&apos;,
  openai_api_key: &apos;❌ MISSING&apos;,
  openai_base_url: &apos;✅ SET (default allowed)&apos;,
  image_bind_model_path: &apos;❌ MISSING&apos;,
  base_storage_path: &apos;❌ MISSING&apos;,
  analysisModel: &apos;✅ SET (default allowed)&apos;,
  processingModel: &apos;✅ SET (default allowed)&apos;,
  caption_model: &apos;✅ SET (default allowed)&apos;,
  asr_model: &apos;✅ SET (default allowed)&apos;
}
🛑 Stopping VideoRAG service due to configuration errors...

            </system-out>
            <system-err>
❌ VideoRAG configuration validation failed!

Missing required fields:
  • Ali Dashscope API Key (dashscopeApiKey)
  • OpenAI API Key (openaiApiKey)
  • Base Storage Path (storeDirectory)
  • ImageBind Model Path (storeDirectory + imagebind_huge/imagebind_huge.pth)

Please run the initialization wizard to configure these settings.
❌ VideoRAG configuration initialization failed: Error: Missing required configuration fields: Ali Dashscope API Key (dashscopeApiKey), OpenAI API Key (openaiApiKey), Base Storage Path (storeDirectory), ImageBind Model Path (storeDirectory + imagebind_huge/imagebind_huge.pth)
    at initializeVideoRAGConfig (D:\Code\text\test-videorag\Vimo-desktop\src\main\handlers\videorag-handlers.ts:314:13)
    at processTicksAndRejections (node:internal/process/task_queues:105:5)
    at D:\Code\text\test-videorag\Vimo-desktop\src\main\handlers\videorag-handlers.ts:643:7
    at D:\Code\text\test-videorag\Vimo-desktop\test_startup_configuration\configuration.test.ts:30:21
    at file:///D:/Code/text/test-videorag/Vimo-desktop/test_communication/node_modules/@vitest/runner/dist/index.js:533:5
    at runTest (file:///D:/Code/text/test-videorag/Vimo-desktop/test_communication/node_modules/@vitest/runner/dist/index.js:1056:11)
    at runSuite (file:///D:/Code/text/test-videorag/Vimo-desktop/test_communication/node_modules/@vitest/runner/dist/index.js:1205:15)
    at runFiles (file:///D:/Code/text/test-videorag/Vimo-desktop/test_communication/node_modules/@vitest/runner/dist/index.js:1262:5)
    at startTests (file:///D:/Code/text/test-videorag/Vimo-desktop/test_communication/node_modules/@vitest/runner/dist/index.js:1271:3)
    at file:///D:/Code/text/test-videorag/Vimo-desktop/test_communication/node_modules/vitest/dist/chunks/runBaseTests.3qpJUEJM.js:126:11
❌ VideoRAG configuration validation failed!

Missing required fields:
  • Ali Dashscope API Key (dashscopeApiKey)
  • OpenAI API Key (openaiApiKey)
  • Base Storage Path (storeDirectory)
  • ImageBind Model Path (storeDirectory + imagebind_huge/imagebind_huge.pth)

Please run the initialization wizard to configure these settings.
❌ VideoRAG configuration initialization failed: Error: Missing required configuration fields: Ali Dashscope API Key (dashscopeApiKey), OpenAI API Key (openaiApiKey), Base Storage Path (storeDirectory), ImageBind Model Path (storeDirectory + imagebind_huge/imagebind_huge.pth)
    at initializeVideoRAGConfig (D:\Code\text\test-videorag\Vimo-desktop\src\main\handlers\videorag-handlers.ts:314:13)
    at processTicksAndRejections (node:internal/process/task_queues:105:5)
    at D:\Code\text\test-videorag\Vimo-desktop\src\main\handlers\videorag-handlers.ts:643:7
    at D:\Code\text\test-videorag\Vimo-desktop\test_startup_configuration\configuration.test.ts:38:12
    at file:///D:/Code/text/test-videorag/Vimo-desktop/test_communication/node_modules/@vitest/runner/dist/index.js:533:5
    at runTest (file:///D:/Code/text/test-videorag/Vimo-desktop/test_communication/node_modules/@vitest/runner/dist/index.js:1056:11)
    at runSuite (file:///D:/Code/text/test-videorag/Vimo-desktop/test_communication/node_modules/@vitest/runner/dist/index.js:1205:15)
    at runFiles (file:///D:/Code/text/test-videorag/Vimo-desktop/test_communication/node_modules/@vitest/runner/dist/index.js:1262:5)
    at startTests (file:///D:/Code/text/test-videorag/Vimo-desktop/test_communication/node_modules/@vitest/runner/dist/index.js:1271:3)
    at file:///D:/Code/text/test-videorag/Vimo-desktop/test_communication/node_modules/vitest/dist/chunks/runBaseTests.3qpJUEJM.js:126:11

            </system-err>
            <failure message="expected { success: false, …(1) } to match object { success: true }
(1 matching property omitted from actual)" type="AssertionError">
AssertionError: expected { success: false, …(1) } to match object { success: true }
(1 matching property omitted from actual)

- Expected
+ Received

  Object {
-   &quot;success&quot;: true,
+   &quot;success&quot;: false,
  }

 ❯ configuration.test.ts:38:61
            </failure>
        </testcase>
    </testsuite>
    <testsuite name="startup.test.ts" timestamp="2026-09-21T11:24:11.136Z" hostname="LAPTOP-E0T3TRBE" tests="5" failures="4" errors="0" skipped="0" time="0.4249952">
        <testcase classname="startup.test.ts" name="TC-SC-001 / missing-packaged-executable rejects without spawning or scanning" time="0.1836156">
            <system-out>
🚀 Production mode - starting packaged backend service

            </system-out>
            <system-err>
❌ Packaged executable not found at: D:\sc-fixture\resources\python_backend\dist\videorag_api\videorag_api.exe

            </system-err>
        </testcase>
        <testcase classname="startup.test.ts" name="TC-SC-002 / connection-refused exits within the scan and elapsed-time budgets" time="0.0927903">
            <system-out>
🚀 Development mode detected - skipping backend service startup
💡 In development, scanning for manually started Python backend...
⏳ Initial timeout reached, starting continuous service detection...
🔍 Scanning attempt 1/1000000...
🔍 Scanning for VideoRAG service on ports 64451-64470...
🔍 Port 64451 not ready yet (connection refused)
🔍 Port 64452 not ready yet (connection refused)
🔍 Port 64453 not ready yet (connection refused)
🔍 Port 64454 not ready yet (connection refused)
🔍 Port 64455 not ready yet (connection refused)
🔍 Port 64456 not ready yet (connection refused)
🔍 Port 64457 not ready yet (connection refused)
🔍 Port 64458 not ready yet (connection refused)
🔍 Port 64459 not ready yet (connection refused)
🔍 Port 64460 not ready yet (connection refused)
🔍 Port 64461 not ready yet (connection refused)
🔍 Port 64462 not ready yet (connection refused)
🔍 Port 64463 not ready yet (connection refused)
🔍 Port 64464 not ready yet (connection refused)
🔍 Port 64465 not ready yet (connection refused)
🔍 Port 64466 not ready yet (connection refused)
🔍 Port 64467 not ready yet (connection refused)
🔍 Port 64468 not ready yet (connection refused)
🔍 Port 64469 not ready yet (connection refused)
🔍 Port 64470 not ready yet (connection refused)
❌ No VideoRAG service found in port range 64451-64470
❌ Service not found, retrying in 3 seconds... (1/1000000)
🔍 Scanning attempt 2/1000000...
🔍 Scanning for VideoRAG service on ports 64451-64470...
🔍 Port 64451 not ready yet (connection refused)
🔍 Port 64452 not ready yet (connection refused)
🔍 Port 64453 not ready yet (connection refused)
🔍 Port 64454 not ready yet (connection refused)
🔍 Port 64455 not ready yet (connection refused)
🔍 Port 64456 not ready yet (connection refused)
🔍 Port 64457 not ready yet (connection refused)
🔍 Port 64458 not ready yet (connection refused)
🔍 Port 64459 not ready yet (connection refused)
🔍 Port 64460 not ready yet (connection refused)
🔍 Port 64461 not ready yet (connection refused)
🔍 Port 64462 not ready yet (connection refused)
🔍 Port 64463 not ready yet (connection refused)
🔍 Port 64464 not ready yet (connection refused)
🔍 Port 64465 not ready yet (connection refused)
🔍 Port 64466 not ready yet (connection refused)
🔍 Port 64467 not ready yet (connection refused)
🔍 Port 64468 not ready yet (connection refused)
🔍 Port 64469 not ready yet (connection refused)
🔍 Port 64470 not ready yet (connection refused)
❌ No VideoRAG service found in port range 64451-64470
❌ Service not found, retrying in 3 seconds... (2/1000000)
🔍 Scanning attempt 3/1000000...
🔍 Scanning for VideoRAG service on ports 64451-64470...
🔍 Port 64451 not ready yet (connection refused)
🔍 Port 64452 not ready yet (connection refused)
🔍 Port 64453 not ready yet (connection refused)
🔍 Port 64454 not ready yet (connection refused)
🔍 Port 64455 not ready yet (connection refused)
🔍 Port 64456 not ready yet (connection refused)
🔍 Port 64457 not ready yet (connection refused)
🔍 Port 64458 not ready yet (connection refused)
🔍 Port 64459 not ready yet (connection refused)
🔍 Port 64460 not ready yet (connection refused)
🔍 Port 64461 not ready yet (connection refused)
🔍 Port 64462 not ready yet (connection refused)
🔍 Port 64463 not ready yet (connection refused)
🔍 Port 64464 not ready yet (connection refused)
🔍 Port 64465 not ready yet (connection refused)
🔍 Port 64466 not ready yet (connection refused)
🔍 Port 64467 not ready yet (connection refused)
🔍 Port 64468 not ready yet (connection refused)
🔍 Port 64469 not ready yet (connection refused)
🔍 Port 64470 not ready yet (connection refused)
❌ No VideoRAG service found in port range 64451-64470
❌ Service not found, retrying in 3 seconds... (3/1000000)
🔍 Scanning attempt 4/1000000...
🔍 Scanning for VideoRAG service on ports 64451-64470...
🔍 Port 64451 not ready yet (connection refused)
🔍 Port 64452 not ready yet (connection refused)
🔍 Port 64453 not ready yet (connection refused)
🔍 Port 64454 not ready yet (connection refused)
🔍 Port 64455 not ready yet (connection refused)
🔍 Port 64456 not ready yet (connection refused)
🔍 Port 64457 not ready yet (connection refused)
🔍 Port 64458 not ready yet (connection refused)
🔍 Port 64459 not ready yet (connection refused)
🔍 Port 64460 not ready yet (connection refused)
🔍 Port 64461 not ready yet (connection refused)
🔍 Port 64462 not ready yet (connection refused)
🔍 Port 64463 not ready yet (connection refused)
🔍 Port 64464 not ready yet (connection refused)
🔍 Port 64465 not ready yet (connection refused)
🔍 Port 64466 not ready yet (connection refused)
🔍 Port 64467 not ready yet (connection refused)
🔍 Port 64468 not ready yet (connection refused)
🔍 Port 64469 not ready yet (connection refused)
🔍 Port 64470 not ready yet (connection refused)
❌ No VideoRAG service found in port range 64451-64470
❌ Service not found, retrying in 3 seconds... (4/1000000)
🔍 Scanning attempt 5/1000000...
🔍 Scanning for VideoRAG service on ports 64451-64470...
🔍 Port 64451 not ready yet (connection refused)
🔍 Port 64452 not ready yet (connection refused)
🔍 Port 64453 not ready yet (connection refused)
🔍 Port 64454 not ready yet (connection refused)
🔍 Port 64455 not ready yet (connection refused)
🔍 Port 64456 not ready yet (connection refused)
🔍 Port 64457 not ready yet (connection refused)
🔍 Port 64458 not ready yet (connection refused)
🔍 Port 64459 not ready yet (connection refused)
🔍 Port 64460 not ready yet (connection refused)
🔍 Port 64461 not ready yet (connection refused)
🔍 Port 64462 not ready yet (connection refused)
🔍 Port 64463 not ready yet (connection refused)
🔍 Port 64464 not ready yet (connection refused)
🔍 Port 64465 not ready yet (connection refused)
🔍 Port 64466 not ready yet (connection refused)
🔍 Port 64467 not ready yet (connection refused)
🔍 Port 64468 not ready yet (connection refused)
🔍 Port 64469 not ready yet (connection refused)
🔍 Port 64470 not ready yet (connection refused)
❌ No VideoRAG service found in port range 64451-64470
❌ Service not found, retrying in 3 seconds... (5/1000000)
🔍 Scanning attempt 6/1000000...
🔍 Scanning for VideoRAG service on ports 64451-64470...
🔍 Port 64451 not ready yet (connection refused)
🔍 Port 64452 not ready yet (connection refused)
🔍 Port 64453 not ready yet (connection refused)
🔍 Port 64454 not ready yet (connection refused)
🔍 Port 64455 not ready yet (connection refused)
🔍 Port 64456 not ready yet (connection refused)
🔍 Port 64457 not ready yet (connection refused)
🔍 Port 64458 not ready yet (connection refused)
🔍 Port 64459 not ready yet (connection refused)
🔍 Port 64460 not ready yet (connection refused)
🔍 Port 64461 not ready yet (connection refused)
🔍 Port 64462 not ready yet (connection refused)
🔍 Port 64463 not ready yet (connection refused)
🔍 Port 64464 not ready yet (connection refused)
🔍 Port 64465 not ready yet (connection refused)
🔍 Port 64466 not ready yet (connection refused)
🔍 Port 64467 not ready yet (connection refused)
🔍 Port 64468 not ready yet (connection refused)
🔍 Port 64469 not ready yet (connection refused)
🔍 Port 64470 not ready yet (connection refused)
❌ No VideoRAG service found in port range 64451-64470
❌ Service not found, retrying in 3 seconds... (6/1000000)

🔍 Scanning attempt 7/1000000...
🔍 Scanning for VideoRAG service on ports 64451-64470...
🔍 Port 64451 not ready yet (connection refused)
🔍 Port 64452 not ready yet (connection refused)
🔍 Port 64453 not ready yet (connection refused)
🔍 Port 64454 not ready yet (connection refused)
🔍 Port 64455 not ready yet (connection refused)
🔍 Port 64456 not ready yet (connection refused)
🔍 Port 64457 not ready yet (connection refused)
🔍 Port 64458 not ready yet (connection refused)
🔍 Port 64459 not ready yet (connection refused)
🔍 Port 64460 not ready yet (connection refused)
🔍 Port 64461 not ready yet (connection refused)
🔍 Port 64462 not ready yet (connection refused)
🔍 Port 64463 not ready yet (connection refused)
🔍 Port 64464 not ready yet (connection refused)
🔍 Port 64465 not ready yet (connection refused)
🔍 Port 64466 not ready yet (connection refused)
🔍 Port 64467 not ready yet (connection refused)
🔍 Port 64468 not ready yet (connection refused)
🔍 Port 64469 not ready yet (connection refused)
🔍 Port 64470 not ready yet (connection refused)
❌ No VideoRAG service found in port range 64451-64470
❌ Service not found, retrying in 3 seconds... (7/1000000)
🔍 Scanning attempt 8/1000000...
🔍 Scanning for VideoRAG service on ports 64451-64470...
🔍 Port 64451 not ready yet (connection refused)
🔍 Port 64452 not ready yet (connection refused)
🔍 Port 64453 not ready yet (connection refused)
🔍 Port 64454 not ready yet (connection refused)
🔍 Port 64455 not ready yet (connection refused)
🔍 Port 64456 not ready yet (connection refused)
🔍 Port 64457 not ready yet (connection refused)
🔍 Port 64458 not ready yet (connection refused)
🔍 Port 64459 not ready yet (connection refused)
🔍 Port 64460 not ready yet (connection refused)
🔍 Port 64461 not ready yet (connection refused)
🔍 Port 64462 not ready yet (connection refused)
🔍 Port 64463 not ready yet (connection refused)
🔍 Port 64464 not ready yet (connection refused)
🔍 Port 64465 not ready yet (connection refused)
🔍 Port 64466 not ready yet (connection refused)
🔍 Port 64467 not ready yet (connection refused)
🔍 Port 64468 not ready yet (connection refused)
🔍 Port 64469 not ready yet (connection refused)
🔍 Port 64470 not ready yet (connection refused)
❌ No VideoRAG service found in port range 64451-64470
❌ Service not found, retrying in 3 seconds... (8/1000000)

🔍 Scanning attempt 9/1000000...
🔍 Scanning for VideoRAG service on ports 64451-64470...
🔍 Port 64451 not ready yet (connection refused)
🔍 Port 64452 not ready yet (connection refused)
🔍 Port 64453 not ready yet (connection refused)
🔍 Port 64454 not ready yet (connection refused)
🔍 Port 64455 not ready yet (connection refused)
🔍 Port 64456 not ready yet (connection refused)
🔍 Port 64457 not ready yet (connection refused)
🔍 Port 64458 not ready yet (connection refused)
🔍 Port 64459 not ready yet (connection refused)
🔍 Port 64460 not ready yet (connection refused)
🔍 Port 64461 not ready yet (connection refused)
🔍 Port 64462 not ready yet (connection refused)
🔍 Port 64463 not ready yet (connection refused)
🔍 Port 64464 not ready yet (connection refused)
🔍 Port 64465 not ready yet (connection refused)
🔍 Port 64466 not ready yet (connection refused)
🔍 Port 64467 not ready yet (connection refused)
🔍 Port 64468 not ready yet (connection refused)
🔍 Port 64469 not ready yet (connection refused)
🔍 Port 64470 not ready yet (connection refused)
❌ No VideoRAG service found in port range 64451-64470
❌ Service not found, retrying in 3 seconds... (9/1000000)
🔍 Scanning attempt 10/1000000...
🔍 Scanning for VideoRAG service on ports 64451-64470...
🔍 Port 64451 not ready yet (connection refused)
🔍 Port 64452 not ready yet (connection refused)
🔍 Port 64453 not ready yet (connection refused)
🔍 Port 64454 not ready yet (connection refused)
🔍 Port 64455 not ready yet (connection refused)
🔍 Port 64456 not ready yet (connection refused)
🔍 Port 64457 not ready yet (connection refused)
🔍 Port 64458 not ready yet (connection refused)
🔍 Port 64459 not ready yet (connection refused)
🔍 Port 64460 not ready yet (connection refused)
🔍 Port 64461 not ready yet (connection refused)
🔍 Port 64462 not ready yet (connection refused)
🔍 Port 64463 not ready yet (connection refused)
🔍 Port 64464 not ready yet (connection refused)
🔍 Port 64465 not ready yet (connection refused)
🔍 Port 64466 not ready yet (connection refused)
🔍 Port 64467 not ready yet (connection refused)
🔍 Port 64468 not ready yet (connection refused)
🔍 Port 64469 not ready yet (connection refused)
🔍 Port 64470 not ready yet (connection refused)
❌ No VideoRAG service found in port range 64451-64470
❌ Service not found, retrying in 3 seconds... (10/1000000)
🔍 Scanning attempt 11/1000000...
🔍 Scanning for VideoRAG service on ports 64451-64470...
🔍 Port 64451 not ready yet (connection refused)
🔍 Port 64452 not ready yet (connection refused)
🔍 Port 64453 not ready yet (connection refused)
🔍 Port 64454 not ready yet (connection refused)
🔍 Port 64455 not ready yet (connection refused)
🔍 Port 64456 not ready yet (connection refused)
🔍 Port 64457 not ready yet (connection refused)
🔍 Port 64458 not ready yet (connection refused)
🔍 Port 64459 not ready yet (connection refused)
🔍 Port 64460 not ready yet (connection refused)
🔍 Port 64461 not ready yet (connection refused)
🔍 Port 64462 not ready yet (connection refused)
🔍 Port 64463 not ready yet (connection refused)
🔍 Port 64464 not ready yet (connection refused)
🔍 Port 64465 not ready yet (connection refused)
🔍 Port 64466 not ready yet (connection refused)
🔍 Port 64467 not ready yet (connection refused)
🔍 Port 64468 not ready yet (connection refused)
🔍 Port 64469 not ready yet (connection refused)
🔍 Port 64470 not ready yet (connection refused)
❌ No VideoRAG service found in port range 64451-64470
❌ Service not found, retrying in 3 seconds... (11/1000000)
🔍 Scanning attempt 12/1000000...
🔍 Scanning for VideoRAG service on ports 64451-64470...
🔍 Port 64451 not ready yet (connection refused)
🔍 Port 64452 not ready yet (connection refused)
🔍 Port 64453 not ready yet (connection refused)
🔍 Port 64454 not ready yet (connection refused)
🔍 Port 64455 not ready yet (connection refused)
🔍 Port 64456 not ready yet (connection refused)
🔍 Port 64457 not ready yet (connection refused)
🔍 Port 64458 not ready yet (connection refused)
🔍 Port 64459 not ready yet (connection refused)
🔍 Port 64460 not ready yet (connection refused)
🔍 Port 64461 not ready yet (connection refused)
🔍 Port 64462 not ready yet (connection refused)
🔍 Port 64463 not ready yet (connection refused)
🔍 Port 64464 not ready yet (connection refused)
🔍 Port 64465 not ready yet (connection refused)
🔍 Port 64466 not ready yet (connection refused)
🔍 Port 64467 not ready yet (connection refused)
🔍 Port 64468 not ready yet (connection refused)
🔍 Port 64469 not ready yet (connection refused)
🔍 Port 64470 not ready yet (connection refused)
❌ No VideoRAG service found in port range 64451-64470
❌ Service not found, retrying in 3 seconds... (12/1000000)
🔍 Scanning attempt 13/1000000...
🔍 Scanning for VideoRAG service on ports 64451-64470...
🔍 Port 64451 not ready yet (connection refused)
🔍 Port 64452 not ready yet (connection refused)
🔍 Port 64453 not ready yet (connection refused)
🔍 Port 64454 not ready yet (connection refused)
🔍 Port 64455 not ready yet (connection refused)
🔍 Port 64456 not ready yet (connection refused)
🔍 Port 64457 not ready yet (connection refused)
🔍 Port 64458 not ready yet (connection refused)
🔍 Port 64459 not ready yet (connection refused)
🔍 Port 64460 not ready yet (connection refused)
🔍 Port 64461 not ready yet (connection refused)
🔍 Port 64462 not ready yet (connection refused)
🔍 Port 64463 not ready yet (connection refused)
🔍 Port 64464 not ready yet (connection refused)
🔍 Port 64465 not ready yet (connection refused)
🔍 Port 64466 not ready yet (connection refused)
🔍 Port 64467 not ready yet (connection refused)
🔍 Port 64468 not ready yet (connection refused)
🔍 Port 64469 not ready yet (connection refused)
🔍 Port 64470 not ready yet (connection refused)
❌ No VideoRAG service found in port range 64451-64470
❌ Service not found, retrying in 3 seconds... (13/1000000)
🔍 Scanning attempt 14/1000000...
🔍 Scanning for VideoRAG service on ports 64451-64470...
🔍 Port 64451 not ready yet (connection refused)
🔍 Port 64452 not ready yet (connection refused)
🔍 Port 64453 not ready yet (connection refused)
🔍 Port 64454 not ready yet (connection refused)
🔍 Port 64455 not ready yet (connection refused)
🔍 Port 64456 not ready yet (connection refused)
🔍 Port 64457 not ready yet (connection refused)
🔍 Port 64458 not ready yet (connection refused)
🔍 Port 64459 not ready yet (connection refused)
🔍 Port 64460 not ready yet (connection refused)
🔍 Port 64461 not ready yet (connection refused)
🔍 Port 64462 not ready yet (connection refused)
🔍 Port 64463 not ready yet (connection refused)
🔍 Port 64464 not ready yet (connection refused)
🔍 Port 64465 not ready yet (connection refused)
🔍 Port 64466 not ready yet (connection refused)
🔍 Port 64467 not ready yet (connection refused)
🔍 Port 64468 not ready yet (connection refused)
🔍 Port 64469 not ready yet (connection refused)
🔍 Port 64470 not ready yet (connection refused)
❌ No VideoRAG service found in port range 64451-64470
❌ Service not found, retrying in 3 seconds... (14/1000000)
🔍 Scanning attempt 15/1000000...
🔍 Scanning for VideoRAG service on ports 64451-64470...
🔍 Port 64451 not ready yet (connection refused)
🔍 Port 64452 not ready yet (connection refused)
🔍 Port 64453 not ready yet (connection refused)
🔍 Port 64454 not ready yet (connection refused)
🔍 Port 64455 not ready yet (connection refused)
🔍 Port 64456 not ready yet (connection refused)
🔍 Port 64457 not ready yet (connection refused)
🔍 Port 64458 not ready yet (connection refused)
🔍 Port 64459 not ready yet (connection refused)
🔍 Port 64460 not ready yet (connection refused)
🔍 Port 64461 not ready yet (connection refused)
🔍 Port 64462 not ready yet (connection refused)
🔍 Port 64463 not ready yet (connection refused)
🔍 Port 64464 not ready yet (connection refused)
🔍 Port 64465 not ready yet (connection refused)
🔍 Port 64466 not ready yet (connection refused)
🔍 Port 64467 not ready yet (connection refused)
🔍 Port 64468 not ready yet (connection refused)
🔍 Port 64469 not ready yet (connection refused)
🔍 Port 64470 not ready yet (connection refused)
❌ No VideoRAG service found in port range 64451-64470
❌ Service not found, retrying in 3 seconds... (15/1000000)
🔍 Scanning attempt 16/1000000...
🔍 Scanning for VideoRAG service on ports 64451-64470...
🔍 Port 64451 not ready yet (connection refused)
🔍 Port 64452 not ready yet (connection refused)
🔍 Port 64453 not ready yet (connection refused)
🔍 Port 64454 not ready yet (connection refused)
🔍 Port 64455 not ready yet (connection refused)
🔍 Port 64456 not ready yet (connection refused)
🔍 Port 64457 not ready yet (connection refused)
🔍 Port 64458 not ready yet (connection refused)
🔍 Port 64459 not ready yet (connection refused)
🔍 Port 64460 not ready yet (connection refused)
🔍 Port 64461 not ready yet (connection refused)
🔍 Port 64462 not ready yet (connection refused)
🔍 Port 64463 not ready yet (connection refused)
🔍 Port 64464 not ready yet (connection refused)
🔍 Port 64465 not ready yet (connection refused)
🔍 Port 64466 not ready yet (connection refused)
🔍 Port 64467 not ready yet (connection refused)
🔍 Port 64468 not ready yet (connection refused)
🔍 Port 64469 not ready yet (connection refused)
🔍 Port 64470 not ready yet (connection refused)
❌ No VideoRAG service found in port range 64451-64470
❌ Service not found, retrying in 3 seconds... (16/1000000)
🔍 Scanning attempt 17/1000000...
🔍 Scanning for VideoRAG service on ports 64451-64470...
🔍 Port 64451 not ready yet (connection refused)
🔍 Port 64452 not ready yet (connection refused)
🔍 Port 64453 not ready yet (connection refused)
🔍 Port 64454 not ready yet (connection refused)
🔍 Port 64455 not ready yet (connection refused)
🔍 Port 64456 not ready yet (connection refused)
🔍 Port 64457 not ready yet (connection refused)
🔍 Port 64458 not ready yet (connection refused)
🔍 Port 64459 not ready yet (connection refused)
🔍 Port 64460 not ready yet (connection refused)
🔍 Port 64461 not ready yet (connection refused)
🔍 Port 64462 not ready yet (connection refused)
🔍 Port 64463 not ready yet (connection refused)
🔍 Port 64464 not ready yet (connection refused)
🔍 Port 64465 not ready yet (connection refused)
🔍 Port 64466 not ready yet (connection refused)
🔍 Port 64467 not ready yet (connection refused)
🔍 Port 64468 not ready yet (connection refused)
🔍 Port 64469 not ready yet (connection refused)
🔍 Port 64470 not ready yet (connection refused)
❌ No VideoRAG service found in port range 64451-64470
❌ Service not found, retrying in 3 seconds... (17/1000000)

            </system-out>
            <failure message="Startup must have rejected, not remain pending: expected &apos;pending&apos; to be &apos;rejected&apos; // Object.is equality" type="AssertionError">
AssertionError: Startup must have rejected, not remain pending: expected &apos;pending&apos; to be &apos;rejected&apos; // Object.is equality

Expected: &quot;rejected&quot;
Received: &quot;pending&quot;

 ❯ startup.test.ts:25:83
            </failure>
            <failure message="At most 3 complete scans of 20 ports: expected 340 to be less than or equal to 60" type="AssertionError">
AssertionError: At most 3 complete scans of 20 ports: expected 340 to be less than or equal to 60
 ❯ startup.test.ts:26:79
            </failure>
            <failure message="No retry or in-flight timeout survives the budget: expected 1 to be +0 // Object.is equality" type="AssertionError">
AssertionError: No retry or in-flight timeout survives the budget: expected 1 to be +0 // Object.is equality

- Expected
+ Received

- 0
+ 1

 ❯ startup.test.ts:27:90
            </failure>
        </testcase>
        <testcase classname="startup.test.ts" name="TC-SC-002 / request-timeout exits within the scan and elapsed-time budgets" time="0.0333208">
            <system-out>
🚀 Development mode detected - skipping backend service startup
💡 In development, scanning for manually started Python backend...
⏳ Initial timeout reached, starting continuous service detection...
🔍 Scanning attempt 1/1000000...
🔍 Scanning for VideoRAG service on ports 64451-64470...
🔍 Health check failed on port 64451: request-timeout
🔍 Health check failed on port 64452: request-timeout
🔍 Health check failed on port 64453: request-timeout
🔍 Health check failed on port 64454: request-timeout
🔍 Health check failed on port 64455: request-timeout

🔍 Health check failed on port 64456: request-timeout
🔍 Health check failed on port 64457: request-timeout
🔍 Health check failed on port 64458: request-timeout
🔍 Health check failed on port 64459: request-timeout
🔍 Health check failed on port 64460: request-timeout

            </system-out>
            <failure message="Startup must have rejected, not remain pending: expected &apos;pending&apos; to be &apos;rejected&apos; // Object.is equality" type="AssertionError">
AssertionError: Startup must have rejected, not remain pending: expected &apos;pending&apos; to be &apos;rejected&apos; // Object.is equality

Expected: &quot;rejected&quot;
Received: &quot;pending&quot;

 ❯ startup.test.ts:25:83
            </failure>
            <failure message="No retry or in-flight timeout survives the budget: expected 1 to be +0 // Object.is equality" type="AssertionError">
AssertionError: No retry or in-flight timeout survives the budget: expected 1 to be +0 // Object.is equality

- Expected
+ Received

- 0
+ 1

 ❯ startup.test.ts:27:90
            </failure>
        </testcase>
        <testcase classname="startup.test.ts" name="TC-SC-002 / recovery starts a fresh attempt without old scans initializing again" time="0.0812908">
            <system-out>
🚀 Development mode detected - skipping backend service startup
💡 In development, scanning for manually started Python backend...
⏳ Initial timeout reached, starting continuous service detection...
🔍 Scanning attempt 1/1000000...
🔍 Scanning for VideoRAG service on ports 64451-64470...
🔍 Port 64451 not ready yet (connection refused)
🔍 Port 64452 not ready yet (connection refused)
🔍 Port 64453 not ready yet (connection refused)
🔍 Port 64454 not ready yet (connection refused)
🔍 Port 64455 not ready yet (connection refused)
🔍 Port 64456 not ready yet (connection refused)
🔍 Port 64457 not ready yet (connection refused)
🔍 Port 64458 not ready yet (connection refused)
🔍 Port 64459 not ready yet (connection refused)
🔍 Port 64460 not ready yet (connection refused)
🔍 Port 64461 not ready yet (connection refused)
🔍 Port 64462 not ready yet (connection refused)
🔍 Port 64463 not ready yet (connection refused)
🔍 Port 64464 not ready yet (connection refused)
🔍 Port 64465 not ready yet (connection refused)
🔍 Port 64466 not ready yet (connection refused)
🔍 Port 64467 not ready yet (connection refused)
🔍 Port 64468 not ready yet (connection refused)
🔍 Port 64469 not ready yet (connection refused)
🔍 Port 64470 not ready yet (connection refused)
❌ No VideoRAG service found in port range 64451-64470
❌ Service not found, retrying in 3 seconds... (1/1000000)
🔍 Scanning attempt 2/1000000...
🔍 Scanning for VideoRAG service on ports 64451-64470...
🔍 Port 64451 not ready yet (connection refused)
🔍 Port 64452 not ready yet (connection refused)
🔍 Port 64453 not ready yet (connection refused)
🔍 Port 64454 not ready yet (connection refused)
🔍 Port 64455 not ready yet (connection refused)
🔍 Port 64456 not ready yet (connection refused)
🔍 Port 64457 not ready yet (connection refused)
🔍 Port 64458 not ready yet (connection refused)
🔍 Port 64459 not ready yet (connection refused)
🔍 Port 64460 not ready yet (connection refused)
🔍 Port 64461 not ready yet (connection refused)
🔍 Port 64462 not ready yet (connection refused)
🔍 Port 64463 not ready yet (connection refused)
🔍 Port 64464 not ready yet (connection refused)
🔍 Port 64465 not ready yet (connection refused)
🔍 Port 64466 not ready yet (connection refused)
🔍 Port 64467 not ready yet (connection refused)
🔍 Port 64468 not ready yet (connection refused)
🔍 Port 64469 not ready yet (connection refused)
🔍 Port 64470 not ready yet (connection refused)
❌ No VideoRAG service found in port range 64451-64470
❌ Service not found, retrying in 3 seconds... (2/1000000)
🔍 Scanning attempt 3/1000000...
🔍 Scanning for VideoRAG service on ports 64451-64470...
🔍 Port 64451 not ready yet (connection refused)
🔍 Port 64452 not ready yet (connection refused)
🔍 Port 64453 not ready yet (connection refused)
🔍 Port 64454 not ready yet (connection refused)
🔍 Port 64455 not ready yet (connection refused)
🔍 Port 64456 not ready yet (connection refused)
🔍 Port 64457 not ready yet (connection refused)
🔍 Port 64458 not ready yet (connection refused)
🔍 Port 64459 not ready yet (connection refused)
🔍 Port 64460 not ready yet (connection refused)
🔍 Port 64461 not ready yet (connection refused)
🔍 Port 64462 not ready yet (connection refused)
🔍 Port 64463 not ready yet (connection refused)
🔍 Port 64464 not ready yet (connection refused)
🔍 Port 64465 not ready yet (connection refused)
🔍 Port 64466 not ready yet (connection refused)
🔍 Port 64467 not ready yet (connection refused)
🔍 Port 64468 not ready yet (connection refused)
🔍 Port 64469 not ready yet (connection refused)
🔍 Port 64470 not ready yet (connection refused)
❌ No VideoRAG service found in port range 64451-64470
❌ Service not found, retrying in 3 seconds... (3/1000000)
🔍 Scanning attempt 4/1000000...
🔍 Scanning for VideoRAG service on ports 64451-64470...
🔍 Port 64451 not ready yet (connection refused)
🔍 Port 64452 not ready yet (connection refused)
🔍 Port 64453 not ready yet (connection refused)
🔍 Port 64454 not ready yet (connection refused)
🔍 Port 64455 not ready yet (connection refused)
🔍 Port 64456 not ready yet (connection refused)
🔍 Port 64457 not ready yet (connection refused)
🔍 Port 64458 not ready yet (connection refused)
🔍 Port 64459 not ready yet (connection refused)
🔍 Port 64460 not ready yet (connection refused)
🔍 Port 64461 not ready yet (connection refused)
🔍 Port 64462 not ready yet (connection refused)
🔍 Port 64463 not ready yet (connection refused)
🔍 Port 64464 not ready yet (connection refused)
🔍 Port 64465 not ready yet (connection refused)
🔍 Port 64466 not ready yet (connection refused)
🔍 Port 64467 not ready yet (connection refused)
🔍 Port 64468 not ready yet (connection refused)
🔍 Port 64469 not ready yet (connection refused)
🔍 Port 64470 not ready yet (connection refused)
❌ No VideoRAG service found in port range 64451-64470
❌ Service not found, retrying in 3 seconds... (4/1000000)
🔍 Scanning attempt 5/1000000...
🔍 Scanning for VideoRAG service on ports 64451-64470...
🔍 Port 64451 not ready yet (connection refused)
🔍 Port 64452 not ready yet (connection refused)
🔍 Port 64453 not ready yet (connection refused)
🔍 Port 64454 not ready yet (connection refused)
🔍 Port 64455 not ready yet (connection refused)
🔍 Port 64456 not ready yet (connection refused)
🔍 Port 64457 not ready yet (connection refused)
🔍 Port 64458 not ready yet (connection refused)
🔍 Port 64459 not ready yet (connection refused)
🔍 Port 64460 not ready yet (connection refused)
🔍 Port 64461 not ready yet (connection refused)
🔍 Port 64462 not ready yet (connection refused)
🔍 Port 64463 not ready yet (connection refused)
🔍 Port 64464 not ready yet (connection refused)
🔍 Port 64465 not ready yet (connection refused)
🔍 Port 64466 not ready yet (connection refused)
🔍 Port 64467 not ready yet (connection refused)
🔍 Port 64468 not ready yet (connection refused)
🔍 Port 64469 not ready yet (connection refused)
🔍 Port 64470 not ready yet (connection refused)
❌ No VideoRAG service found in port range 64451-64470
❌ Service not found, retrying in 3 seconds... (5/1000000)
🔍 Scanning attempt 6/1000000...
🔍 Scanning for VideoRAG service on ports 64451-64470...
🔍 Port 64451 not ready yet (connection refused)
🔍 Port 64452 not ready yet (connection refused)
🔍 Port 64453 not ready yet (connection refused)
🔍 Port 64454 not ready yet (connection refused)
🔍 Port 64455 not ready yet (connection refused)
🔍 Port 64456 not ready yet (connection refused)
🔍 Port 64457 not ready yet (connection refused)
🔍 Port 64458 not ready yet (connection refused)
🔍 Port 64459 not ready yet (connection refused)
🔍 Port 64460 not ready yet (connection refused)
🔍 Port 64461 not ready yet (connection refused)
🔍 Port 64462 not ready yet (connection refused)
🔍 Port 64463 not ready yet (connection refused)
🔍 Port 64464 not ready yet (connection refused)
🔍 Port 64465 not ready yet (connection refused)
🔍 Port 64466 not ready yet (connection refused)
🔍 Port 64467 not ready yet (connection refused)
🔍 Port 64468 not ready yet (connection refused)
🔍 Port 64469 not ready yet (connection refused)
🔍 Port 64470 not ready yet (connection refused)
❌ No VideoRAG service found in port range 64451-64470
❌ Service not found, retrying in 3 seconds... (6/1000000)
🔍 Scanning attempt 7/1000000...
🔍 Scanning for VideoRAG service on ports 64451-64470...
🔍 Port 64451 not ready yet (connection refused)
🔍 Port 64452 not ready yet (connection refused)
🔍 Port 64453 not ready yet (connection refused)
🔍 Port 64454 not ready yet (connection refused)
🔍 Port 64455 not ready yet (connection refused)
🔍 Port 64456 not ready yet (connection refused)
🔍 Port 64457 not ready yet (connection refused)
🔍 Port 64458 not ready yet (connection refused)
🔍 Port 64459 not ready yet (connection refused)
🔍 Port 64460 not ready yet (connection refused)
🔍 Port 64461 not ready yet (connection refused)
🔍 Port 64462 not ready yet (connection refused)
🔍 Port 64463 not ready yet (connection refused)
🔍 Port 64464 not ready yet (connection refused)
🔍 Port 64465 not ready yet (connection refused)
🔍 Port 64466 not ready yet (connection refused)
🔍 Port 64467 not ready yet (connection refused)
🔍 Port 64468 not ready yet (connection refused)
🔍 Port 64469 not ready yet (connection refused)
🔍 Port 64470 not ready yet (connection refused)
❌ No VideoRAG service found in port range 64451-64470
❌ Service not found, retrying in 3 seconds... (7/1000000)
🔍 Scanning attempt 8/1000000...
🔍 Scanning for VideoRAG service on ports 64451-64470...
🔍 Port 64451 not ready yet (connection refused)
🔍 Port 64452 not ready yet (connection refused)
🔍 Port 64453 not ready yet (connection refused)
🔍 Port 64454 not ready yet (connection refused)
🔍 Port 64455 not ready yet (connection refused)
🔍 Port 64456 not ready yet (connection refused)
🔍 Port 64457 not ready yet (connection refused)
🔍 Port 64458 not ready yet (connection refused)
🔍 Port 64459 not ready yet (connection refused)
🔍 Port 64460 not ready yet (connection refused)
🔍 Port 64461 not ready yet (connection refused)
🔍 Port 64462 not ready yet (connection refused)
🔍 Port 64463 not ready yet (connection refused)
🔍 Port 64464 not ready yet (connection refused)
🔍 Port 64465 not ready yet (connection refused)
🔍 Port 64466 not ready yet (connection refused)
🔍 Port 64467 not ready yet (connection refused)
🔍 Port 64468 not ready yet (connection refused)
🔍 Port 64469 not ready yet (connection refused)
🔍 Port 64470 not ready yet (connection refused)
❌ No VideoRAG service found in port range 64451-64470
❌ Service not found, retrying in 3 seconds... (8/1000000)
🔍 Scanning attempt 9/1000000...
🔍 Scanning for VideoRAG service on ports 64451-64470...
🔍 Port 64451 not ready yet (connection refused)
🔍 Port 64452 not ready yet (connection refused)
🔍 Port 64453 not ready yet (connection refused)
🔍 Port 64454 not ready yet (connection refused)
🔍 Port 64455 not ready yet (connection refused)
🔍 Port 64456 not ready yet (connection refused)
🔍 Port 64457 not ready yet (connection refused)
🔍 Port 64458 not ready yet (connection refused)
🔍 Port 64459 not ready yet (connection refused)
🔍 Port 64460 not ready yet (connection refused)
🔍 Port 64461 not ready yet (connection refused)
🔍 Port 64462 not ready yet (connection refused)
🔍 Port 64463 not ready yet (connection refused)
🔍 Port 64464 not ready yet (connection refused)
🔍 Port 64465 not ready yet (connection refused)
🔍 Port 64466 not ready yet (connection refused)
🔍 Port 64467 not ready yet (connection refused)
🔍 Port 64468 not ready yet (connection refused)
🔍 Port 64469 not ready yet (connection refused)
🔍 Port 64470 not ready yet (connection refused)
❌ No VideoRAG service found in port range 64451-64470
❌ Service not found, retrying in 3 seconds... (9/1000000)
🔍 Scanning attempt 10/1000000...
🔍 Scanning for VideoRAG service on ports 64451-64470...
🔍 Port 64451 not ready yet (connection refused)
🔍 Port 64452 not ready yet (connection refused)
🔍 Port 64453 not ready yet (connection refused)
🔍 Port 64454 not ready yet (connection refused)
🔍 Port 64455 not ready yet (connection refused)
🔍 Port 64456 not ready yet (connection refused)
🔍 Port 64457 not ready yet (connection refused)
🔍 Port 64458 not ready yet (connection refused)
🔍 Port 64459 not ready yet (connection refused)
🔍 Port 64460 not ready yet (connection refused)
🔍 Port 64461 not ready yet (connection refused)
🔍 Port 64462 not ready yet (connection refused)
🔍 Port 64463 not ready yet (connection refused)
🔍 Port 64464 not ready yet (connection refused)
🔍 Port 64465 not ready yet (connection refused)
🔍 Port 64466 not ready yet (connection refused)
🔍 Port 64467 not ready yet (connection refused)
🔍 Port 64468 not ready yet (connection refused)
🔍 Port 64469 not ready yet (connection refused)
🔍 Port 64470 not ready yet (connection refused)
❌ No VideoRAG service found in port range 64451-64470
❌ Service not found, retrying in 3 seconds... (10/1000000)
🔍 Scanning attempt 11/1000000...
🔍 Scanning for VideoRAG service on ports 64451-64470...
🔍 Port 64451 not ready yet (connection refused)
🔍 Port 64452 not ready yet (connection refused)
🔍 Port 64453 not ready yet (connection refused)
🔍 Port 64454 not ready yet (connection refused)
🔍 Port 64455 not ready yet (connection refused)
🔍 Port 64456 not ready yet (connection refused)
🔍 Port 64457 not ready yet (connection refused)
🔍 Port 64458 not ready yet (connection refused)
🔍 Port 64459 not ready yet (connection refused)
🔍 Port 64460 not ready yet (connection refused)
🔍 Port 64461 not ready yet (connection refused)
🔍 Port 64462 not ready yet (connection refused)
🔍 Port 64463 not ready yet (connection refused)
🔍 Port 64464 not ready yet (connection refused)
🔍 Port 64465 not ready yet (connection refused)
🔍 Port 64466 not ready yet (connection refused)
🔍 Port 64467 not ready yet (connection refused)
🔍 Port 64468 not ready yet (connection refused)
🔍 Port 64469 not ready yet (connection refused)
🔍 Port 64470 not ready yet (connection refused)
❌ No VideoRAG service found in port range 64451-64470
❌ Service not found, retrying in 3 seconds... (11/1000000)
🔍 Scanning attempt 12/1000000...
🔍 Scanning for VideoRAG service on ports 64451-64470...
🔍 Port 64451 not ready yet (connection refused)
🔍 Port 64452 not ready yet (connection refused)
🔍 Port 64453 not ready yet (connection refused)
🔍 Port 64454 not ready yet (connection refused)
🔍 Port 64455 not ready yet (connection refused)
🔍 Port 64456 not ready yet (connection refused)
🔍 Port 64457 not ready yet (connection refused)
🔍 Port 64458 not ready yet (connection refused)
🔍 Port 64459 not ready yet (connection refused)
🔍 Port 64460 not ready yet (connection refused)
🔍 Port 64461 not ready yet (connection refused)
🔍 Port 64462 not ready yet (connection refused)
🔍 Port 64463 not ready yet (connection refused)
🔍 Port 64464 not ready yet (connection refused)
🔍 Port 64465 not ready yet (connection refused)
🔍 Port 64466 not ready yet (connection refused)
🔍 Port 64467 not ready yet (connection refused)
🔍 Port 64468 not ready yet (connection refused)
🔍 Port 64469 not ready yet (connection refused)
🔍 Port 64470 not ready yet (connection refused)
❌ No VideoRAG service found in port range 64451-64470
❌ Service not found, retrying in 3 seconds... (12/1000000)
🔍 Scanning attempt 13/1000000...
🔍 Scanning for VideoRAG service on ports 64451-64470...
🔍 Port 64451 not ready yet (connection refused)
🔍 Port 64452 not ready yet (connection refused)
🔍 Port 64453 not ready yet (connection refused)
🔍 Port 64454 not ready yet (connection refused)
🔍 Port 64455 not ready yet (connection refused)
🔍 Port 64456 not ready yet (connection refused)
🔍 Port 64457 not ready yet (connection refused)
🔍 Port 64458 not ready yet (connection refused)
🔍 Port 64459 not ready yet (connection refused)
🔍 Port 64460 not ready yet (connection refused)
🔍 Port 64461 not ready yet (connection refused)
🔍 Port 64462 not ready yet (connection refused)
🔍 Port 64463 not ready yet (connection refused)
🔍 Port 64464 not ready yet (connection refused)
🔍 Port 64465 not ready yet (connection refused)
🔍 Port 64466 not ready yet (connection refused)
🔍 Port 64467 not ready yet (connection refused)
🔍 Port 64468 not ready yet (connection refused)
🔍 Port 64469 not ready yet (connection refused)
🔍 Port 64470 not ready yet (connection refused)
❌ No VideoRAG service found in port range 64451-64470
❌ Service not found, retrying in 3 seconds... (13/1000000)
🔍 Scanning attempt 14/1000000...
🔍 Scanning for VideoRAG service on ports 64451-64470...
🔍 Port 64451 not ready yet (connection refused)
🔍 Port 64452 not ready yet (connection refused)
🔍 Port 64453 not ready yet (connection refused)
🔍 Port 64454 not ready yet (connection refused)
🔍 Port 64455 not ready yet (connection refused)
🔍 Port 64456 not ready yet (connection refused)
🔍 Port 64457 not ready yet (connection refused)
🔍 Port 64458 not ready yet (connection refused)
🔍 Port 64459 not ready yet (connection refused)
🔍 Port 64460 not ready yet (connection refused)
🔍 Port 64461 not ready yet (connection refused)
🔍 Port 64462 not ready yet (connection refused)
🔍 Port 64463 not ready yet (connection refused)
🔍 Port 64464 not ready yet (connection refused)
🔍 Port 64465 not ready yet (connection refused)
🔍 Port 64466 not ready yet (connection refused)
🔍 Port 64467 not ready yet (connection refused)
🔍 Port 64468 not ready yet (connection refused)
🔍 Port 64469 not ready yet (connection refused)
🔍 Port 64470 not ready yet (connection refused)
❌ No VideoRAG service found in port range 64451-64470
❌ Service not found, retrying in 3 seconds... (14/1000000)
🔍 Scanning attempt 15/1000000...
🔍 Scanning for VideoRAG service on ports 64451-64470...
🔍 Port 64451 not ready yet (connection refused)
🔍 Port 64452 not ready yet (connection refused)
🔍 Port 64453 not ready yet (connection refused)
🔍 Port 64454 not ready yet (connection refused)
🔍 Port 64455 not ready yet (connection refused)
🔍 Port 64456 not ready yet (connection refused)
🔍 Port 64457 not ready yet (connection refused)
🔍 Port 64458 not ready yet (connection refused)
🔍 Port 64459 not ready yet (connection refused)
🔍 Port 64460 not ready yet (connection refused)
🔍 Port 64461 not ready yet (connection refused)
🔍 Port 64462 not ready yet (connection refused)
🔍 Port 64463 not ready yet (connection refused)
🔍 Port 64464 not ready yet (connection refused)
🔍 Port 64465 not ready yet (connection refused)
🔍 Port 64466 not ready yet (connection refused)
🔍 Port 64467 not ready yet (connection refused)
🔍 Port 64468 not ready yet (connection refused)
🔍 Port 64469 not ready yet (connection refused)
🔍 Port 64470 not ready yet (connection refused)
❌ No VideoRAG service found in port range 64451-64470
❌ Service not found, retrying in 3 seconds... (15/1000000)
🔍 Scanning attempt 16/1000000...
🔍 Scanning for VideoRAG service on ports 64451-64470...
🔍 Port 64451 not ready yet (connection refused)
🔍 Port 64452 not ready yet (connection refused)
🔍 Port 64453 not ready yet (connection refused)
🔍 Port 64454 not ready yet (connection refused)
🔍 Port 64455 not ready yet (connection refused)
🔍 Port 64456 not ready yet (connection refused)
🔍 Port 64457 not ready yet (connection refused)
🔍 Port 64458 not ready yet (connection refused)
🔍 Port 64459 not ready yet (connection refused)
🔍 Port 64460 not ready yet (connection refused)
🔍 Port 64461 not ready yet (connection refused)
🔍 Port 64462 not ready yet (connection refused)
🔍 Port 64463 not ready yet (connection refused)
🔍 Port 64464 not ready yet (connection refused)
🔍 Port 64465 not ready yet (connection refused)
🔍 Port 64466 not ready yet (connection refused)
🔍 Port 64467 not ready yet (connection refused)
🔍 Port 64468 not ready yet (connection refused)
🔍 Port 64469 not ready yet (connection refused)
🔍 Port 64470 not ready yet (connection refused)
❌ No VideoRAG service found in port range 64451-64470
❌ Service not found, retrying in 3 seconds... (16/1000000)
🔍 Scanning attempt 17/1000000...
🔍 Scanning for VideoRAG service on ports 64451-64470...
🔍 Port 64451 not ready yet (connection refused)
🔍 Port 64452 not ready yet (connection refused)
🔍 Port 64453 not ready yet (connection refused)
🔍 Port 64454 not ready yet (connection refused)
🔍 Port 64455 not ready yet (connection refused)
🔍 Port 64456 not ready yet (connection refused)
🔍 Port 64457 not ready yet (connection refused)
🔍 Port 64458 not ready yet (connection refused)
🔍 Port 64459 not ready yet (connection refused)
🔍 Port 64460 not ready yet (connection refused)
🔍 Port 64461 not ready yet (connection refused)
🔍 Port 64462 not ready yet (connection refused)
🔍 Port 64463 not ready yet (connection refused)
🔍 Port 64464 not ready yet (connection refused)
🔍 Port 64465 not ready yet (connection refused)
🔍 Port 64466 not ready yet (connection refused)
🔍 Port 64467 not ready yet (connection refused)
🔍 Port 64468 not ready yet (connection refused)
🔍 Port 64469 not ready yet (connection refused)
🔍 Port 64470 not ready yet (connection refused)
❌ No VideoRAG service found in port range 64451-64470
❌ Service not found, retrying in 3 seconds... (17/1000000)
🚀 Development mode detected - skipping backend service startup
💡 In development, scanning for manually started Python backend...
🔍 Scanning attempt 18/1000000...
🔍 Scanning for VideoRAG service on ports 64451-64470...
✅ Health check successful on port 64451: { status: &apos;ok&apos; }
🎯 Found healthy VideoRAG service on port 64451
✅ Found service on port 64451 after 18 attempts!
📡 Updated API base URL to: http://localhost:64451/api
🔧 Loading VideoRAG configuration...
📁 Bootstrap config not found, using defaults
🔧 Loaded settings: {
  openaiBaseUrl: &apos;https://api.openai.com/v1&apos;,
  dashscopeBaseUrl: &apos;https://dashscope.aliyuncs.com/compatible-mode/v1&apos;,
  processingModel: &apos;gpt-4o-mini&apos;,
  analysisModel: &apos;gpt-4o-mini&apos;,
  openaiApiKey: &apos;NOT_SET&apos;,
  dashscopeApiKey: &apos;NOT_SET&apos;,
  storeDirectory: &apos;&apos;
}
🔧 VideoRAG configuration validation: {
  ali_dashscope_api_key: &apos;❌ MISSING&apos;,
  ali_dashscope_base_url: &apos;✅ SET (default allowed)&apos;,
  openai_api_key: &apos;❌ MISSING&apos;,
  openai_base_url: &apos;✅ SET (default allowed)&apos;,
  image_bind_model_path: &apos;❌ MISSING&apos;,
  base_storage_path: &apos;❌ MISSING&apos;,
  analysisModel: &apos;✅ SET (default allowed)&apos;,
  processingModel: &apos;✅ SET (default allowed)&apos;,
  caption_model: &apos;✅ SET (default allowed)&apos;,
  asr_model: &apos;✅ SET (default allowed)&apos;
}
🛑 Stopping VideoRAG service due to configuration errors...

⏳ Initial timeout reached, starting continuous service detection...
🔍 Scanning attempt 1/1000000...
🔍 Scanning for VideoRAG service on ports 64451-64470...
✅ Health check successful on port 64451: { status: &apos;ok&apos; }
🎯 Found healthy VideoRAG service on port 64451
✅ Found service on port 64451 after 1 attempts!
📡 Updated API base URL to: http://localhost:64451/api
🔧 Loading VideoRAG configuration...
📁 Bootstrap config not found, using defaults
🔧 Loaded settings: {
  openaiBaseUrl: &apos;https://api.openai.com/v1&apos;,
  dashscopeBaseUrl: &apos;https://dashscope.aliyuncs.com/compatible-mode/v1&apos;,
  processingModel: &apos;gpt-4o-mini&apos;,
  analysisModel: &apos;gpt-4o-mini&apos;,
  openaiApiKey: &apos;NOT_SET&apos;,
  dashscopeApiKey: &apos;NOT_SET&apos;,
  storeDirectory: &apos;&apos;
}
🔧 VideoRAG configuration validation: {
  ali_dashscope_api_key: &apos;❌ MISSING&apos;,
  ali_dashscope_base_url: &apos;✅ SET (default allowed)&apos;,
  openai_api_key: &apos;❌ MISSING&apos;,
  openai_base_url: &apos;✅ SET (default allowed)&apos;,
  image_bind_model_path: &apos;❌ MISSING&apos;,
  base_storage_path: &apos;❌ MISSING&apos;,
  analysisModel: &apos;✅ SET (default allowed)&apos;,
  processingModel: &apos;✅ SET (default allowed)&apos;,
  caption_model: &apos;✅ SET (default allowed)&apos;,
  asr_model: &apos;✅ SET (default allowed)&apos;
}
🛑 Stopping VideoRAG service due to configuration errors...

            </system-out>
            <system-err>
❌ VideoRAG configuration validation failed!

Missing required fields:
  • Ali Dashscope API Key (dashscopeApiKey)
  • OpenAI API Key (openaiApiKey)
  • Base Storage Path (storeDirectory)
  • ImageBind Model Path (storeDirectory + imagebind_huge/imagebind_huge.pth)

Please run the initialization wizard to configure these settings.
❌ VideoRAG configuration initialization failed: Error: Missing required configuration fields: Ali Dashscope API Key (dashscopeApiKey), OpenAI API Key (openaiApiKey), Base Storage Path (storeDirectory), ImageBind Model Path (storeDirectory + imagebind_huge/imagebind_huge.pth)
    at initializeVideoRAGConfig (D:\Code\text\test-videorag\Vimo-desktop\src\main\handlers\videorag-handlers.ts:314:13)
    at processTicksAndRejections (node:internal/process/task_queues:105:5)
Configuration initialization failed, but service is running

❌ VideoRAG configuration validation failed!

Missing required fields:
  • Ali Dashscope API Key (dashscopeApiKey)
  • OpenAI API Key (openaiApiKey)
  • Base Storage Path (storeDirectory)
  • ImageBind Model Path (storeDirectory + imagebind_huge/imagebind_huge.pth)

Please run the initialization wizard to configure these settings.
❌ VideoRAG configuration initialization failed: Error: Missing required configuration fields: Ali Dashscope API Key (dashscopeApiKey), OpenAI API Key (openaiApiKey), Base Storage Path (storeDirectory), ImageBind Model Path (storeDirectory + imagebind_huge/imagebind_huge.pth)
    at initializeVideoRAGConfig (D:\Code\text\test-videorag\Vimo-desktop\src\main\handlers\videorag-handlers.ts:314:13)
    at processTicksAndRejections (node:internal/process/task_queues:105:5)
Configuration initialization failed, but service is running

            </system-err>
            <failure message="The first attempt must finish before retry: expected &apos;pending&apos; to be &apos;rejected&apos; // Object.is equality" type="AssertionError">
AssertionError: The first attempt must finish before retry: expected &apos;pending&apos; to be &apos;rejected&apos; // Object.is equality

Expected: &quot;rejected&quot;
Received: &quot;pending&quot;

 ❯ startup.test.ts:37:75
            </failure>
            <failure message="expected 1 to be +0 // Object.is equality" type="AssertionError">
AssertionError: expected 1 to be +0 // Object.is equality

- Expected
+ Received

- 0
+ 1

 ❯ startup.test.ts:38:35
            </failure>
            <failure message="An expired attempt must not become successful later: expected &apos;fulfilled&apos; to be &apos;rejected&apos; // Object.is equality" type="AssertionError">
AssertionError: An expired attempt must not become successful later: expected &apos;fulfilled&apos; to be &apos;rejected&apos; // Object.is equality

Expected: &quot;rejected&quot;
Received: &quot;fulfilled&quot;

 ❯ startup.test.ts:44:84
            </failure>
            <failure message="Only the new attempt initializes: expected [] to have a length of 1 but got +0" type="AssertionError">
AssertionError: Only the new attempt initializes: expected [] to have a length of 1 but got +0

- Expected
+ Received

- 1
+ 0

 ❯ startup.test.ts:45:74
            </failure>
        </testcase>
        <testcase classname="startup.test.ts" name="TC-SC-002 / healthy backend with invalid configuration is not successful application startup" time="0.0313822">
            <system-out>
🚀 Development mode detected - skipping backend service startup
💡 In development, scanning for manually started Python backend...
⏳ Initial timeout reached, starting continuous service detection...
🔍 Scanning attempt 1/1000000...
🔍 Scanning for VideoRAG service on ports 64451-64470...
✅ Health check successful on port 64451: { status: &apos;ok&apos; }
🎯 Found healthy VideoRAG service on port 64451
✅ Found service on port 64451 after 1 attempts!
📡 Updated API base URL to: http://localhost:64451/api
🔧 Loading VideoRAG configuration...
📁 Bootstrap config not found, using defaults
🔧 Loaded settings: {
  openaiBaseUrl: &apos;https://api.openai.com/v1&apos;,
  dashscopeBaseUrl: &apos;https://dashscope.aliyuncs.com/compatible-mode/v1&apos;,
  processingModel: &apos;gpt-4o-mini&apos;,
  analysisModel: &apos;gpt-4o-mini&apos;,
  openaiApiKey: &apos;NOT_SET&apos;,
  dashscopeApiKey: &apos;NOT_SET&apos;,
  storeDirectory: &apos;&apos;
}
🔧 VideoRAG configuration validation: {
  ali_dashscope_api_key: &apos;❌ MISSING&apos;,
  ali_dashscope_base_url: &apos;✅ SET (default allowed)&apos;,
  openai_api_key: &apos;❌ MISSING&apos;,
  openai_base_url: &apos;✅ SET (default allowed)&apos;,
  image_bind_model_path: &apos;❌ MISSING&apos;,
  base_storage_path: &apos;❌ MISSING&apos;,
  analysisModel: &apos;✅ SET (default allowed)&apos;,
  processingModel: &apos;✅ SET (default allowed)&apos;,
  caption_model: &apos;✅ SET (default allowed)&apos;,
  asr_model: &apos;✅ SET (default allowed)&apos;
}
🛑 Stopping VideoRAG service due to configuration errors...

            </system-out>
            <system-err>
❌ VideoRAG configuration validation failed!

Missing required fields:
  • Ali Dashscope API Key (dashscopeApiKey)
  • OpenAI API Key (openaiApiKey)
  • Base Storage Path (storeDirectory)
  • ImageBind Model Path (storeDirectory + imagebind_huge/imagebind_huge.pth)

Please run the initialization wizard to configure these settings.
❌ VideoRAG configuration initialization failed: Error: Missing required configuration fields: Ali Dashscope API Key (dashscopeApiKey), OpenAI API Key (openaiApiKey), Base Storage Path (storeDirectory), ImageBind Model Path (storeDirectory + imagebind_huge/imagebind_huge.pth)
    at initializeVideoRAGConfig (D:\Code\text\test-videorag\Vimo-desktop\src\main\handlers\videorag-handlers.ts:314:13)
    at processTicksAndRejections (node:internal/process/task_queues:105:5)
Configuration initialization failed, but service is running

            </system-err>
            <failure message="expected { success: true, …(1) } to match object { success: false }
(1 matching property omitted from actual)" type="AssertionError">
AssertionError: expected { success: true, …(1) } to match object { success: false }
(1 matching property omitted from actual)

- Expected
+ Received

  Object {
-   &quot;success&quot;: false,
+   &quot;success&quot;: true,
  }

 ❯ startup.test.ts:55:24
            </failure>
        </testcase>
    </testsuite>
</testsuites>
