{"numTotalTestSuites":3,"numPassedTestSuites":0,"numFailedTestSuites":3,"numPendingTestSuites":0,"numTotalTests":14,"numPassedTests":1,"numFailedTests":13,"numPendingTests":0,"numTodoTests":0,"snapshot":{"added":0,"failure":false,"filesAdded":0,"filesRemoved":0,"filesRemovedList":[],"filesUnmatched":0,"filesUpdated":0,"matched":0,"total":0,"unchecked":0,"uncheckedKeysByFile":[],"unmatched":0,"updated":0,"didUpdate":false},"startTime":1789989846846,"success":false,"testResults":[{"assertionResults":[{"ancestorTitles":[],"fullName":"TC-SC-004 / unauthorized requires provider verification instead of a prefix-only decision","status":"failed","title":"TC-SC-004 / unauthorized requires provider verification instead of a prefix-only decision","duration":58.061399999999935,"failureMessages":["AssertionError: No verification request means provider validity was never checked: expected 0 to be greater than 0\n    at D:\\Code\\text\\test-videorag\\Vimo-desktop\\test_startup_configuration\\api_key_validation.test.ts:23:76\n    at processTicksAndRejections (node:internal/process/task_queues:105:5)\n    at file:///D:/Code/text/test-videorag/Vimo-desktop/test_communication/node_modules/@vitest/runner/dist/index.js:533:5\n    at runTest (file:///D:/Code/text/test-videorag/Vimo-desktop/test_communication/node_modules/@vitest/runner/dist/index.js:1056:11)\n    at runSuite (file:///D:/Code/text/test-videorag/Vimo-desktop/test_communication/node_modules/@vitest/runner/dist/index.js:1205:15)\n    at runFiles (file:///D:/Code/text/test-videorag/Vimo-desktop/test_communication/node_modules/@vitest/runner/dist/index.js:1262:5)\n    at startTests (file:///D:/Code/text/test-videorag/Vimo-desktop/test_communication/node_modules/@vitest/runner/dist/index.js:1271:3)\n    at file:///D:/Code/text/test-videorag/Vimo-desktop/test_communication/node_modules/vitest/dist/chunks/runBaseTests.3qpJUEJM.js:126:11\n    at withEnv (file:///D:/Code/text/test-videorag/Vimo-desktop/test_communication/node_modules/vitest/dist/chunks/runBaseTests.3qpJUEJM.js:90:5)\n    at run (file:///D:/Code/text/test-videorag/Vimo-desktop/test_communication/node_modules/vitest/dist/chunks/runBaseTests.3qpJUEJM.js:112:3)","AssertionError: expected true to be false // Object.is equality\n    at D:\\Code\\text\\test-videorag\\Vimo-desktop\\test_startup_configuration\\api_key_validation.test.ts:24:33\n    at processTicksAndRejections (node:internal/process/task_queues:105:5)\n    at file:///D:/Code/text/test-videorag/Vimo-desktop/test_communication/node_modules/@vitest/runner/dist/index.js:533:5\n    at runTest (file:///D:/Code/text/test-videorag/Vimo-desktop/test_communication/node_modules/@vitest/runner/dist/index.js:1056:11)\n    at runSuite (file:///D:/Code/text/test-videorag/Vimo-desktop/test_communication/node_modules/@vitest/runner/dist/index.js:1205:15)\n    at runFiles (file:///D:/Code/text/test-videorag/Vimo-desktop/test_communication/node_modules/@vitest/runner/dist/index.js:1262:5)\n    at startTests (file:///D:/Code/text/test-videorag/Vimo-desktop/test_communication/node_modules/@vitest/runner/dist/index.js:1271:3)\n    at file:///D:/Code/text/test-videorag/Vimo-desktop/test_communication/node_modules/vitest/dist/chunks/runBaseTests.3qpJUEJM.js:126:11\n    at withEnv (file:///D:/Code/text/test-videorag/Vimo-desktop/test_communication/node_modules/vitest/dist/chunks/runBaseTests.3qpJUEJM.js:90:5)\n    at run (file:///D:/Code/text/test-videorag/Vimo-desktop/test_communication/node_modules/vitest/dist/chunks/runBaseTests.3qpJUEJM.js:112:3)","AssertionError: expected undefined to deeply equal Any<String>\n    at D:\\Code\\text\\test-videorag\\Vimo-desktop\\test_startup_configuration\\api_key_validation.test.ts:26:33\n    at processTicksAndRejections (node:internal/process/task_queues:105:5)\n    at file:///D:/Code/text/test-videorag/Vimo-desktop/test_communication/node_modules/@vitest/runner/dist/index.js:533:5\n    at runTest (file:///D:/Code/text/test-videorag/Vimo-desktop/test_communication/node_modules/@vitest/runner/dist/index.js:1056:11)\n    at runSuite (file:///D:/Code/text/test-videorag/Vimo-desktop/test_communication/node_modules/@vitest/runner/dist/index.js:1205:15)\n    at runFiles (file:///D:/Code/text/test-videorag/Vimo-desktop/test_communication/node_modules/@vitest/runner/dist/index.js:1262:5)\n    at startTests (file:///D:/Code/text/test-videorag/Vimo-desktop/test_communication/node_modules/@vitest/runner/dist/index.js:1271:3)\n    at file:///D:/Code/text/test-videorag/Vimo-desktop/test_communication/node_modules/vitest/dist/chunks/runBaseTests.3qpJUEJM.js:126:11\n    at withEnv (file:///D:/Code/text/test-videorag/Vimo-desktop/test_communication/node_modules/vitest/dist/chunks/runBaseTests.3qpJUEJM.js:90:5)\n    at run (file:///D:/Code/text/test-videorag/Vimo-desktop/test_communication/node_modules/vitest/dist/chunks/runBaseTests.3qpJUEJM.js:112:3)"],"meta":{}},{"ancestorTitles":[],"fullName":"TC-SC-004 / authorized requires provider verification instead of a prefix-only decision","status":"failed","title":"TC-SC-004 / authorized requires provider verification instead of a prefix-only decision","duration":28.170499999999947,"failureMessages":["AssertionError: No verification request means provider validity was never checked: expected 0 to be greater than 0\n    at D:\\Code\\text\\test-videorag\\Vimo-desktop\\test_startup_configuration\\api_key_validation.test.ts:23:76\n    at processTicksAndRejections (node:internal/process/task_queues:105:5)\n    at file:///D:/Code/text/test-videorag/Vimo-desktop/test_communication/node_modules/@vitest/runner/dist/index.js:533:5\n    at runTest (file:///D:/Code/text/test-videorag/Vimo-desktop/test_communication/node_modules/@vitest/runner/dist/index.js:1056:11)\n    at runSuite (file:///D:/Code/text/test-videorag/Vimo-desktop/test_communication/node_modules/@vitest/runner/dist/index.js:1205:15)\n    at runFiles (file:///D:/Code/text/test-videorag/Vimo-desktop/test_communication/node_modules/@vitest/runner/dist/index.js:1262:5)\n    at startTests (file:///D:/Code/text/test-videorag/Vimo-desktop/test_communication/node_modules/@vitest/runner/dist/index.js:1271:3)\n    at file:///D:/Code/text/test-videorag/Vimo-desktop/test_communication/node_modules/vitest/dist/chunks/runBaseTests.3qpJUEJM.js:126:11\n    at withEnv (file:///D:/Code/text/test-videorag/Vimo-desktop/test_communication/node_modules/vitest/dist/chunks/runBaseTests.3qpJUEJM.js:90:5)\n    at run (file:///D:/Code/text/test-videorag/Vimo-desktop/test_communication/node_modules/vitest/dist/chunks/runBaseTests.3qpJUEJM.js:112:3)"],"meta":{}},{"ancestorTitles":[],"fullName":"TC-SC-004 / timeout requires provider verification instead of a prefix-only decision","status":"failed","title":"TC-SC-004 / timeout requires provider verification instead of a prefix-only decision","duration":27.200699999999983,"failureMessages":["AssertionError: No verification request means provider validity was never checked: expected 0 to be greater than 0\n    at D:\\Code\\text\\test-videorag\\Vimo-desktop\\test_startup_configuration\\api_key_validation.test.ts:23:76\n    at processTicksAndRejections (node:internal/process/task_queues:105:5)\n    at file:///D:/Code/text/test-videorag/Vimo-desktop/test_communication/node_modules/@vitest/runner/dist/index.js:533:5\n    at runTest (file:///D:/Code/text/test-videorag/Vimo-desktop/test_communication/node_modules/@vitest/runner/dist/index.js:1056:11)\n    at runSuite (file:///D:/Code/text/test-videorag/Vimo-desktop/test_communication/node_modules/@vitest/runner/dist/index.js:1205:15)\n    at runFiles (file:///D:/Code/text/test-videorag/Vimo-desktop/test_communication/node_modules/@vitest/runner/dist/index.js:1262:5)\n    at startTests (file:///D:/Code/text/test-videorag/Vimo-desktop/test_communication/node_modules/@vitest/runner/dist/index.js:1271:3)\n    at file:///D:/Code/text/test-videorag/Vimo-desktop/test_communication/node_modules/vitest/dist/chunks/runBaseTests.3qpJUEJM.js:126:11\n    at withEnv (file:///D:/Code/text/test-videorag/Vimo-desktop/test_communication/node_modules/vitest/dist/chunks/runBaseTests.3qpJUEJM.js:90:5)\n    at run (file:///D:/Code/text/test-videorag/Vimo-desktop/test_communication/node_modules/vitest/dist/chunks/runBaseTests.3qpJUEJM.js:112:3)","AssertionError: expected true to be false // Object.is equality\n    at D:\\Code\\text\\test-videorag\\Vimo-desktop\\test_startup_configuration\\api_key_validation.test.ts:24:33\n    at processTicksAndRejections (node:internal/process/task_queues:105:5)\n    at file:///D:/Code/text/test-videorag/Vimo-desktop/test_communication/node_modules/@vitest/runner/dist/index.js:533:5\n    at runTest (file:///D:/Code/text/test-videorag/Vimo-desktop/test_communication/node_modules/@vitest/runner/dist/index.js:1056:11)\n    at runSuite (file:///D:/Code/text/test-videorag/Vimo-desktop/test_communication/node_modules/@vitest/runner/dist/index.js:1205:15)\n    at runFiles (file:///D:/Code/text/test-videorag/Vimo-desktop/test_communication/node_modules/@vitest/runner/dist/index.js:1262:5)\n    at startTests (file:///D:/Code/text/test-videorag/Vimo-desktop/test_communication/node_modules/@vitest/runner/dist/index.js:1271:3)\n    at file:///D:/Code/text/test-videorag/Vimo-desktop/test_communication/node_modules/vitest/dist/chunks/runBaseTests.3qpJUEJM.js:126:11\n    at withEnv (file:///D:/Code/text/test-videorag/Vimo-desktop/test_communication/node_modules/vitest/dist/chunks/runBaseTests.3qpJUEJM.js:90:5)\n    at run (file:///D:/Code/text/test-videorag/Vimo-desktop/test_communication/node_modules/vitest/dist/chunks/runBaseTests.3qpJUEJM.js:112:3)","AssertionError: expected undefined to deeply equal Any<String>\n    at D:\\Code\\text\\test-videorag\\Vimo-desktop\\test_startup_configuration\\api_key_validation.test.ts:26:33\n    at processTicksAndRejections (node:internal/process/task_queues:105:5)\n    at file:///D:/Code/text/test-videorag/Vimo-desktop/test_communication/node_modules/@vitest/runner/dist/index.js:533:5\n    at runTest (file:///D:/Code/text/test-videorag/Vimo-desktop/test_communication/node_modules/@vitest/runner/dist/index.js:1056:11)\n    at runSuite (file:///D:/Code/text/test-videorag/Vimo-desktop/test_communication/node_modules/@vitest/runner/dist/index.js:1205:15)\n    at runFiles (file:///D:/Code/text/test-videorag/Vimo-desktop/test_communication/node_modules/@vitest/runner/dist/index.js:1262:5)\n    at startTests (file:///D:/Code/text/test-videorag/Vimo-desktop/test_communication/node_modules/@vitest/runner/dist/index.js:1271:3)\n    at file:///D:/Code/text/test-videorag/Vimo-desktop/test_communication/node_modules/vitest/dist/chunks/runBaseTests.3qpJUEJM.js:126:11\n    at withEnv (file:///D:/Code/text/test-videorag/Vimo-desktop/test_communication/node_modules/vitest/dist/chunks/runBaseTests.3qpJUEJM.js:90:5)\n    at run (file:///D:/Code/text/test-videorag/Vimo-desktop/test_communication/node_modules/vitest/dist/chunks/runBaseTests.3qpJUEJM.js:112:3)","TypeError: .toMatch() expects to receive a string, but got undefined\n    at Proxy.<anonymous> (file:///D:/Code/text/test-videorag/Vimo-desktop/test_communication/node_modules/@vitest/expect/dist/index.js:1144:13)\n    at Proxy.<anonymous> (file:///D:/Code/text/test-videorag/Vimo-desktop/test_communication/node_modules/@vitest/expect/dist/index.js:979:17)\n    at Proxy.methodWrapper (file:///D:/Code/text/test-videorag/Vimo-desktop/test_communication/node_modules/chai/index.js:1686:25)\n    at D:\\Code\\text\\test-videorag\\Vimo-desktop\\test_startup_configuration\\api_key_validation.test.ts:28:60\n    at processTicksAndRejections (node:internal/process/task_queues:105:5)\n    at file:///D:/Code/text/test-videorag/Vimo-desktop/test_communication/node_modules/@vitest/runner/dist/index.js:533:5\n    at runTest (file:///D:/Code/text/test-videorag/Vimo-desktop/test_communication/node_modules/@vitest/runner/dist/index.js:1056:11)\n    at runSuite (file:///D:/Code/text/test-videorag/Vimo-desktop/test_communication/node_modules/@vitest/runner/dist/index.js:1205:15)\n    at runFiles (file:///D:/Code/text/test-videorag/Vimo-desktop/test_communication/node_modules/@vitest/runner/dist/index.js:1262:5)\n    at startTests (file:///D:/Code/text/test-videorag/Vimo-desktop/test_communication/node_modules/@vitest/runner/dist/index.js:1271:3)"],"meta":{}}],"startTime":1789989850788,"endTime":1789989850901.2007,"status":"failed","message":"","name":"D:/Code/text/test-videorag/Vimo-desktop/test_startup_configuration/api_key_validation.test.ts"},{"assertionResults":[{"ancestorTitles":[],"fullName":"TC-SC-003 / damaged-json blocks initialization and can be repaired in the same application","status":"failed","title":"TC-SC-003 / damaged-json blocks initialization and can be repaired in the same application","duration":93.2151,"failureMessages":["AssertionError: expected { success: true, settings: { …(13) } } to match object { success: true, settings: { …(3) } }\n(10 matching properties omitted from actual)\n    at Proxy.<anonymous> (file:///D:/Code/text/test-videorag/Vimo-desktop/test_communication/node_modules/@vitest/expect/dist/index.js:1134:13)\n    at Proxy.<anonymous> (file:///D:/Code/text/test-videorag/Vimo-desktop/test_communication/node_modules/@vitest/expect/dist/index.js:972:17)\n    at Proxy.methodWrapper (file:///D:/Code/text/test-videorag/Vimo-desktop/test_communication/node_modules/chai/index.js:1686:25)\n    at D:\\Code\\text\\test-videorag\\Vimo-desktop\\test_startup_configuration\\configuration.test.ts:18:46\n    at processTicksAndRejections (node:internal/process/task_queues:105:5)\n    at file:///D:/Code/text/test-videorag/Vimo-desktop/test_communication/node_modules/@vitest/runner/dist/index.js:533:5\n    at runTest (file:///D:/Code/text/test-videorag/Vimo-desktop/test_communication/node_modules/@vitest/runner/dist/index.js:1056:11)\n    at runSuite (file:///D:/Code/text/test-videorag/Vimo-desktop/test_communication/node_modules/@vitest/runner/dist/index.js:1205:15)\n    at runFiles (file:///D:/Code/text/test-videorag/Vimo-desktop/test_communication/node_modules/@vitest/runner/dist/index.js:1262:5)\n    at startTests (file:///D:/Code/text/test-videorag/Vimo-desktop/test_communication/node_modules/@vitest/runner/dist/index.js:1271:3)"],"meta":{}},{"ancestorTitles":[],"fullName":"TC-SC-003 / storeDirectory blocks initialization and can be repaired in the same application","status":"failed","title":"TC-SC-003 / storeDirectory blocks initialization and can be repaired in the same application","duration":35.08820000000003,"failureMessages":["AssertionError: expected { success: true, settings: { …(13) } } to match object { success: true, settings: { …(3) } }\n(10 matching properties omitted from actual)\n    at Proxy.<anonymous> (file:///D:/Code/text/test-videorag/Vimo-desktop/test_communication/node_modules/@vitest/expect/dist/index.js:1134:13)\n    at Proxy.<anonymous> (file:///D:/Code/text/test-videorag/Vimo-desktop/test_communication/node_modules/@vitest/expect/dist/index.js:972:17)\n    at Proxy.methodWrapper (file:///D:/Code/text/test-videorag/Vimo-desktop/test_communication/node_modules/chai/index.js:1686:25)\n    at D:\\Code\\text\\test-videorag\\Vimo-desktop\\test_startup_configuration\\configuration.test.ts:18:46\n    at processTicksAndRejections (node:internal/process/task_queues:105:5)\n    at file:///D:/Code/text/test-videorag/Vimo-desktop/test_communication/node_modules/@vitest/runner/dist/index.js:533:5\n    at runTest (file:///D:/Code/text/test-videorag/Vimo-desktop/test_communication/node_modules/@vitest/runner/dist/index.js:1056:11)\n    at runSuite (file:///D:/Code/text/test-videorag/Vimo-desktop/test_communication/node_modules/@vitest/runner/dist/index.js:1205:15)\n    at runFiles (file:///D:/Code/text/test-videorag/Vimo-desktop/test_communication/node_modules/@vitest/runner/dist/index.js:1262:5)\n    at startTests (file:///D:/Code/text/test-videorag/Vimo-desktop/test_communication/node_modules/@vitest/runner/dist/index.js:1271:3)"],"meta":{}},{"ancestorTitles":[],"fullName":"TC-SC-003 / openaiApiKey blocks initialization and can be repaired in the same application","status":"failed","title":"TC-SC-003 / openaiApiKey blocks initialization and can be repaired in the same application","duration":25.08789999999999,"failureMessages":["AssertionError: expected { success: true, settings: { …(13) } } to match object { success: true, settings: { …(3) } }\n(10 matching properties omitted from actual)\n    at Proxy.<anonymous> (file:///D:/Code/text/test-videorag/Vimo-desktop/test_communication/node_modules/@vitest/expect/dist/index.js:1134:13)\n    at Proxy.<anonymous> (file:///D:/Code/text/test-videorag/Vimo-desktop/test_communication/node_modules/@vitest/expect/dist/index.js:972:17)\n    at Proxy.methodWrapper (file:///D:/Code/text/test-videorag/Vimo-desktop/test_communication/node_modules/chai/index.js:1686:25)\n    at D:\\Code\\text\\test-videorag\\Vimo-desktop\\test_startup_configuration\\configuration.test.ts:18:46\n    at processTicksAndRejections (node:internal/process/task_queues:105:5)\n    at file:///D:/Code/text/test-videorag/Vimo-desktop/test_communication/node_modules/@vitest/runner/dist/index.js:533:5\n    at runTest (file:///D:/Code/text/test-videorag/Vimo-desktop/test_communication/node_modules/@vitest/runner/dist/index.js:1056:11)\n    at runSuite (file:///D:/Code/text/test-videorag/Vimo-desktop/test_communication/node_modules/@vitest/runner/dist/index.js:1205:15)\n    at runFiles (file:///D:/Code/text/test-videorag/Vimo-desktop/test_communication/node_modules/@vitest/runner/dist/index.js:1262:5)\n    at startTests (file:///D:/Code/text/test-videorag/Vimo-desktop/test_communication/node_modules/@vitest/runner/dist/index.js:1271:3)"],"meta":{}},{"ancestorTitles":[],"fullName":"TC-SC-003 / dashscopeApiKey blocks initialization and can be repaired in the same application","status":"failed","title":"TC-SC-003 / dashscopeApiKey blocks initialization and can be repaired in the same application","duration":24.372100000000046,"failureMessages":["AssertionError: expected { success: true, settings: { …(13) } } to match object { success: true, settings: { …(3) } }\n(10 matching properties omitted from actual)\n    at Proxy.<anonymous> (file:///D:/Code/text/test-videorag/Vimo-desktop/test_communication/node_modules/@vitest/expect/dist/index.js:1134:13)\n    at Proxy.<anonymous> (file:///D:/Code/text/test-videorag/Vimo-desktop/test_communication/node_modules/@vitest/expect/dist/index.js:972:17)\n    at Proxy.methodWrapper (file:///D:/Code/text/test-videorag/Vimo-desktop/test_communication/node_modules/chai/index.js:1686:25)\n    at D:\\Code\\text\\test-videorag\\Vimo-desktop\\test_startup_configuration\\configuration.test.ts:18:46\n    at processTicksAndRejections (node:internal/process/task_queues:105:5)\n    at file:///D:/Code/text/test-videorag/Vimo-desktop/test_communication/node_modules/@vitest/runner/dist/index.js:533:5\n    at runTest (file:///D:/Code/text/test-videorag/Vimo-desktop/test_communication/node_modules/@vitest/runner/dist/index.js:1056:11)\n    at runSuite (file:///D:/Code/text/test-videorag/Vimo-desktop/test_communication/node_modules/@vitest/runner/dist/index.js:1205:15)\n    at runFiles (file:///D:/Code/text/test-videorag/Vimo-desktop/test_communication/node_modules/@vitest/runner/dist/index.js:1262:5)\n    at startTests (file:///D:/Code/text/test-videorag/Vimo-desktop/test_communication/node_modules/@vitest/runner/dist/index.js:1271:3)"],"meta":{}},{"ancestorTitles":[],"fullName":"TC-SC-005 / missing-model fails before backend initialization and succeeds after repair","status":"failed","title":"TC-SC-005 / missing-model fails before backend initialization and succeeds after repair","duration":24.309300000000007,"failureMessages":["AssertionError: expected { success: false, …(1) } to match object { success: true }\n(1 matching property omitted from actual)\n    at Proxy.<anonymous> (file:///D:/Code/text/test-videorag/Vimo-desktop/test_communication/node_modules/@vitest/expect/dist/index.js:1134:13)\n    at Proxy.<anonymous> (file:///D:/Code/text/test-videorag/Vimo-desktop/test_communication/node_modules/@vitest/expect/dist/index.js:972:17)\n    at Proxy.methodWrapper (file:///D:/Code/text/test-videorag/Vimo-desktop/test_communication/node_modules/chai/index.js:1686:25)\n    at D:\\Code\\text\\test-videorag\\Vimo-desktop\\test_startup_configuration\\configuration.test.ts:38:61\n    at processTicksAndRejections (node:internal/process/task_queues:105:5)\n    at file:///D:/Code/text/test-videorag/Vimo-desktop/test_communication/node_modules/@vitest/runner/dist/index.js:533:5\n    at runTest (file:///D:/Code/text/test-videorag/Vimo-desktop/test_communication/node_modules/@vitest/runner/dist/index.js:1056:11)\n    at runSuite (file:///D:/Code/text/test-videorag/Vimo-desktop/test_communication/node_modules/@vitest/runner/dist/index.js:1205:15)\n    at runFiles (file:///D:/Code/text/test-videorag/Vimo-desktop/test_communication/node_modules/@vitest/runner/dist/index.js:1262:5)\n    at startTests (file:///D:/Code/text/test-videorag/Vimo-desktop/test_communication/node_modules/@vitest/runner/dist/index.js:1271:3)"],"meta":{}},{"ancestorTitles":[],"fullName":"TC-SC-005 / read-only-storage fails before backend initialization and succeeds after repair","status":"failed","title":"TC-SC-005 / read-only-storage fails before backend initialization and succeeds after repair","duration":23.2414,"failureMessages":["AssertionError: expected { success: false, …(1) } to match object { success: true }\n(1 matching property omitted from actual)\n    at Proxy.<anonymous> (file:///D:/Code/text/test-videorag/Vimo-desktop/test_communication/node_modules/@vitest/expect/dist/index.js:1134:13)\n    at Proxy.<anonymous> (file:///D:/Code/text/test-videorag/Vimo-desktop/test_communication/node_modules/@vitest/expect/dist/index.js:972:17)\n    at Proxy.methodWrapper (file:///D:/Code/text/test-videorag/Vimo-desktop/test_communication/node_modules/chai/index.js:1686:25)\n    at D:\\Code\\text\\test-videorag\\Vimo-desktop\\test_startup_configuration\\configuration.test.ts:38:61\n    at processTicksAndRejections (node:internal/process/task_queues:105:5)\n    at file:///D:/Code/text/test-videorag/Vimo-desktop/test_communication/node_modules/@vitest/runner/dist/index.js:533:5\n    at runTest (file:///D:/Code/text/test-videorag/Vimo-desktop/test_communication/node_modules/@vitest/runner/dist/index.js:1056:11)\n    at runSuite (file:///D:/Code/text/test-videorag/Vimo-desktop/test_communication/node_modules/@vitest/runner/dist/index.js:1205:15)\n    at runFiles (file:///D:/Code/text/test-videorag/Vimo-desktop/test_communication/node_modules/@vitest/runner/dist/index.js:1262:5)\n    at startTests (file:///D:/Code/text/test-videorag/Vimo-desktop/test_communication/node_modules/@vitest/runner/dist/index.js:1271:3)"],"meta":{}}],"startTime":1789989849713,"endTime":1789989849938.2415,"status":"failed","message":"","name":"D:/Code/text/test-videorag/Vimo-desktop/test_startup_configuration/configuration.test.ts"},{"assertionResults":[{"ancestorTitles":[],"fullName":"TC-SC-001 / missing-packaged-executable rejects without spawning or scanning","status":"passed","title":"TC-SC-001 / missing-packaged-executable rejects without spawning or scanning","duration":183.6156000000001,"failureMessages":[],"meta":{}},{"ancestorTitles":[],"fullName":"TC-SC-002 / connection-refused exits within the scan and elapsed-time budgets","status":"failed","title":"TC-SC-002 / connection-refused exits within the scan and elapsed-time budgets","duration":92.79029999999989,"failureMessages":["AssertionError: Startup must have rejected, not remain pending: expected 'pending' to be 'rejected' // Object.is equality\n    at D:\\Code\\text\\test-videorag\\Vimo-desktop\\test_startup_configuration\\startup.test.ts:25:83\n    at file:///D:/Code/text/test-videorag/Vimo-desktop/test_communication/node_modules/@vitest/runner/dist/index.js:533:5\n    at runTest (file:///D:/Code/text/test-videorag/Vimo-desktop/test_communication/node_modules/@vitest/runner/dist/index.js:1056:11)\n    at runSuite (file:///D:/Code/text/test-videorag/Vimo-desktop/test_communication/node_modules/@vitest/runner/dist/index.js:1205:15)\n    at runFiles (file:///D:/Code/text/test-videorag/Vimo-desktop/test_communication/node_modules/@vitest/runner/dist/index.js:1262:5)\n    at startTests (file:///D:/Code/text/test-videorag/Vimo-desktop/test_communication/node_modules/@vitest/runner/dist/index.js:1271:3)\n    at file:///D:/Code/text/test-videorag/Vimo-desktop/test_communication/node_modules/vitest/dist/chunks/runBaseTests.3qpJUEJM.js:126:11\n    at withEnv (file:///D:/Code/text/test-videorag/Vimo-desktop/test_communication/node_modules/vitest/dist/chunks/runBaseTests.3qpJUEJM.js:90:5)\n    at run (file:///D:/Code/text/test-videorag/Vimo-desktop/test_communication/node_modules/vitest/dist/chunks/runBaseTests.3qpJUEJM.js:112:3)\n    at runBaseTests (file:///D:/Code/text/test-videorag/Vimo-desktop/test_communication/node_modules/vitest/dist/chunks/base.BZZh4cSm.js:29:3)","AssertionError: At most 3 complete scans of 20 ports: expected 340 to be less than or equal to 60\n    at D:\\Code\\text\\test-videorag\\Vimo-desktop\\test_startup_configuration\\startup.test.ts:26:79\n    at file:///D:/Code/text/test-videorag/Vimo-desktop/test_communication/node_modules/@vitest/runner/dist/index.js:533:5\n    at runTest (file:///D:/Code/text/test-videorag/Vimo-desktop/test_communication/node_modules/@vitest/runner/dist/index.js:1056:11)\n    at runSuite (file:///D:/Code/text/test-videorag/Vimo-desktop/test_communication/node_modules/@vitest/runner/dist/index.js:1205:15)\n    at runFiles (file:///D:/Code/text/test-videorag/Vimo-desktop/test_communication/node_modules/@vitest/runner/dist/index.js:1262:5)\n    at startTests (file:///D:/Code/text/test-videorag/Vimo-desktop/test_communication/node_modules/@vitest/runner/dist/index.js:1271:3)\n    at file:///D:/Code/text/test-videorag/Vimo-desktop/test_communication/node_modules/vitest/dist/chunks/runBaseTests.3qpJUEJM.js:126:11\n    at withEnv (file:///D:/Code/text/test-videorag/Vimo-desktop/test_communication/node_modules/vitest/dist/chunks/runBaseTests.3qpJUEJM.js:90:5)\n    at run (file:///D:/Code/text/test-videorag/Vimo-desktop/test_communication/node_modules/vitest/dist/chunks/runBaseTests.3qpJUEJM.js:112:3)\n    at runBaseTests (file:///D:/Code/text/test-videorag/Vimo-desktop/test_communication/node_modules/vitest/dist/chunks/base.BZZh4cSm.js:29:3)","AssertionError: No retry or in-flight timeout survives the budget: expected 1 to be +0 // Object.is equality\n    at D:\\Code\\text\\test-videorag\\Vimo-desktop\\test_startup_configuration\\startup.test.ts:27:90\n    at file:///D:/Code/text/test-videorag/Vimo-desktop/test_communication/node_modules/@vitest/runner/dist/index.js:533:5\n    at runTest (file:///D:/Code/text/test-videorag/Vimo-desktop/test_communication/node_modules/@vitest/runner/dist/index.js:1056:11)\n    at runSuite (file:///D:/Code/text/test-videorag/Vimo-desktop/test_communication/node_modules/@vitest/runner/dist/index.js:1205:15)\n    at runFiles (file:///D:/Code/text/test-videorag/Vimo-desktop/test_communication/node_modules/@vitest/runner/dist/index.js:1262:5)\n    at startTests (file:///D:/Code/text/test-videorag/Vimo-desktop/test_communication/node_modules/@vitest/runner/dist/index.js:1271:3)\n    at file:///D:/Code/text/test-videorag/Vimo-desktop/test_communication/node_modules/vitest/dist/chunks/runBaseTests.3qpJUEJM.js:126:11\n    at withEnv (file:///D:/Code/text/test-videorag/Vimo-desktop/test_communication/node_modules/vitest/dist/chunks/runBaseTests.3qpJUEJM.js:90:5)\n    at run (file:///D:/Code/text/test-videorag/Vimo-desktop/test_communication/node_modules/vitest/dist/chunks/runBaseTests.3qpJUEJM.js:112:3)\n    at runBaseTests (file:///D:/Code/text/test-videorag/Vimo-desktop/test_communication/node_modules/vitest/dist/chunks/base.BZZh4cSm.js:29:3)"],"meta":{}},{"ancestorTitles":[],"fullName":"TC-SC-002 / request-timeout exits within the scan and elapsed-time budgets","status":"failed","title":"TC-SC-002 / request-timeout exits within the scan and elapsed-time budgets","duration":33.32080000000019,"failureMessages":["AssertionError: Startup must have rejected, not remain pending: expected 'pending' to be 'rejected' // Object.is equality\n    at D:\\Code\\text\\test-videorag\\Vimo-desktop\\test_startup_configuration\\startup.test.ts:25:83\n    at file:///D:/Code/text/test-videorag/Vimo-desktop/test_communication/node_modules/@vitest/runner/dist/index.js:533:5\n    at runTest (file:///D:/Code/text/test-videorag/Vimo-desktop/test_communication/node_modules/@vitest/runner/dist/index.js:1056:11)\n    at runSuite (file:///D:/Code/text/test-videorag/Vimo-desktop/test_communication/node_modules/@vitest/runner/dist/index.js:1205:15)\n    at runFiles (file:///D:/Code/text/test-videorag/Vimo-desktop/test_communication/node_modules/@vitest/runner/dist/index.js:1262:5)\n    at startTests (file:///D:/Code/text/test-videorag/Vimo-desktop/test_communication/node_modules/@vitest/runner/dist/index.js:1271:3)\n    at file:///D:/Code/text/test-videorag/Vimo-desktop/test_communication/node_modules/vitest/dist/chunks/runBaseTests.3qpJUEJM.js:126:11\n    at withEnv (file:///D:/Code/text/test-videorag/Vimo-desktop/test_communication/node_modules/vitest/dist/chunks/runBaseTests.3qpJUEJM.js:90:5)\n    at run (file:///D:/Code/text/test-videorag/Vimo-desktop/test_communication/node_modules/vitest/dist/chunks/runBaseTests.3qpJUEJM.js:112:3)\n    at runBaseTests (file:///D:/Code/text/test-videorag/Vimo-desktop/test_communication/node_modules/vitest/dist/chunks/base.BZZh4cSm.js:29:3)","AssertionError: No retry or in-flight timeout survives the budget: expected 1 to be +0 // Object.is equality\n    at D:\\Code\\text\\test-videorag\\Vimo-desktop\\test_startup_configuration\\startup.test.ts:27:90\n    at file:///D:/Code/text/test-videorag/Vimo-desktop/test_communication/node_modules/@vitest/runner/dist/index.js:533:5\n    at runTest (file:///D:/Code/text/test-videorag/Vimo-desktop/test_communication/node_modules/@vitest/runner/dist/index.js:1056:11)\n    at runSuite (file:///D:/Code/text/test-videorag/Vimo-desktop/test_communication/node_modules/@vitest/runner/dist/index.js:1205:15)\n    at runFiles (file:///D:/Code/text/test-videorag/Vimo-desktop/test_communication/node_modules/@vitest/runner/dist/index.js:1262:5)\n    at startTests (file:///D:/Code/text/test-videorag/Vimo-desktop/test_communication/node_modules/@vitest/runner/dist/index.js:1271:3)\n    at file:///D:/Code/text/test-videorag/Vimo-desktop/test_communication/node_modules/vitest/dist/chunks/runBaseTests.3qpJUEJM.js:126:11\n    at withEnv (file:///D:/Code/text/test-videorag/Vimo-desktop/test_communication/node_modules/vitest/dist/chunks/runBaseTests.3qpJUEJM.js:90:5)\n    at run (file:///D:/Code/text/test-videorag/Vimo-desktop/test_communication/node_modules/vitest/dist/chunks/runBaseTests.3qpJUEJM.js:112:3)\n    at runBaseTests (file:///D:/Code/text/test-videorag/Vimo-desktop/test_communication/node_modules/vitest/dist/chunks/base.BZZh4cSm.js:29:3)"],"meta":{}},{"ancestorTitles":[],"fullName":"TC-SC-002 / recovery starts a fresh attempt without old scans initializing again","status":"failed","title":"TC-SC-002 / recovery starts a fresh attempt without old scans initializing again","duration":81.29079999999999,"failureMessages":["AssertionError: The first attempt must finish before retry: expected 'pending' to be 'rejected' // Object.is equality\n    at D:\\Code\\text\\test-videorag\\Vimo-desktop\\test_startup_configuration\\startup.test.ts:37:75\n    at file:///D:/Code/text/test-videorag/Vimo-desktop/test_communication/node_modules/@vitest/runner/dist/index.js:533:5\n    at runTest (file:///D:/Code/text/test-videorag/Vimo-desktop/test_communication/node_modules/@vitest/runner/dist/index.js:1056:11)\n    at runSuite (file:///D:/Code/text/test-videorag/Vimo-desktop/test_communication/node_modules/@vitest/runner/dist/index.js:1205:15)\n    at runFiles (file:///D:/Code/text/test-videorag/Vimo-desktop/test_communication/node_modules/@vitest/runner/dist/index.js:1262:5)\n    at startTests (file:///D:/Code/text/test-videorag/Vimo-desktop/test_communication/node_modules/@vitest/runner/dist/index.js:1271:3)\n    at file:///D:/Code/text/test-videorag/Vimo-desktop/test_communication/node_modules/vitest/dist/chunks/runBaseTests.3qpJUEJM.js:126:11\n    at withEnv (file:///D:/Code/text/test-videorag/Vimo-desktop/test_communication/node_modules/vitest/dist/chunks/runBaseTests.3qpJUEJM.js:90:5)\n    at run (file:///D:/Code/text/test-videorag/Vimo-desktop/test_communication/node_modules/vitest/dist/chunks/runBaseTests.3qpJUEJM.js:112:3)\n    at runBaseTests (file:///D:/Code/text/test-videorag/Vimo-desktop/test_communication/node_modules/vitest/dist/chunks/base.BZZh4cSm.js:29:3)","AssertionError: expected 1 to be +0 // Object.is equality\n    at D:\\Code\\text\\test-videorag\\Vimo-desktop\\test_startup_configuration\\startup.test.ts:38:35\n    at file:///D:/Code/text/test-videorag/Vimo-desktop/test_communication/node_modules/@vitest/runner/dist/index.js:533:5\n    at runTest (file:///D:/Code/text/test-videorag/Vimo-desktop/test_communication/node_modules/@vitest/runner/dist/index.js:1056:11)\n    at runSuite (file:///D:/Code/text/test-videorag/Vimo-desktop/test_communication/node_modules/@vitest/runner/dist/index.js:1205:15)\n    at runFiles (file:///D:/Code/text/test-videorag/Vimo-desktop/test_communication/node_modules/@vitest/runner/dist/index.js:1262:5)\n    at startTests (file:///D:/Code/text/test-videorag/Vimo-desktop/test_communication/node_modules/@vitest/runner/dist/index.js:1271:3)\n    at file:///D:/Code/text/test-videorag/Vimo-desktop/test_communication/node_modules/vitest/dist/chunks/runBaseTests.3qpJUEJM.js:126:11\n    at withEnv (file:///D:/Code/text/test-videorag/Vimo-desktop/test_communication/node_modules/vitest/dist/chunks/runBaseTests.3qpJUEJM.js:90:5)\n    at run (file:///D:/Code/text/test-videorag/Vimo-desktop/test_communication/node_modules/vitest/dist/chunks/runBaseTests.3qpJUEJM.js:112:3)\n    at runBaseTests (file:///D:/Code/text/test-videorag/Vimo-desktop/test_communication/node_modules/vitest/dist/chunks/base.BZZh4cSm.js:29:3)","AssertionError: An expired attempt must not become successful later: expected 'fulfilled' to be 'rejected' // Object.is equality\n    at D:\\Code\\text\\test-videorag\\Vimo-desktop\\test_startup_configuration\\startup.test.ts:44:84\n    at file:///D:/Code/text/test-videorag/Vimo-desktop/test_communication/node_modules/@vitest/runner/dist/index.js:533:5\n    at runTest (file:///D:/Code/text/test-videorag/Vimo-desktop/test_communication/node_modules/@vitest/runner/dist/index.js:1056:11)\n    at runSuite (file:///D:/Code/text/test-videorag/Vimo-desktop/test_communication/node_modules/@vitest/runner/dist/index.js:1205:15)\n    at runFiles (file:///D:/Code/text/test-videorag/Vimo-desktop/test_communication/node_modules/@vitest/runner/dist/index.js:1262:5)\n    at startTests (file:///D:/Code/text/test-videorag/Vimo-desktop/test_communication/node_modules/@vitest/runner/dist/index.js:1271:3)\n    at file:///D:/Code/text/test-videorag/Vimo-desktop/test_communication/node_modules/vitest/dist/chunks/runBaseTests.3qpJUEJM.js:126:11\n    at withEnv (file:///D:/Code/text/test-videorag/Vimo-desktop/test_communication/node_modules/vitest/dist/chunks/runBaseTests.3qpJUEJM.js:90:5)\n    at run (file:///D:/Code/text/test-videorag/Vimo-desktop/test_communication/node_modules/vitest/dist/chunks/runBaseTests.3qpJUEJM.js:112:3)\n    at runBaseTests (file:///D:/Code/text/test-videorag/Vimo-desktop/test_communication/node_modules/vitest/dist/chunks/base.BZZh4cSm.js:29:3)","AssertionError: Only the new attempt initializes: expected [] to have a length of 1 but got +0\n    at Proxy.<anonymous> (file:///D:/Code/text/test-videorag/Vimo-desktop/test_communication/node_modules/@vitest/expect/dist/index.js:1339:22)\n    at Proxy.<anonymous> (file:///D:/Code/text/test-videorag/Vimo-desktop/test_communication/node_modules/@vitest/expect/dist/index.js:979:17)\n    at Proxy.methodWrapper (file:///D:/Code/text/test-videorag/Vimo-desktop/test_communication/node_modules/chai/index.js:1686:25)\n    at D:\\Code\\text\\test-videorag\\Vimo-desktop\\test_startup_configuration\\startup.test.ts:45:74\n    at file:///D:/Code/text/test-videorag/Vimo-desktop/test_communication/node_modules/@vitest/runner/dist/index.js:533:5\n    at runTest (file:///D:/Code/text/test-videorag/Vimo-desktop/test_communication/node_modules/@vitest/runner/dist/index.js:1056:11)\n    at runSuite (file:///D:/Code/text/test-videorag/Vimo-desktop/test_communication/node_modules/@vitest/runner/dist/index.js:1205:15)\n    at runFiles (file:///D:/Code/text/test-videorag/Vimo-desktop/test_communication/node_modules/@vitest/runner/dist/index.js:1262:5)\n    at startTests (file:///D:/Code/text/test-videorag/Vimo-desktop/test_communication/node_modules/@vitest/runner/dist/index.js:1271:3)\n    at file:///D:/Code/text/test-videorag/Vimo-desktop/test_communication/node_modules/vitest/dist/chunks/runBaseTests.3qpJUEJM.js:126:11"],"meta":{}},{"ancestorTitles":[],"fullName":"TC-SC-002 / healthy backend with invalid configuration is not successful application startup","status":"failed","title":"TC-SC-002 / healthy backend with invalid configuration is not successful application startup","duration":31.38220000000001,"failureMessages":["AssertionError: expected { success: true, …(1) } to match object { success: false }\n(1 matching property omitted from actual)\n    at Proxy.<anonymous> (file:///D:/Code/text/test-videorag/Vimo-desktop/test_communication/node_modules/@vitest/expect/dist/index.js:1134:13)\n    at Proxy.<anonymous> (file:///D:/Code/text/test-videorag/Vimo-desktop/test_communication/node_modules/@vitest/expect/dist/index.js:972:17)\n    at Proxy.methodWrapper (file:///D:/Code/text/test-videorag/Vimo-desktop/test_communication/node_modules/chai/index.js:1686:25)\n    at D:\\Code\\text\\test-videorag\\Vimo-desktop\\test_startup_configuration\\startup.test.ts:55:24\n    at file:///D:/Code/text/test-videorag/Vimo-desktop/test_communication/node_modules/@vitest/runner/dist/index.js:533:5\n    at runTest (file:///D:/Code/text/test-videorag/Vimo-desktop/test_communication/node_modules/@vitest/runner/dist/index.js:1056:11)\n    at runSuite (file:///D:/Code/text/test-videorag/Vimo-desktop/test_communication/node_modules/@vitest/runner/dist/index.js:1205:15)\n    at runFiles (file:///D:/Code/text/test-videorag/Vimo-desktop/test_communication/node_modules/@vitest/runner/dist/index.js:1262:5)\n    at startTests (file:///D:/Code/text/test-videorag/Vimo-desktop/test_communication/node_modules/@vitest/runner/dist/index.js:1271:3)\n    at file:///D:/Code/text/test-videorag/Vimo-desktop/test_communication/node_modules/vitest/dist/chunks/runBaseTests.3qpJUEJM.js:126:11"],"meta":{}}],"startTime":1789989848497,"endTime":1789989848920.382,"status":"failed","message":"","name":"D:/Code/text/test-videorag/Vimo-desktop/test_startup_configuration/startup.test.ts"}]}