{"numTotalTestSuites":2,"numPassedTestSuites":2,"numFailedTestSuites":0,"numPendingTestSuites":0,"numTotalTests":2,"numPassedTests":2,"numFailedTests":0,"numPendingTests":0,"numTodoTests":0,"snapshot":{"added":0,"failure":false,"filesAdded":0,"filesRemoved":0,"filesRemovedList":[],"filesUnmatched":0,"filesUpdated":0,"matched":0,"total":0,"unchecked":0,"uncheckedKeysByFile":[],"unmatched":0,"updated":0,"didUpdate":false},"startTime":1790009963722,"success":true,"testResults":[{"assertionResults":[{"ancestorTitles":[],"fullName":"TC-VQ-003 / timeout ends polling, preserves history and permits successful retry","status":"passed","title":"TC-VQ-003 / timeout ends polling, preserves history and permits successful retry","duration":24.51369999999997,"failureMessages":[],"meta":{}}],"startTime":1790009965049,"endTime":1790009965073.5137,"status":"passed","message":"","name":"D:/file/file/华科/作业/软件质量测试/test-videorag/Vimo-desktop/autotest_Video Query/query_recovery.test.tsx"},{"assertionResults":[{"ancestorTitles":[],"fullName":"TC-VQ-004 / B waits for A and each question receives its own answer","status":"passed","title":"TC-VQ-004 / B waits for A and each question receives its own answer","duration":23.378600000000006,"failureMessages":[],"meta":{}}],"startTime":1790009965729,"endTime":1790009965752.3787,"status":"passed","message":"","name":"D:/file/file/华科/作业/软件质量测试/test-videorag/Vimo-desktop/autotest_Video Query/query_submission.test.tsx"}]}