{"numTotalTestSuites":2,"numPassedTestSuites":1,"numFailedTestSuites":1,"numPendingTestSuites":0,"numTotalTests":10,"numPassedTests":9,"numFailedTests":1,"numPendingTests":0,"numTodoTests":0,"snapshot":{"added":0,"failure":false,"filesAdded":0,"filesRemoved":0,"filesRemovedList":[],"filesUnmatched":0,"filesUpdated":0,"matched":0,"total":0,"unchecked":0,"uncheckedKeysByFile":[],"unmatched":0,"updated":0,"didUpdate":false},"startTime":1789995192949,"success":false,"testResults":[{"assertionResults":[{"ancestorTitles":[],"fullName":"TC-VQ-003 / timeout ends polling, preserves history and permits successful retry","status":"passed","title":"TC-VQ-003 / timeout ends polling, preserves history and permits successful retry","duration":89.08599999999979,"failureMessages":[],"meta":{}}],"startTime":1789995201265,"endTime":1789995201354.086,"status":"passed","message":"","name":"D:/Code/text/test-videorag/Vimo-desktop/test_video_query/query_recovery.test.tsx"},{"assertionResults":[{"ancestorTitles":[],"fullName":"TC-VQ-001 / blank \"\" never dispatches a query","status":"passed","title":"TC-VQ-001 / blank \"\" never dispatches a query","duration":55.46380000000045,"failureMessages":[],"meta":{}},{"ancestorTitles":[],"fullName":"TC-VQ-001 / blank \"   \" never dispatches a query","status":"passed","title":"TC-VQ-001 / blank \"   \" never dispatches a query","duration":9.60609999999997,"failureMessages":[],"meta":{}},{"ancestorTitles":[],"fullName":"TC-VQ-001 / blank \"\\n\" never dispatches a query","status":"passed","title":"TC-VQ-001 / blank \"\\n\" never dispatches a query","duration":7.171400000000176,"failureMessages":[],"meta":{}},{"ancestorTitles":[],"fullName":"TC-VQ-001 / blank \"\\t\" never dispatches a query","status":"passed","title":"TC-VQ-001 / blank \"\\t\" never dispatches a query","duration":6.284599999999955,"failureMessages":[],"meta":{}},{"ancestorTitles":[],"fullName":"TC-VQ-001 / blank \" \\n\\t \" never dispatches a query","status":"passed","title":"TC-VQ-001 / blank \" \\n\\t \" never dispatches a query","duration":6.461099999999533,"failureMessages":[],"meta":{}},{"ancestorTitles":[],"fullName":"TC-VQ-001 / valid question is trimmed and dispatched once","status":"failed","title":"TC-VQ-001 / valid question is trimmed and dispatched once","duration":23.457499999999527,"failureMessages":["Error: Invalid Chai property: toHaveBeenCalledExactlyOnceWith\n    at Object.proxyGetter [as get] (file:///D:/Code/text/test-videorag/Vimo-desktop/test_renderer/node_modules/chai/index.js:1639:17)\n    at D:\\Code\\text\\test-videorag\\Vimo-desktop\\test_video_query\\query_submission.test.tsx:14:33\n    at file:///D:/Code/text/test-videorag/Vimo-desktop/test_renderer/node_modules/@vitest/runner/dist/index.js:533:5\n    at runTest (file:///D:/Code/text/test-videorag/Vimo-desktop/test_renderer/node_modules/@vitest/runner/dist/index.js:1056:11)\n    at runSuite (file:///D:/Code/text/test-videorag/Vimo-desktop/test_renderer/node_modules/@vitest/runner/dist/index.js:1205:15)\n    at runFiles (file:///D:/Code/text/test-videorag/Vimo-desktop/test_renderer/node_modules/@vitest/runner/dist/index.js:1262:5)\n    at startTests (file:///D:/Code/text/test-videorag/Vimo-desktop/test_renderer/node_modules/@vitest/runner/dist/index.js:1271:3)\n    at file:///D:/Code/text/test-videorag/Vimo-desktop/test_renderer/node_modules/vitest/dist/chunks/runBaseTests.3qpJUEJM.js:126:11\n    at withEnv (file:///D:/Code/text/test-videorag/Vimo-desktop/test_renderer/node_modules/vitest/dist/chunks/runBaseTests.3qpJUEJM.js:90:5)\n    at run (file:///D:/Code/text/test-videorag/Vimo-desktop/test_renderer/node_modules/vitest/dist/chunks/runBaseTests.3qpJUEJM.js:112:3)"],"meta":{}},{"ancestorTitles":[],"fullName":"TC-VQ-002 / none session cannot submit a model query","status":"passed","title":"TC-VQ-002 / none session cannot submit a model query","duration":6.607299999999668,"failureMessages":[],"meta":{}},{"ancestorTitles":[],"fullName":"TC-VQ-002 / analyzing session cannot submit a model query","status":"passed","title":"TC-VQ-002 / analyzing session cannot submit a model query","duration":5.004899999999907,"failureMessages":[],"meta":{}},{"ancestorTitles":[],"fullName":"TC-VQ-004 / B is blocked during A then answers stay paired after retry","status":"passed","title":"TC-VQ-004 / B is blocked during A then answers stay paired after retry","duration":27.478699999999662,"failureMessages":[],"meta":{}}],"startTime":1789995198025,"endTime":1789995198173.4788,"status":"failed","message":"","name":"D:/Code/text/test-videorag/Vimo-desktop/test_video_query/query_submission.test.tsx"}]}