<?xml version="1.0" encoding="utf-8"?><testsuites><testsuite name="pytest" errors="0" failures="11" skipped="0" tests="12" time="1.775" timestamp="2026-09-21T20:51:32.555069" hostname="LAPTOP-E0T3TRBE"><testcase classname="test_query_concurrency" name="test_TC_VQ_004_busy_session_rejects_B_preserves_A_then_accepts_B" time="0.845"><failure message="AssertionError: BLOCKED_BEFORE_WORKER: valid query could not start; do not attribute this to model recovery or concurrency yet. Response: {'error': &quot;Query error: [WinError 183] 当文件已存在时，无法创建该文件。: 'D:\\\\Code\\\\text\\\\test-videorag\\\\Vimo-desktop\\\\test_video_query\\\\results\\\\2026-09-21T12-51-31-353174Z-29340\\\\pytest-temp\\\\test_TC_VQ_004_busy_session_re0\\\\chat-vq-session\\\\status.json.tmp' -&gt; 'D:\\\\Code\\\\text\\\\test-videorag\\\\Vimo-desktop\\\\test_video_query\\\\results\\\\2026-09-21T12-51-31-353174Z-29340\\\\pytest-temp\\\\test_TC_VQ_004_busy_session_re0\\\\chat-vq-session\\\\status.json'&quot;, 'success': False}&#10;assert 500 == 200&#10; +  where 500 = &lt;WrapperTestResponse streamed [500 INTERNAL SERVER ERROR]&gt;.status_code">runtime = &lt;conftest.runtime.&lt;locals&gt;.Runtime object at 0x000002A7CE43BDA0&gt;
model = &lt;MagicMock id='2919743747808'&gt;

    def test_TC_VQ_004_busy_session_rejects_B_preserves_A_then_accepts_B(runtime, model):
        runtime.prepare()
        model.side_effect = lambda query, param: "answer to " + query
&gt;       first = require_started(runtime.query("question A"), runtime)

test_query_concurrency.py:7: 
_ _ _ _ _ _ _ _ _ _ _ _ _ _ _ _ _ _ _ _ _ _ _ _ _ _ _ _ _ _ _ _ _ _ _ _ _ _ _ _

response = &lt;WrapperTestResponse 573 bytes [500 INTERNAL SERVER ERROR]&gt;
runtime = &lt;conftest.runtime.&lt;locals&gt;.Runtime object at 0x000002A7CE43BDA0&gt;

    def require_started(response, runtime):
&gt;       assert response.status_code == 200, (
            "BLOCKED_BEFORE_WORKER: valid query could not start; do not attribute this "
            f"to model recovery or concurrency yet. Response: {response.get_json()}"
        )
E       AssertionError: BLOCKED_BEFORE_WORKER: valid query could not start; do not attribute this to model recovery or concurrency yet. Response: {'error': "Query error: [WinError 183] 当文件已存在时，无法创建该文件。: 'D:\\\\Code\\\\text\\\\test-videorag\\\\Vimo-desktop\\\\test_video_query\\\\results\\\\2026-09-21T12-51-31-353174Z-29340\\\\pytest-temp\\\\test_TC_VQ_004_busy_session_re0\\\\chat-vq-session\\\\status.json.tmp' -&gt; 'D:\\\\Code\\\\text\\\\test-videorag\\\\Vimo-desktop\\\\test_video_query\\\\results\\\\2026-09-21T12-51-31-353174Z-29340\\\\pytest-temp\\\\test_TC_VQ_004_busy_session_re0\\\\chat-vq-session\\\\status.json'", 'success': False}
E       assert 500 == 200
E        +  where 500 = &lt;WrapperTestResponse streamed [500 INTERNAL SERVER ERROR]&gt;.status_code

conftest.py:147: AssertionError</failure></testcase><testcase classname="test_query_readiness" name="test_query_requires_ready_session[TC-VQ-002-missing]" time="0.042"><failure message="AssertionError: assert {'created_pro...': False, ...} == {'created_pro...d': True, ...}&#10;  Differing items:&#10;  {'success': True} != {'success': False}&#10;  {'directory_exists': True} != {'directory_exists': False}&#10;  {'http': 200} != {'http': 404}&#10;  {'state_unchanged': False} != {'state_unchanged': True}&#10;  {'created_processes': 1} != {'created_processes': 0}&#10;  Use -v to get more diff">runtime = &lt;conftest.runtime.&lt;locals&gt;.Runtime object at 0x000002A7CE4CE2A0&gt;
state = 'missing', expected = 404

    @pytest.mark.parametrize("state,expected", [("missing", 404), ("none", 409), ("processing", 409)],
                             ids=["TC-VQ-002-missing", "TC-VQ-002-unindexed", "TC-VQ-002-indexing"])
    def test_query_requires_ready_session(runtime, state, expected):
        if state != "missing":
            runtime.prepare(state)
        before = runtime.status_file.read_bytes() if runtime.status_file.exists() else None
        response = runtime.query("question")
        after = runtime.status_file.read_bytes() if runtime.status_file.exists() else None
&gt;       assert {"http": response.status_code, "success": response.get_json().get("success"),
                "created_processes": len(runtime.processes), "state_unchanged": after == before,
                "directory_exists": runtime.directory.exists()} == {
                    "http": expected, "success": False, "created_processes": 0,
                    "state_unchanged": True, "directory_exists": state != "missing"}
E       AssertionError: assert {'created_pro...': False, ...} == {'created_pro...d': True, ...}
E         Differing items:
E         {'success': True} != {'success': False}
E         {'directory_exists': True} != {'directory_exists': False}
E         {'http': 200} != {'http': 404}
E         {'state_unchanged': False} != {'state_unchanged': True}
E         {'created_processes': 1} != {'created_processes': 0}
E         Use -v to get more diff

test_query_readiness.py:13: AssertionError</failure></testcase><testcase classname="test_query_readiness" name="test_query_requires_ready_session[TC-VQ-002-unindexed]" time="0.033"><failure message="AssertionError: assert {'created_pro...d': True, ...} == {'created_pro...d': True, ...}&#10;  Omitting 4 identical items, use -vv to show&#10;  Differing items:&#10;  {'http': 500} != {'http': 409}&#10;  Use -v to get more diff">runtime = &lt;conftest.runtime.&lt;locals&gt;.Runtime object at 0x000002A7CE53BE90&gt;
state = 'none', expected = 409

    @pytest.mark.parametrize("state,expected", [("missing", 404), ("none", 409), ("processing", 409)],
                             ids=["TC-VQ-002-missing", "TC-VQ-002-unindexed", "TC-VQ-002-indexing"])
    def test_query_requires_ready_session(runtime, state, expected):
        if state != "missing":
            runtime.prepare(state)
        before = runtime.status_file.read_bytes() if runtime.status_file.exists() else None
        response = runtime.query("question")
        after = runtime.status_file.read_bytes() if runtime.status_file.exists() else None
&gt;       assert {"http": response.status_code, "success": response.get_json().get("success"),
                "created_processes": len(runtime.processes), "state_unchanged": after == before,
                "directory_exists": runtime.directory.exists()} == {
                    "http": expected, "success": False, "created_processes": 0,
                    "state_unchanged": True, "directory_exists": state != "missing"}
E       AssertionError: assert {'created_pro...d': True, ...} == {'created_pro...d': True, ...}
E         Omitting 4 identical items, use -vv to show
E         Differing items:
E         {'http': 500} != {'http': 409}
E         Use -v to get more diff

test_query_readiness.py:13: AssertionError</failure></testcase><testcase classname="test_query_readiness" name="test_query_requires_ready_session[TC-VQ-002-indexing]" time="0.044"><failure message="AssertionError: assert {'created_pro...d': True, ...} == {'created_pro...d': True, ...}&#10;  Omitting 4 identical items, use -vv to show&#10;  Differing items:&#10;  {'http': 500} != {'http': 409}&#10;  Use -v to get more diff">runtime = &lt;conftest.runtime.&lt;locals&gt;.Runtime object at 0x000002A7CE57AE10&gt;
state = 'processing', expected = 409

    @pytest.mark.parametrize("state,expected", [("missing", 404), ("none", 409), ("processing", 409)],
                             ids=["TC-VQ-002-missing", "TC-VQ-002-unindexed", "TC-VQ-002-indexing"])
    def test_query_requires_ready_session(runtime, state, expected):
        if state != "missing":
            runtime.prepare(state)
        before = runtime.status_file.read_bytes() if runtime.status_file.exists() else None
        response = runtime.query("question")
        after = runtime.status_file.read_bytes() if runtime.status_file.exists() else None
&gt;       assert {"http": response.status_code, "success": response.get_json().get("success"),
                "created_processes": len(runtime.processes), "state_unchanged": after == before,
                "directory_exists": runtime.directory.exists()} == {
                    "http": expected, "success": False, "created_processes": 0,
                    "state_unchanged": True, "directory_exists": state != "missing"}
E       AssertionError: assert {'created_pro...d': True, ...} == {'created_pro...d': True, ...}
E         Omitting 4 identical items, use -vv to show
E         Differing items:
E         {'http': 500} != {'http': 409}
E         Use -v to get more diff

test_query_readiness.py:13: AssertionError</failure></testcase><testcase classname="test_query_readiness" name="test_TC_VQ_002_completed_session_can_start_query" time="0.032"><failure message="AssertionError: BLOCKED_BEFORE_WORKER: valid query could not start; do not attribute this to model recovery or concurrency yet. Response: {'error': &quot;Query error: [WinError 183] 当文件已存在时，无法创建该文件。: 'D:\\\\Code\\\\text\\\\test-videorag\\\\Vimo-desktop\\\\test_video_query\\\\results\\\\2026-09-21T12-51-31-353174Z-29340\\\\pytest-temp\\\\test_TC_VQ_002_completed_sessi0\\\\chat-vq-session\\\\status.json.tmp' -&gt; 'D:\\\\Code\\\\text\\\\test-videorag\\\\Vimo-desktop\\\\test_video_query\\\\results\\\\2026-09-21T12-51-31-353174Z-29340\\\\pytest-temp\\\\test_TC_VQ_002_completed_sessi0\\\\chat-vq-session\\\\status.json'&quot;, 'success': False}&#10;assert 500 == 200&#10; +  where 500 = &lt;WrapperTestResponse streamed [500 INTERNAL SERVER ERROR]&gt;.status_code">runtime = &lt;conftest.runtime.&lt;locals&gt;.Runtime object at 0x000002A7CA18C230&gt;

    def test_TC_VQ_002_completed_session_can_start_query(runtime):
        runtime.prepare()
&gt;       process = require_started(runtime.query("question"), runtime)

test_query_readiness.py:22: 
_ _ _ _ _ _ _ _ _ _ _ _ _ _ _ _ _ _ _ _ _ _ _ _ _ _ _ _ _ _ _ _ _ _ _ _ _ _ _ _

response = &lt;WrapperTestResponse 573 bytes [500 INTERNAL SERVER ERROR]&gt;
runtime = &lt;conftest.runtime.&lt;locals&gt;.Runtime object at 0x000002A7CA18C230&gt;

    def require_started(response, runtime):
&gt;       assert response.status_code == 200, (
            "BLOCKED_BEFORE_WORKER: valid query could not start; do not attribute this "
            f"to model recovery or concurrency yet. Response: {response.get_json()}"
        )
E       AssertionError: BLOCKED_BEFORE_WORKER: valid query could not start; do not attribute this to model recovery or concurrency yet. Response: {'error': "Query error: [WinError 183] 当文件已存在时，无法创建该文件。: 'D:\\\\Code\\\\text\\\\test-videorag\\\\Vimo-desktop\\\\test_video_query\\\\results\\\\2026-09-21T12-51-31-353174Z-29340\\\\pytest-temp\\\\test_TC_VQ_002_completed_sessi0\\\\chat-vq-session\\\\status.json.tmp' -&gt; 'D:\\\\Code\\\\text\\\\test-videorag\\\\Vimo-desktop\\\\test_video_query\\\\results\\\\2026-09-21T12-51-31-353174Z-29340\\\\pytest-temp\\\\test_TC_VQ_002_completed_sessi0\\\\chat-vq-session\\\\status.json'", 'success': False}
E       assert 500 == 200
E        +  where 500 = &lt;WrapperTestResponse streamed [500 INTERNAL SERVER ERROR]&gt;.status_code

conftest.py:147: AssertionError</failure></testcase><testcase classname="test_query_recovery" name="test_TC_VQ_003_timeout_clears_active_answer_and_allows_retry" time="0.049"><failure message="AssertionError: BLOCKED_BEFORE_WORKER: valid query could not start; do not attribute this to model recovery or concurrency yet. Response: {'error': &quot;Query error: [WinError 183] 当文件已存在时，无法创建该文件。: 'D:\\\\Code\\\\text\\\\test-videorag\\\\Vimo-desktop\\\\test_video_query\\\\results\\\\2026-09-21T12-51-31-353174Z-29340\\\\pytest-temp\\\\test_TC_VQ_003_timeout_clears_0\\\\chat-vq-session\\\\status.json.tmp' -&gt; 'D:\\\\Code\\\\text\\\\test-videorag\\\\Vimo-desktop\\\\test_video_query\\\\results\\\\2026-09-21T12-51-31-353174Z-29340\\\\pytest-temp\\\\test_TC_VQ_003_timeout_clears_0\\\\chat-vq-session\\\\status.json'&quot;, 'success': False}&#10;assert 500 == 200&#10; +  where 500 = &lt;WrapperTestResponse streamed [500 INTERNAL SERVER ERROR]&gt;.status_code">runtime = &lt;conftest.runtime.&lt;locals&gt;.Runtime object at 0x000002A7CE53A570&gt;
model = &lt;MagicMock id='2919743938176'&gt;

    def test_TC_VQ_003_timeout_clears_active_answer_and_allows_retry(runtime, model):
        runtime.prepare(old_answer="old answer")
        model.side_effect = TimeoutError("model timed out")
&gt;       process = require_started(runtime.query("failing question"), runtime)

test_query_recovery.py:7: 
_ _ _ _ _ _ _ _ _ _ _ _ _ _ _ _ _ _ _ _ _ _ _ _ _ _ _ _ _ _ _ _ _ _ _ _ _ _ _ _

response = &lt;WrapperTestResponse 573 bytes [500 INTERNAL SERVER ERROR]&gt;
runtime = &lt;conftest.runtime.&lt;locals&gt;.Runtime object at 0x000002A7CE53A570&gt;

    def require_started(response, runtime):
&gt;       assert response.status_code == 200, (
            "BLOCKED_BEFORE_WORKER: valid query could not start; do not attribute this "
            f"to model recovery or concurrency yet. Response: {response.get_json()}"
        )
E       AssertionError: BLOCKED_BEFORE_WORKER: valid query could not start; do not attribute this to model recovery or concurrency yet. Response: {'error': "Query error: [WinError 183] 当文件已存在时，无法创建该文件。: 'D:\\\\Code\\\\text\\\\test-videorag\\\\Vimo-desktop\\\\test_video_query\\\\results\\\\2026-09-21T12-51-31-353174Z-29340\\\\pytest-temp\\\\test_TC_VQ_003_timeout_clears_0\\\\chat-vq-session\\\\status.json.tmp' -&gt; 'D:\\\\Code\\\\text\\\\test-videorag\\\\Vimo-desktop\\\\test_video_query\\\\results\\\\2026-09-21T12-51-31-353174Z-29340\\\\pytest-temp\\\\test_TC_VQ_003_timeout_clears_0\\\\chat-vq-session\\\\status.json'", 'success': False}
E       assert 500 == 200
E        +  where 500 = &lt;WrapperTestResponse streamed [500 INTERNAL SERVER ERROR]&gt;.status_code

conftest.py:147: AssertionError</failure></testcase><testcase classname="test_query_validation" name="test_blank_query_is_rejected_before_dispatch[TC-VQ-001-empty]" time="0.038"><failure message="AssertionError: assert {'dispatches'...leted'}}, ...} == {'dispatches'...leted'}}, ...}&#10;  Omitting 2 identical items, use -vv to show&#10;  Differing items:&#10;  {'success': True} != {'success': False}&#10;  {'http': 200} != {'http': 400}&#10;  {'dispatches': 1} != {'dispatches': 0}&#10;  Use -v to get more diff">runtime = &lt;conftest.runtime.&lt;locals&gt;.Runtime object at 0x000002A7CE53B7A0&gt;
monkeypatch = &lt;_pytest.monkeypatch.MonkeyPatch object at 0x000002A7CE4CF0E0&gt;
query = ''

    @pytest.mark.parametrize("query", ["", "   ", "\n", "\t", " \n\t "],
                             ids=["TC-VQ-001-empty", "TC-VQ-001-spaces", "TC-VQ-001-newline", "TC-VQ-001-tab", "TC-VQ-001-mixed"])
    def test_blank_query_is_rejected_before_dispatch(runtime, monkeypatch, query):
        before = runtime.prepare()
        # Narrow route-contract check. Real manager integration is exercised separately.
        dispatch = MagicMock(return_value=True)
        monkeypatch.setattr(runtime.manager, "start_query_processing", dispatch)
        response = runtime.query(query)
        observed = {"http": response.status_code, "success": response.get_json().get("success"),
                    "dispatches": dispatch.call_count, "processes": len(runtime.processes),
                    "state": runtime.status()}
&gt;       assert observed == {"http": 400, "success": False, "dispatches": 0, "processes": 0, "state": before}
E       AssertionError: assert {'dispatches'...leted'}}, ...} == {'dispatches'...leted'}}, ...}
E         Omitting 2 identical items, use -vv to show
E         Differing items:
E         {'success': True} != {'success': False}
E         {'http': 200} != {'http': 400}
E         {'dispatches': 1} != {'dispatches': 0}
E         Use -v to get more diff

test_query_validation.py:16: AssertionError</failure></testcase><testcase classname="test_query_validation" name="test_blank_query_is_rejected_before_dispatch[TC-VQ-001-spaces]" time="0.036"><failure message="AssertionError: assert {'dispatches'...leted'}}, ...} == {'dispatches'...leted'}}, ...}&#10;  Omitting 2 identical items, use -vv to show&#10;  Differing items:&#10;  {'success': True} != {'success': False}&#10;  {'http': 200} != {'http': 400}&#10;  {'dispatches': 1} != {'dispatches': 0}&#10;  Use -v to get more diff">runtime = &lt;conftest.runtime.&lt;locals&gt;.Runtime object at 0x000002A7CE621580&gt;
monkeypatch = &lt;_pytest.monkeypatch.MonkeyPatch object at 0x000002A7CE60FC20&gt;
query = '   '

    @pytest.mark.parametrize("query", ["", "   ", "\n", "\t", " \n\t "],
                             ids=["TC-VQ-001-empty", "TC-VQ-001-spaces", "TC-VQ-001-newline", "TC-VQ-001-tab", "TC-VQ-001-mixed"])
    def test_blank_query_is_rejected_before_dispatch(runtime, monkeypatch, query):
        before = runtime.prepare()
        # Narrow route-contract check. Real manager integration is exercised separately.
        dispatch = MagicMock(return_value=True)
        monkeypatch.setattr(runtime.manager, "start_query_processing", dispatch)
        response = runtime.query(query)
        observed = {"http": response.status_code, "success": response.get_json().get("success"),
                    "dispatches": dispatch.call_count, "processes": len(runtime.processes),
                    "state": runtime.status()}
&gt;       assert observed == {"http": 400, "success": False, "dispatches": 0, "processes": 0, "state": before}
E       AssertionError: assert {'dispatches'...leted'}}, ...} == {'dispatches'...leted'}}, ...}
E         Omitting 2 identical items, use -vv to show
E         Differing items:
E         {'success': True} != {'success': False}
E         {'http': 200} != {'http': 400}
E         {'dispatches': 1} != {'dispatches': 0}
E         Use -v to get more diff

test_query_validation.py:16: AssertionError</failure></testcase><testcase classname="test_query_validation" name="test_blank_query_is_rejected_before_dispatch[TC-VQ-001-newline]" time="0.036"><failure message="AssertionError: assert {'dispatches'...leted'}}, ...} == {'dispatches'...leted'}}, ...}&#10;  Omitting 2 identical items, use -vv to show&#10;  Differing items:&#10;  {'success': True} != {'success': False}&#10;  {'http': 200} != {'http': 400}&#10;  {'dispatches': 1} != {'dispatches': 0}&#10;  Use -v to get more diff">runtime = &lt;conftest.runtime.&lt;locals&gt;.Runtime object at 0x000002A7CE66C9B0&gt;
monkeypatch = &lt;_pytest.monkeypatch.MonkeyPatch object at 0x000002A7CE645220&gt;
query = '\n'

    @pytest.mark.parametrize("query", ["", "   ", "\n", "\t", " \n\t "],
                             ids=["TC-VQ-001-empty", "TC-VQ-001-spaces", "TC-VQ-001-newline", "TC-VQ-001-tab", "TC-VQ-001-mixed"])
    def test_blank_query_is_rejected_before_dispatch(runtime, monkeypatch, query):
        before = runtime.prepare()
        # Narrow route-contract check. Real manager integration is exercised separately.
        dispatch = MagicMock(return_value=True)
        monkeypatch.setattr(runtime.manager, "start_query_processing", dispatch)
        response = runtime.query(query)
        observed = {"http": response.status_code, "success": response.get_json().get("success"),
                    "dispatches": dispatch.call_count, "processes": len(runtime.processes),
                    "state": runtime.status()}
&gt;       assert observed == {"http": 400, "success": False, "dispatches": 0, "processes": 0, "state": before}
E       AssertionError: assert {'dispatches'...leted'}}, ...} == {'dispatches'...leted'}}, ...}
E         Omitting 2 identical items, use -vv to show
E         Differing items:
E         {'success': True} != {'success': False}
E         {'http': 200} != {'http': 400}
E         {'dispatches': 1} != {'dispatches': 0}
E         Use -v to get more diff

test_query_validation.py:16: AssertionError</failure></testcase><testcase classname="test_query_validation" name="test_blank_query_is_rejected_before_dispatch[TC-VQ-001-tab]" time="0.027"><failure message="AssertionError: assert {'dispatches'...leted'}}, ...} == {'dispatches'...leted'}}, ...}&#10;  Omitting 2 identical items, use -vv to show&#10;  Differing items:&#10;  {'success': True} != {'success': False}&#10;  {'http': 200} != {'http': 400}&#10;  {'dispatches': 1} != {'dispatches': 0}&#10;  Use -v to get more diff">runtime = &lt;conftest.runtime.&lt;locals&gt;.Runtime object at 0x000002A7CE4CFB60&gt;
monkeypatch = &lt;_pytest.monkeypatch.MonkeyPatch object at 0x000002A7CE4CF290&gt;
query = '\t'

    @pytest.mark.parametrize("query", ["", "   ", "\n", "\t", " \n\t "],
                             ids=["TC-VQ-001-empty", "TC-VQ-001-spaces", "TC-VQ-001-newline", "TC-VQ-001-tab", "TC-VQ-001-mixed"])
    def test_blank_query_is_rejected_before_dispatch(runtime, monkeypatch, query):
        before = runtime.prepare()
        # Narrow route-contract check. Real manager integration is exercised separately.
        dispatch = MagicMock(return_value=True)
        monkeypatch.setattr(runtime.manager, "start_query_processing", dispatch)
        response = runtime.query(query)
        observed = {"http": response.status_code, "success": response.get_json().get("success"),
                    "dispatches": dispatch.call_count, "processes": len(runtime.processes),
                    "state": runtime.status()}
&gt;       assert observed == {"http": 400, "success": False, "dispatches": 0, "processes": 0, "state": before}
E       AssertionError: assert {'dispatches'...leted'}}, ...} == {'dispatches'...leted'}}, ...}
E         Omitting 2 identical items, use -vv to show
E         Differing items:
E         {'success': True} != {'success': False}
E         {'http': 200} != {'http': 400}
E         {'dispatches': 1} != {'dispatches': 0}
E         Use -v to get more diff

test_query_validation.py:16: AssertionError</failure></testcase><testcase classname="test_query_validation" name="test_blank_query_is_rejected_before_dispatch[TC-VQ-001-mixed]" time="0.036"><failure message="AssertionError: assert {'dispatches'...leted'}}, ...} == {'dispatches'...leted'}}, ...}&#10;  Omitting 2 identical items, use -vv to show&#10;  Differing items:&#10;  {'success': True} != {'success': False}&#10;  {'http': 200} != {'http': 400}&#10;  {'dispatches': 1} != {'dispatches': 0}&#10;  Use -v to get more diff">runtime = &lt;conftest.runtime.&lt;locals&gt;.Runtime object at 0x000002A7CE564DD0&gt;
monkeypatch = &lt;_pytest.monkeypatch.MonkeyPatch object at 0x000002A7CE5DFA10&gt;
query = ' \n\t '

    @pytest.mark.parametrize("query", ["", "   ", "\n", "\t", " \n\t "],
                             ids=["TC-VQ-001-empty", "TC-VQ-001-spaces", "TC-VQ-001-newline", "TC-VQ-001-tab", "TC-VQ-001-mixed"])
    def test_blank_query_is_rejected_before_dispatch(runtime, monkeypatch, query):
        before = runtime.prepare()
        # Narrow route-contract check. Real manager integration is exercised separately.
        dispatch = MagicMock(return_value=True)
        monkeypatch.setattr(runtime.manager, "start_query_processing", dispatch)
        response = runtime.query(query)
        observed = {"http": response.status_code, "success": response.get_json().get("success"),
                    "dispatches": dispatch.call_count, "processes": len(runtime.processes),
                    "state": runtime.status()}
&gt;       assert observed == {"http": 400, "success": False, "dispatches": 0, "processes": 0, "state": before}
E       AssertionError: assert {'dispatches'...leted'}}, ...} == {'dispatches'...leted'}}, ...}
E         Omitting 2 identical items, use -vv to show
E         Differing items:
E         {'success': True} != {'success': False}
E         {'http': 200} != {'http': 400}
E         {'dispatches': 1} != {'dispatches': 0}
E         Use -v to get more diff

test_query_validation.py:16: AssertionError</failure></testcase><testcase classname="test_query_validation" name="test_TC_VQ_001_valid_query_is_trimmed_and_dispatched_once" time="0.052" /></testsuite></testsuites>