{"numTotalTestSuites":2,"numPassedTestSuites":2,"numFailedTestSuites":0,"numPendingTestSuites":0,"numTotalTests":10,"numPassedTests":10,"numFailedTests":0,"numPendingTests":0,"numTodoTests":0,"snapshot":{"added":0,"failure":false,"filesAdded":0,"filesRemoved":0,"filesRemovedList":[],"filesUnmatched":0,"filesUpdated":0,"matched":0,"total":0,"unchecked":0,"uncheckedKeysByFile":[],"unmatched":0,"updated":0,"didUpdate":false},"startTime":1789995502037,"success":true,"testResults":[{"assertionResults":[{"ancestorTitles":[],"fullName":"TC-VQ-003 / timeout ends polling, preserves history and permits successful retry","status":"passed","title":"TC-VQ-003 / timeout ends polling, preserves history and permits successful retry","duration":37.49350000000004,"failureMessages":[],"meta":{}}],"startTime":1789995507542,"endTime":1789995507579.4934,"status":"passed","message":"","name":"D:/Code/text/test-videorag/Vimo-desktop/test_video_query/query_recovery.test.tsx"},{"assertionResults":[{"ancestorTitles":[],"fullName":"TC-VQ-001 / blank \"\" never dispatches a query","status":"passed","title":"TC-VQ-001 / blank \"\" never dispatches a query","duration":29.716100000000097,"failureMessages":[],"meta":{}},{"ancestorTitles":[],"fullName":"TC-VQ-001 / blank \"   \" never dispatches a query","status":"passed","title":"TC-VQ-001 / blank \"   \" never dispatches a query","duration":6.116799999999785,"failureMessages":[],"meta":{}},{"ancestorTitles":[],"fullName":"TC-VQ-001 / blank \"\\n\" never dispatches a query","status":"passed","title":"TC-VQ-001 / blank \"\\n\" never dispatches a query","duration":4.798400000000129,"failureMessages":[],"meta":{}},{"ancestorTitles":[],"fullName":"TC-VQ-001 / blank \"\\t\" never dispatches a query","status":"passed","title":"TC-VQ-001 / blank \"\\t\" never dispatches a query","duration":3.599699999999757,"failureMessages":[],"meta":{}},{"ancestorTitles":[],"fullName":"TC-VQ-001 / blank \" \\n\\t \" never dispatches a query","status":"passed","title":"TC-VQ-001 / blank \" \\n\\t \" never dispatches a query","duration":4.024199999999837,"failureMessages":[],"meta":{}},{"ancestorTitles":[],"fullName":"TC-VQ-001 / valid question is trimmed and dispatched once","status":"passed","title":"TC-VQ-001 / valid question is trimmed and dispatched once","duration":8.235700000000179,"failureMessages":[],"meta":{}},{"ancestorTitles":[],"fullName":"TC-VQ-002 / none session cannot submit a model query","status":"passed","title":"TC-VQ-002 / none session cannot submit a model query","duration":4.233000000000175,"failureMessages":[],"meta":{}},{"ancestorTitles":[],"fullName":"TC-VQ-002 / analyzing session cannot submit a model query","status":"passed","title":"TC-VQ-002 / analyzing session cannot submit a model query","duration":2.7150000000001455,"failureMessages":[],"meta":{}},{"ancestorTitles":[],"fullName":"TC-VQ-004 / B is blocked during A then answers stay paired after retry","status":"passed","title":"TC-VQ-004 / B is blocked during A then answers stay paired after retry","duration":12.459299999999985,"failureMessages":[],"meta":{}}],"startTime":1789995505466,"endTime":1789995505542.4592,"status":"passed","message":"","name":"D:/Code/text/test-videorag/Vimo-desktop/test_video_query/query_submission.test.tsx"}]}