{"numTotalTestSuites":3,"numPassedTestSuites":0,"numFailedTestSuites":3,"numPendingTestSuites":0,"numTotalTests":0,"numPassedTests":0,"numFailedTests":0,"numPendingTests":0,"numTodoTests":0,"snapshot":{"added":0,"failure":false,"filesAdded":0,"filesRemoved":0,"filesRemovedList":[],"filesUnmatched":0,"filesUpdated":0,"matched":0,"total":0,"unchecked":0,"uncheckedKeysByFile":[],"unmatched":0,"updated":0,"didUpdate":false},"startTime":1789989752735,"success":false,"testResults":[{"assertionResults":[],"startTime":1789989752735,"endTime":1789989752735,"status":"failed","message":"Cannot export hoisted variable. You can control hoisting behavior by placing the import from this file first.","name":"D:/Code/text/test-videorag/Vimo-desktop/test_startup_configuration/api_key_validation.test.ts"},{"assertionResults":[],"startTime":1789989752735,"endTime":1789989752735,"status":"failed","message":"Cannot export hoisted variable. You can control hoisting behavior by placing the import from this file first.","name":"D:/Code/text/test-videorag/Vimo-desktop/test_startup_configuration/configuration.test.ts"},{"assertionResults":[],"startTime":1789989752735,"endTime":1789989752735,"status":"failed","message":"Cannot export hoisted variable. You can control hoisting behavior by placing the import from this file first.","name":"D:/Code/text/test-videorag/Vimo-desktop/test_startup_configuration/startup.test.ts"}]}