{"numTotalTestSuites":2,"numPassedTestSuites":0,"numFailedTestSuites":2,"numPendingTestSuites":0,"numTotalTests":10,"numPassedTests":0,"numFailedTests":10,"numPendingTests":0,"numTodoTests":0,"snapshot":{"added":0,"failure":false,"filesAdded":0,"filesRemoved":0,"filesRemovedList":[],"filesUnmatched":0,"filesUpdated":0,"matched":0,"total":0,"unchecked":0,"uncheckedKeysByFile":[],"unmatched":0,"updated":0,"didUpdate":false},"startTime":1789995098190,"success":false,"testResults":[{"assertionResults":[{"ancestorTitles":[],"fullName":"TC-VQ-003 / timeout ends polling, preserves history and permits successful retry","status":"failed","title":"TC-VQ-003 / timeout ends polling, preserves history and permits successful retry","duration":35.08159999999998,"failureMessages":["TypeError: Cannot read properties of null (reading 'useRef')\n    at Module.useRef (D:\\Code\\text\\test-videorag\\Vimo-desktop\\node_modules\\react\\cjs\\react.development.js:1630:21)\n    at MemoryRouter (file:///D:/Code/text/test-videorag/Vimo-desktop/node_modules/react-router/dist/development/chunk-BV7QT456.mjs:7050:27)\n    at renderWithHooks (D:\\Code\\text\\test-videorag\\Vimo-desktop\\test_renderer\\node_modules\\react-dom\\cjs\\react-dom.development.js:15486:18)\n    at mountIndeterminateComponent (D:\\Code\\text\\test-videorag\\Vimo-desktop\\test_renderer\\node_modules\\react-dom\\cjs\\react-dom.development.js:20103:13)\n    at beginWork (D:\\Code\\text\\test-videorag\\Vimo-desktop\\test_renderer\\node_modules\\react-dom\\cjs\\react-dom.development.js:21626:16)\n    at beginWork$1 (D:\\Code\\text\\test-videorag\\Vimo-desktop\\test_renderer\\node_modules\\react-dom\\cjs\\react-dom.development.js:27465:14)\n    at performUnitOfWork (D:\\Code\\text\\test-videorag\\Vimo-desktop\\test_renderer\\node_modules\\react-dom\\cjs\\react-dom.development.js:26599:12)\n    at workLoopSync (D:\\Code\\text\\test-videorag\\Vimo-desktop\\test_renderer\\node_modules\\react-dom\\cjs\\react-dom.development.js:26505:5)\n    at renderRootSync (D:\\Code\\text\\test-videorag\\Vimo-desktop\\test_renderer\\node_modules\\react-dom\\cjs\\react-dom.development.js:26473:7)\n    at recoverFromConcurrentError (D:\\Code\\text\\test-videorag\\Vimo-desktop\\test_renderer\\node_modules\\react-dom\\cjs\\react-dom.development.js:25889:20)"],"meta":{}}],"startTime":1789995119479,"endTime":1789995119514.0815,"status":"failed","message":"","name":"D:/Code/text/test-videorag/Vimo-desktop/test_video_query/query_recovery.test.tsx"},{"assertionResults":[{"ancestorTitles":[],"fullName":"TC-VQ-001 / blank \"\" never dispatches a query","status":"failed","title":"TC-VQ-001 / blank \"\" never dispatches a query","duration":35.042099999998754,"failureMessages":["TypeError: Cannot read properties of null (reading 'useRef')\n    at Module.useRef (D:\\Code\\text\\test-videorag\\Vimo-desktop\\node_modules\\react\\cjs\\react.development.js:1630:21)\n    at MemoryRouter (file:///D:/Code/text/test-videorag/Vimo-desktop/node_modules/react-router/dist/development/chunk-BV7QT456.mjs:7050:27)\n    at renderWithHooks (D:\\Code\\text\\test-videorag\\Vimo-desktop\\test_renderer\\node_modules\\react-dom\\cjs\\react-dom.development.js:15486:18)\n    at mountIndeterminateComponent (D:\\Code\\text\\test-videorag\\Vimo-desktop\\test_renderer\\node_modules\\react-dom\\cjs\\react-dom.development.js:20103:13)\n    at beginWork (D:\\Code\\text\\test-videorag\\Vimo-desktop\\test_renderer\\node_modules\\react-dom\\cjs\\react-dom.development.js:21626:16)\n    at beginWork$1 (D:\\Code\\text\\test-videorag\\Vimo-desktop\\test_renderer\\node_modules\\react-dom\\cjs\\react-dom.development.js:27465:14)\n    at performUnitOfWork (D:\\Code\\text\\test-videorag\\Vimo-desktop\\test_renderer\\node_modules\\react-dom\\cjs\\react-dom.development.js:26599:12)\n    at workLoopSync (D:\\Code\\text\\test-videorag\\Vimo-desktop\\test_renderer\\node_modules\\react-dom\\cjs\\react-dom.development.js:26505:5)\n    at renderRootSync (D:\\Code\\text\\test-videorag\\Vimo-desktop\\test_renderer\\node_modules\\react-dom\\cjs\\react-dom.development.js:26473:7)\n    at recoverFromConcurrentError (D:\\Code\\text\\test-videorag\\Vimo-desktop\\test_renderer\\node_modules\\react-dom\\cjs\\react-dom.development.js:25889:20)"],"meta":{}},{"ancestorTitles":[],"fullName":"TC-VQ-001 / blank \"   \" never dispatches a query","status":"failed","title":"TC-VQ-001 / blank \"   \" never dispatches a query","duration":6.242799999999988,"failureMessages":["TypeError: Cannot read properties of null (reading 'useRef')\n    at Module.useRef (D:\\Code\\text\\test-videorag\\Vimo-desktop\\node_modules\\react\\cjs\\react.development.js:1630:21)\n    at MemoryRouter (file:///D:/Code/text/test-videorag/Vimo-desktop/node_modules/react-router/dist/development/chunk-BV7QT456.mjs:7050:27)\n    at renderWithHooks (D:\\Code\\text\\test-videorag\\Vimo-desktop\\test_renderer\\node_modules\\react-dom\\cjs\\react-dom.development.js:15486:18)\n    at mountIndeterminateComponent (D:\\Code\\text\\test-videorag\\Vimo-desktop\\test_renderer\\node_modules\\react-dom\\cjs\\react-dom.development.js:20103:13)\n    at beginWork (D:\\Code\\text\\test-videorag\\Vimo-desktop\\test_renderer\\node_modules\\react-dom\\cjs\\react-dom.development.js:21626:16)\n    at beginWork$1 (D:\\Code\\text\\test-videorag\\Vimo-desktop\\test_renderer\\node_modules\\react-dom\\cjs\\react-dom.development.js:27465:14)\n    at performUnitOfWork (D:\\Code\\text\\test-videorag\\Vimo-desktop\\test_renderer\\node_modules\\react-dom\\cjs\\react-dom.development.js:26599:12)\n    at workLoopSync (D:\\Code\\text\\test-videorag\\Vimo-desktop\\test_renderer\\node_modules\\react-dom\\cjs\\react-dom.development.js:26505:5)\n    at renderRootSync (D:\\Code\\text\\test-videorag\\Vimo-desktop\\test_renderer\\node_modules\\react-dom\\cjs\\react-dom.development.js:26473:7)\n    at recoverFromConcurrentError (D:\\Code\\text\\test-videorag\\Vimo-desktop\\test_renderer\\node_modules\\react-dom\\cjs\\react-dom.development.js:25889:20)"],"meta":{}},{"ancestorTitles":[],"fullName":"TC-VQ-001 / blank \"\\n\" never dispatches a query","status":"failed","title":"TC-VQ-001 / blank \"\\n\" never dispatches a query","duration":4.186600000000908,"failureMessages":["TypeError: Cannot read properties of null (reading 'useRef')\n    at Module.useRef (D:\\Code\\text\\test-videorag\\Vimo-desktop\\node_modules\\react\\cjs\\react.development.js:1630:21)\n    at MemoryRouter (file:///D:/Code/text/test-videorag/Vimo-desktop/node_modules/react-router/dist/development/chunk-BV7QT456.mjs:7050:27)\n    at renderWithHooks (D:\\Code\\text\\test-videorag\\Vimo-desktop\\test_renderer\\node_modules\\react-dom\\cjs\\react-dom.development.js:15486:18)\n    at mountIndeterminateComponent (D:\\Code\\text\\test-videorag\\Vimo-desktop\\test_renderer\\node_modules\\react-dom\\cjs\\react-dom.development.js:20103:13)\n    at beginWork (D:\\Code\\text\\test-videorag\\Vimo-desktop\\test_renderer\\node_modules\\react-dom\\cjs\\react-dom.development.js:21626:16)\n    at beginWork$1 (D:\\Code\\text\\test-videorag\\Vimo-desktop\\test_renderer\\node_modules\\react-dom\\cjs\\react-dom.development.js:27465:14)\n    at performUnitOfWork (D:\\Code\\text\\test-videorag\\Vimo-desktop\\test_renderer\\node_modules\\react-dom\\cjs\\react-dom.development.js:26599:12)\n    at workLoopSync (D:\\Code\\text\\test-videorag\\Vimo-desktop\\test_renderer\\node_modules\\react-dom\\cjs\\react-dom.development.js:26505:5)\n    at renderRootSync (D:\\Code\\text\\test-videorag\\Vimo-desktop\\test_renderer\\node_modules\\react-dom\\cjs\\react-dom.development.js:26473:7)\n    at recoverFromConcurrentError (D:\\Code\\text\\test-videorag\\Vimo-desktop\\test_renderer\\node_modules\\react-dom\\cjs\\react-dom.development.js:25889:20)"],"meta":{}},{"ancestorTitles":[],"fullName":"TC-VQ-001 / blank \"\\t\" never dispatches a query","status":"failed","title":"TC-VQ-001 / blank \"\\t\" never dispatches a query","duration":3.212200000001758,"failureMessages":["TypeError: Cannot read properties of null (reading 'useRef')\n    at Module.useRef (D:\\Code\\text\\test-videorag\\Vimo-desktop\\node_modules\\react\\cjs\\react.development.js:1630:21)\n    at MemoryRouter (file:///D:/Code/text/test-videorag/Vimo-desktop/node_modules/react-router/dist/development/chunk-BV7QT456.mjs:7050:27)\n    at renderWithHooks (D:\\Code\\text\\test-videorag\\Vimo-desktop\\test_renderer\\node_modules\\react-dom\\cjs\\react-dom.development.js:15486:18)\n    at mountIndeterminateComponent (D:\\Code\\text\\test-videorag\\Vimo-desktop\\test_renderer\\node_modules\\react-dom\\cjs\\react-dom.development.js:20103:13)\n    at beginWork (D:\\Code\\text\\test-videorag\\Vimo-desktop\\test_renderer\\node_modules\\react-dom\\cjs\\react-dom.development.js:21626:16)\n    at beginWork$1 (D:\\Code\\text\\test-videorag\\Vimo-desktop\\test_renderer\\node_modules\\react-dom\\cjs\\react-dom.development.js:27465:14)\n    at performUnitOfWork (D:\\Code\\text\\test-videorag\\Vimo-desktop\\test_renderer\\node_modules\\react-dom\\cjs\\react-dom.development.js:26599:12)\n    at workLoopSync (D:\\Code\\text\\test-videorag\\Vimo-desktop\\test_renderer\\node_modules\\react-dom\\cjs\\react-dom.development.js:26505:5)\n    at renderRootSync (D:\\Code\\text\\test-videorag\\Vimo-desktop\\test_renderer\\node_modules\\react-dom\\cjs\\react-dom.development.js:26473:7)\n    at recoverFromConcurrentError (D:\\Code\\text\\test-videorag\\Vimo-desktop\\test_renderer\\node_modules\\react-dom\\cjs\\react-dom.development.js:25889:20)"],"meta":{}},{"ancestorTitles":[],"fullName":"TC-VQ-001 / blank \" \\n\\t \" never dispatches a query","status":"failed","title":"TC-VQ-001 / blank \" \\n\\t \" never dispatches a query","duration":4.265299999999115,"failureMessages":["TypeError: Cannot read properties of null (reading 'useRef')\n    at Module.useRef (D:\\Code\\text\\test-videorag\\Vimo-desktop\\node_modules\\react\\cjs\\react.development.js:1630:21)\n    at MemoryRouter (file:///D:/Code/text/test-videorag/Vimo-desktop/node_modules/react-router/dist/development/chunk-BV7QT456.mjs:7050:27)\n    at renderWithHooks (D:\\Code\\text\\test-videorag\\Vimo-desktop\\test_renderer\\node_modules\\react-dom\\cjs\\react-dom.development.js:15486:18)\n    at mountIndeterminateComponent (D:\\Code\\text\\test-videorag\\Vimo-desktop\\test_renderer\\node_modules\\react-dom\\cjs\\react-dom.development.js:20103:13)\n    at beginWork (D:\\Code\\text\\test-videorag\\Vimo-desktop\\test_renderer\\node_modules\\react-dom\\cjs\\react-dom.development.js:21626:16)\n    at beginWork$1 (D:\\Code\\text\\test-videorag\\Vimo-desktop\\test_renderer\\node_modules\\react-dom\\cjs\\react-dom.development.js:27465:14)\n    at performUnitOfWork (D:\\Code\\text\\test-videorag\\Vimo-desktop\\test_renderer\\node_modules\\react-dom\\cjs\\react-dom.development.js:26599:12)\n    at workLoopSync (D:\\Code\\text\\test-videorag\\Vimo-desktop\\test_renderer\\node_modules\\react-dom\\cjs\\react-dom.development.js:26505:5)\n    at renderRootSync (D:\\Code\\text\\test-videorag\\Vimo-desktop\\test_renderer\\node_modules\\react-dom\\cjs\\react-dom.development.js:26473:7)\n    at recoverFromConcurrentError (D:\\Code\\text\\test-videorag\\Vimo-desktop\\test_renderer\\node_modules\\react-dom\\cjs\\react-dom.development.js:25889:20)"],"meta":{}},{"ancestorTitles":[],"fullName":"TC-VQ-001 / valid question is trimmed and dispatched once","status":"failed","title":"TC-VQ-001 / valid question is trimmed and dispatched once","duration":3.046599999997852,"failureMessages":["TypeError: Cannot read properties of null (reading 'useRef')\n    at Module.useRef (D:\\Code\\text\\test-videorag\\Vimo-desktop\\node_modules\\react\\cjs\\react.development.js:1630:21)\n    at MemoryRouter (file:///D:/Code/text/test-videorag/Vimo-desktop/node_modules/react-router/dist/development/chunk-BV7QT456.mjs:7050:27)\n    at renderWithHooks (D:\\Code\\text\\test-videorag\\Vimo-desktop\\test_renderer\\node_modules\\react-dom\\cjs\\react-dom.development.js:15486:18)\n    at mountIndeterminateComponent (D:\\Code\\text\\test-videorag\\Vimo-desktop\\test_renderer\\node_modules\\react-dom\\cjs\\react-dom.development.js:20103:13)\n    at beginWork (D:\\Code\\text\\test-videorag\\Vimo-desktop\\test_renderer\\node_modules\\react-dom\\cjs\\react-dom.development.js:21626:16)\n    at beginWork$1 (D:\\Code\\text\\test-videorag\\Vimo-desktop\\test_renderer\\node_modules\\react-dom\\cjs\\react-dom.development.js:27465:14)\n    at performUnitOfWork (D:\\Code\\text\\test-videorag\\Vimo-desktop\\test_renderer\\node_modules\\react-dom\\cjs\\react-dom.development.js:26599:12)\n    at workLoopSync (D:\\Code\\text\\test-videorag\\Vimo-desktop\\test_renderer\\node_modules\\react-dom\\cjs\\react-dom.development.js:26505:5)\n    at renderRootSync (D:\\Code\\text\\test-videorag\\Vimo-desktop\\test_renderer\\node_modules\\react-dom\\cjs\\react-dom.development.js:26473:7)\n    at recoverFromConcurrentError (D:\\Code\\text\\test-videorag\\Vimo-desktop\\test_renderer\\node_modules\\react-dom\\cjs\\react-dom.development.js:25889:20)"],"meta":{}},{"ancestorTitles":[],"fullName":"TC-VQ-002 / none session cannot submit a model query","status":"failed","title":"TC-VQ-002 / none session cannot submit a model query","duration":3.7523000000001048,"failureMessages":["TypeError: Cannot read properties of null (reading 'useRef')\n    at Module.useRef (D:\\Code\\text\\test-videorag\\Vimo-desktop\\node_modules\\react\\cjs\\react.development.js:1630:21)\n    at MemoryRouter (file:///D:/Code/text/test-videorag/Vimo-desktop/node_modules/react-router/dist/development/chunk-BV7QT456.mjs:7050:27)\n    at renderWithHooks (D:\\Code\\text\\test-videorag\\Vimo-desktop\\test_renderer\\node_modules\\react-dom\\cjs\\react-dom.development.js:15486:18)\n    at mountIndeterminateComponent (D:\\Code\\text\\test-videorag\\Vimo-desktop\\test_renderer\\node_modules\\react-dom\\cjs\\react-dom.development.js:20103:13)\n    at beginWork (D:\\Code\\text\\test-videorag\\Vimo-desktop\\test_renderer\\node_modules\\react-dom\\cjs\\react-dom.development.js:21626:16)\n    at beginWork$1 (D:\\Code\\text\\test-videorag\\Vimo-desktop\\test_renderer\\node_modules\\react-dom\\cjs\\react-dom.development.js:27465:14)\n    at performUnitOfWork (D:\\Code\\text\\test-videorag\\Vimo-desktop\\test_renderer\\node_modules\\react-dom\\cjs\\react-dom.development.js:26599:12)\n    at workLoopSync (D:\\Code\\text\\test-videorag\\Vimo-desktop\\test_renderer\\node_modules\\react-dom\\cjs\\react-dom.development.js:26505:5)\n    at renderRootSync (D:\\Code\\text\\test-videorag\\Vimo-desktop\\test_renderer\\node_modules\\react-dom\\cjs\\react-dom.development.js:26473:7)\n    at recoverFromConcurrentError (D:\\Code\\text\\test-videorag\\Vimo-desktop\\test_renderer\\node_modules\\react-dom\\cjs\\react-dom.development.js:25889:20)"],"meta":{}},{"ancestorTitles":[],"fullName":"TC-VQ-002 / analyzing session cannot submit a model query","status":"failed","title":"TC-VQ-002 / analyzing session cannot submit a model query","duration":2.5283000000017637,"failureMessages":["TypeError: Cannot read properties of null (reading 'useRef')\n    at Module.useRef (D:\\Code\\text\\test-videorag\\Vimo-desktop\\node_modules\\react\\cjs\\react.development.js:1630:21)\n    at MemoryRouter (file:///D:/Code/text/test-videorag/Vimo-desktop/node_modules/react-router/dist/development/chunk-BV7QT456.mjs:7050:27)\n    at renderWithHooks (D:\\Code\\text\\test-videorag\\Vimo-desktop\\test_renderer\\node_modules\\react-dom\\cjs\\react-dom.development.js:15486:18)\n    at mountIndeterminateComponent (D:\\Code\\text\\test-videorag\\Vimo-desktop\\test_renderer\\node_modules\\react-dom\\cjs\\react-dom.development.js:20103:13)\n    at beginWork (D:\\Code\\text\\test-videorag\\Vimo-desktop\\test_renderer\\node_modules\\react-dom\\cjs\\react-dom.development.js:21626:16)\n    at beginWork$1 (D:\\Code\\text\\test-videorag\\Vimo-desktop\\test_renderer\\node_modules\\react-dom\\cjs\\react-dom.development.js:27465:14)\n    at performUnitOfWork (D:\\Code\\text\\test-videorag\\Vimo-desktop\\test_renderer\\node_modules\\react-dom\\cjs\\react-dom.development.js:26599:12)\n    at workLoopSync (D:\\Code\\text\\test-videorag\\Vimo-desktop\\test_renderer\\node_modules\\react-dom\\cjs\\react-dom.development.js:26505:5)\n    at renderRootSync (D:\\Code\\text\\test-videorag\\Vimo-desktop\\test_renderer\\node_modules\\react-dom\\cjs\\react-dom.development.js:26473:7)\n    at recoverFromConcurrentError (D:\\Code\\text\\test-videorag\\Vimo-desktop\\test_renderer\\node_modules\\react-dom\\cjs\\react-dom.development.js:25889:20)"],"meta":{}},{"ancestorTitles":[],"fullName":"TC-VQ-004 / B is blocked during A then answers stay paired after retry","status":"failed","title":"TC-VQ-004 / B is blocked during A then answers stay paired after retry","duration":3.6926000000021304,"failureMessages":["TypeError: Cannot read properties of null (reading 'useRef')\n    at Module.useRef (D:\\Code\\text\\test-videorag\\Vimo-desktop\\node_modules\\react\\cjs\\react.development.js:1630:21)\n    at MemoryRouter (file:///D:/Code/text/test-videorag/Vimo-desktop/node_modules/react-router/dist/development/chunk-BV7QT456.mjs:7050:27)\n    at renderWithHooks (D:\\Code\\text\\test-videorag\\Vimo-desktop\\test_renderer\\node_modules\\react-dom\\cjs\\react-dom.development.js:15486:18)\n    at mountIndeterminateComponent (D:\\Code\\text\\test-videorag\\Vimo-desktop\\test_renderer\\node_modules\\react-dom\\cjs\\react-dom.development.js:20103:13)\n    at beginWork (D:\\Code\\text\\test-videorag\\Vimo-desktop\\test_renderer\\node_modules\\react-dom\\cjs\\react-dom.development.js:21626:16)\n    at beginWork$1 (D:\\Code\\text\\test-videorag\\Vimo-desktop\\test_renderer\\node_modules\\react-dom\\cjs\\react-dom.development.js:27465:14)\n    at performUnitOfWork (D:\\Code\\text\\test-videorag\\Vimo-desktop\\test_renderer\\node_modules\\react-dom\\cjs\\react-dom.development.js:26599:12)\n    at workLoopSync (D:\\Code\\text\\test-videorag\\Vimo-desktop\\test_renderer\\node_modules\\react-dom\\cjs\\react-dom.development.js:26505:5)\n    at renderRootSync (D:\\Code\\text\\test-videorag\\Vimo-desktop\\test_renderer\\node_modules\\react-dom\\cjs\\react-dom.development.js:26473:7)\n    at recoverFromConcurrentError (D:\\Code\\text\\test-videorag\\Vimo-desktop\\test_renderer\\node_modules\\react-dom\\cjs\\react-dom.development.js:25889:20)"],"meta":{}}],"startTime":1789995117203,"endTime":1789995117269.6926,"status":"failed","message":"","name":"D:/Code/text/test-videorag/Vimo-desktop/test_video_query/query_submission.test.tsx"}]}