{"numTotalTestSuites":3,"numPassedTestSuites":0,"numFailedTestSuites":3,"numPendingTestSuites":0,"numTotalTests":14,"numPassedTests":6,"numFailedTests":8,"numPendingTests":0,"numTodoTests":0,"snapshot":{"added":0,"failure":false,"filesAdded":0,"filesRemoved":0,"filesRemovedList":[],"filesUnmatched":0,"filesUpdated":0,"matched":0,"total":0,"unchecked":0,"uncheckedKeysByFile":[],"unmatched":0,"updated":0,"didUpdate":false},"startTime":1789990342818,"success":false,"testResults":[{"assertionResults":[{"ancestorTitles":[],"fullName":"TC-SC-004 / unauthorized requires provider verification instead of a prefix-only decision","status":"failed","title":"TC-SC-004 / unauthorized requires provider verification instead of a prefix-only decision","duration":94.4778,"failureMessages":["AssertionError: No verification request means provider validity was never checked: expected 0 to be greater than 0\n    at D:\\Code\\text\\test-videorag\\Vimo-desktop\\test_startup_configuration\\api_key_validation.test.ts:22:76\n    at processTicksAndRejections (node:internal/process/task_queues:105:5)\n    at file:///D:/Code/text/test-videorag/Vimo-desktop/test_communication/node_modules/@vitest/runner/dist/index.js:533:5\n    at runTest (file:///D:/Code/text/test-videorag/Vimo-desktop/test_communication/node_modules/@vitest/runner/dist/index.js:1056:11)\n    at runSuite (file:///D:/Code/text/test-videorag/Vimo-desktop/test_communication/node_modules/@vitest/runner/dist/index.js:1205:15)\n    at runFiles (file:///D:/Code/text/test-videorag/Vimo-desktop/test_communication/node_modules/@vitest/runner/dist/index.js:1262:5)\n    at startTests (file:///D:/Code/text/test-videorag/Vimo-desktop/test_communication/node_modules/@vitest/runner/dist/index.js:1271:3)\n    at file:///D:/Code/text/test-videorag/Vimo-desktop/test_communication/node_modules/vitest/dist/chunks/runBaseTests.3qpJUEJM.js:126:11\n    at withEnv (file:///D:/Code/text/test-videorag/Vimo-desktop/test_communication/node_modules/vitest/dist/chunks/runBaseTests.3qpJUEJM.js:90:5)\n    at run (file:///D:/Code/text/test-videorag/Vimo-desktop/test_communication/node_modules/vitest/dist/chunks/runBaseTests.3qpJUEJM.js:112:3)","AssertionError: expected true to be false // Object.is equality\n    at D:\\Code\\text\\test-videorag\\Vimo-desktop\\test_startup_configuration\\api_key_validation.test.ts:23:33\n    at processTicksAndRejections (node:internal/process/task_queues:105:5)\n    at file:///D:/Code/text/test-videorag/Vimo-desktop/test_communication/node_modules/@vitest/runner/dist/index.js:533:5\n    at runTest (file:///D:/Code/text/test-videorag/Vimo-desktop/test_communication/node_modules/@vitest/runner/dist/index.js:1056:11)\n    at runSuite (file:///D:/Code/text/test-videorag/Vimo-desktop/test_communication/node_modules/@vitest/runner/dist/index.js:1205:15)\n    at runFiles (file:///D:/Code/text/test-videorag/Vimo-desktop/test_communication/node_modules/@vitest/runner/dist/index.js:1262:5)\n    at startTests (file:///D:/Code/text/test-videorag/Vimo-desktop/test_communication/node_modules/@vitest/runner/dist/index.js:1271:3)\n    at file:///D:/Code/text/test-videorag/Vimo-desktop/test_communication/node_modules/vitest/dist/chunks/runBaseTests.3qpJUEJM.js:126:11\n    at withEnv (file:///D:/Code/text/test-videorag/Vimo-desktop/test_communication/node_modules/vitest/dist/chunks/runBaseTests.3qpJUEJM.js:90:5)\n    at run (file:///D:/Code/text/test-videorag/Vimo-desktop/test_communication/node_modules/vitest/dist/chunks/runBaseTests.3qpJUEJM.js:112:3)","AssertionError: expected undefined to deeply equal Any<String>\n    at D:\\Code\\text\\test-videorag\\Vimo-desktop\\test_startup_configuration\\api_key_validation.test.ts:25:33\n    at processTicksAndRejections (node:internal/process/task_queues:105:5)\n    at file:///D:/Code/text/test-videorag/Vimo-desktop/test_communication/node_modules/@vitest/runner/dist/index.js:533:5\n    at runTest (file:///D:/Code/text/test-videorag/Vimo-desktop/test_communication/node_modules/@vitest/runner/dist/index.js:1056:11)\n    at runSuite (file:///D:/Code/text/test-videorag/Vimo-desktop/test_communication/node_modules/@vitest/runner/dist/index.js:1205:15)\n    at runFiles (file:///D:/Code/text/test-videorag/Vimo-desktop/test_communication/node_modules/@vitest/runner/dist/index.js:1262:5)\n    at startTests (file:///D:/Code/text/test-videorag/Vimo-desktop/test_communication/node_modules/@vitest/runner/dist/index.js:1271:3)\n    at file:///D:/Code/text/test-videorag/Vimo-desktop/test_communication/node_modules/vitest/dist/chunks/runBaseTests.3qpJUEJM.js:126:11\n    at withEnv (file:///D:/Code/text/test-videorag/Vimo-desktop/test_communication/node_modules/vitest/dist/chunks/runBaseTests.3qpJUEJM.js:90:5)\n    at run (file:///D:/Code/text/test-videorag/Vimo-desktop/test_communication/node_modules/vitest/dist/chunks/runBaseTests.3qpJUEJM.js:112:3)"],"meta":{}},{"ancestorTitles":[],"fullName":"TC-SC-004 / authorized requires provider verification instead of a prefix-only decision","status":"failed","title":"TC-SC-004 / authorized requires provider verification instead of a prefix-only decision","duration":55.006399999999985,"failureMessages":["AssertionError: No verification request means provider validity was never checked: expected 0 to be greater than 0\n    at D:\\Code\\text\\test-videorag\\Vimo-desktop\\test_startup_configuration\\api_key_validation.test.ts:22:76\n    at processTicksAndRejections (node:internal/process/task_queues:105:5)\n    at file:///D:/Code/text/test-videorag/Vimo-desktop/test_communication/node_modules/@vitest/runner/dist/index.js:533:5\n    at runTest (file:///D:/Code/text/test-videorag/Vimo-desktop/test_communication/node_modules/@vitest/runner/dist/index.js:1056:11)\n    at runSuite (file:///D:/Code/text/test-videorag/Vimo-desktop/test_communication/node_modules/@vitest/runner/dist/index.js:1205:15)\n    at runFiles (file:///D:/Code/text/test-videorag/Vimo-desktop/test_communication/node_modules/@vitest/runner/dist/index.js:1262:5)\n    at startTests (file:///D:/Code/text/test-videorag/Vimo-desktop/test_communication/node_modules/@vitest/runner/dist/index.js:1271:3)\n    at file:///D:/Code/text/test-videorag/Vimo-desktop/test_communication/node_modules/vitest/dist/chunks/runBaseTests.3qpJUEJM.js:126:11\n    at withEnv (file:///D:/Code/text/test-videorag/Vimo-desktop/test_communication/node_modules/vitest/dist/chunks/runBaseTests.3qpJUEJM.js:90:5)\n    at run (file:///D:/Code/text/test-videorag/Vimo-desktop/test_communication/node_modules/vitest/dist/chunks/runBaseTests.3qpJUEJM.js:112:3)"],"meta":{}},{"ancestorTitles":[],"fullName":"TC-SC-004 / timeout requires provider verification instead of a prefix-only decision","status":"failed","title":"TC-SC-004 / timeout requires provider verification instead of a prefix-only decision","duration":41.91689999999994,"failureMessages":["AssertionError: No verification request means provider validity was never checked: expected 0 to be greater than 0\n    at D:\\Code\\text\\test-videorag\\Vimo-desktop\\test_startup_configuration\\api_key_validation.test.ts:22:76\n    at processTicksAndRejections (node:internal/process/task_queues:105:5)\n    at file:///D:/Code/text/test-videorag/Vimo-desktop/test_communication/node_modules/@vitest/runner/dist/index.js:533:5\n    at runTest (file:///D:/Code/text/test-videorag/Vimo-desktop/test_communication/node_modules/@vitest/runner/dist/index.js:1056:11)\n    at runSuite (file:///D:/Code/text/test-videorag/Vimo-desktop/test_communication/node_modules/@vitest/runner/dist/index.js:1205:15)\n    at runFiles (file:///D:/Code/text/test-videorag/Vimo-desktop/test_communication/node_modules/@vitest/runner/dist/index.js:1262:5)\n    at startTests (file:///D:/Code/text/test-videorag/Vimo-desktop/test_communication/node_modules/@vitest/runner/dist/index.js:1271:3)\n    at file:///D:/Code/text/test-videorag/Vimo-desktop/test_communication/node_modules/vitest/dist/chunks/runBaseTests.3qpJUEJM.js:126:11\n    at withEnv (file:///D:/Code/text/test-videorag/Vimo-desktop/test_communication/node_modules/vitest/dist/chunks/runBaseTests.3qpJUEJM.js:90:5)\n    at run (file:///D:/Code/text/test-videorag/Vimo-desktop/test_communication/node_modules/vitest/dist/chunks/runBaseTests.3qpJUEJM.js:112:3)","AssertionError: expected true to be false // Object.is equality\n    at D:\\Code\\text\\test-videorag\\Vimo-desktop\\test_startup_configuration\\api_key_validation.test.ts:23:33\n    at processTicksAndRejections (node:internal/process/task_queues:105:5)\n    at file:///D:/Code/text/test-videorag/Vimo-desktop/test_communication/node_modules/@vitest/runner/dist/index.js:533:5\n    at runTest (file:///D:/Code/text/test-videorag/Vimo-desktop/test_communication/node_modules/@vitest/runner/dist/index.js:1056:11)\n    at runSuite (file:///D:/Code/text/test-videorag/Vimo-desktop/test_communication/node_modules/@vitest/runner/dist/index.js:1205:15)\n    at runFiles (file:///D:/Code/text/test-videorag/Vimo-desktop/test_communication/node_modules/@vitest/runner/dist/index.js:1262:5)\n    at startTests (file:///D:/Code/text/test-videorag/Vimo-desktop/test_communication/node_modules/@vitest/runner/dist/index.js:1271:3)\n    at file:///D:/Code/text/test-videorag/Vimo-desktop/test_communication/node_modules/vitest/dist/chunks/runBaseTests.3qpJUEJM.js:126:11\n    at withEnv (file:///D:/Code/text/test-videorag/Vimo-desktop/test_communication/node_modules/vitest/dist/chunks/runBaseTests.3qpJUEJM.js:90:5)\n    at run (file:///D:/Code/text/test-videorag/Vimo-desktop/test_communication/node_modules/vitest/dist/chunks/runBaseTests.3qpJUEJM.js:112:3)","AssertionError: expected undefined to deeply equal Any<String>\n    at D:\\Code\\text\\test-videorag\\Vimo-desktop\\test_startup_configuration\\api_key_validation.test.ts:25:33\n    at processTicksAndRejections (node:internal/process/task_queues:105:5)\n    at file:///D:/Code/text/test-videorag/Vimo-desktop/test_communication/node_modules/@vitest/runner/dist/index.js:533:5\n    at runTest (file:///D:/Code/text/test-videorag/Vimo-desktop/test_communication/node_modules/@vitest/runner/dist/index.js:1056:11)\n    at runSuite (file:///D:/Code/text/test-videorag/Vimo-desktop/test_communication/node_modules/@vitest/runner/dist/index.js:1205:15)\n    at runFiles (file:///D:/Code/text/test-videorag/Vimo-desktop/test_communication/node_modules/@vitest/runner/dist/index.js:1262:5)\n    at startTests (file:///D:/Code/text/test-videorag/Vimo-desktop/test_communication/node_modules/@vitest/runner/dist/index.js:1271:3)\n    at file:///D:/Code/text/test-videorag/Vimo-desktop/test_communication/node_modules/vitest/dist/chunks/runBaseTests.3qpJUEJM.js:126:11\n    at withEnv (file:///D:/Code/text/test-videorag/Vimo-desktop/test_communication/node_modules/vitest/dist/chunks/runBaseTests.3qpJUEJM.js:90:5)\n    at run (file:///D:/Code/text/test-videorag/Vimo-desktop/test_communication/node_modules/vitest/dist/chunks/runBaseTests.3qpJUEJM.js:112:3)","AssertionError: expected 'undefined' to match /timeout|timed out|network|超时|网络/i\n    at D:\\Code\\text\\test-videorag\\Vimo-desktop\\test_startup_configuration\\api_key_validation.test.ts:27:68\n    at processTicksAndRejections (node:internal/process/task_queues:105:5)\n    at file:///D:/Code/text/test-videorag/Vimo-desktop/test_communication/node_modules/@vitest/runner/dist/index.js:533:5\n    at runTest (file:///D:/Code/text/test-videorag/Vimo-desktop/test_communication/node_modules/@vitest/runner/dist/index.js:1056:11)\n    at runSuite (file:///D:/Code/text/test-videorag/Vimo-desktop/test_communication/node_modules/@vitest/runner/dist/index.js:1205:15)\n    at runFiles (file:///D:/Code/text/test-videorag/Vimo-desktop/test_communication/node_modules/@vitest/runner/dist/index.js:1262:5)\n    at startTests (file:///D:/Code/text/test-videorag/Vimo-desktop/test_communication/node_modules/@vitest/runner/dist/index.js:1271:3)\n    at file:///D:/Code/text/test-videorag/Vimo-desktop/test_communication/node_modules/vitest/dist/chunks/runBaseTests.3qpJUEJM.js:126:11\n    at withEnv (file:///D:/Code/text/test-videorag/Vimo-desktop/test_communication/node_modules/vitest/dist/chunks/runBaseTests.3qpJUEJM.js:90:5)\n    at run (file:///D:/Code/text/test-videorag/Vimo-desktop/test_communication/node_modules/vitest/dist/chunks/runBaseTests.3qpJUEJM.js:112:3)"],"meta":{}}],"startTime":1789990348865,"endTime":1789990349056.917,"status":"failed","message":"","name":"D:/Code/text/test-videorag/Vimo-desktop/test_startup_configuration/api_key_validation.test.ts"},{"assertionResults":[{"ancestorTitles":[],"fullName":"TC-SC-003 / damaged-json blocks initialization and can be repaired in the same application","status":"passed","title":"TC-SC-003 / damaged-json blocks initialization and can be repaired in the same application","duration":131.85040000000004,"failureMessages":[],"meta":{}},{"ancestorTitles":[],"fullName":"TC-SC-003 / storeDirectory blocks initialization and can be repaired in the same application","status":"passed","title":"TC-SC-003 / storeDirectory blocks initialization and can be repaired in the same application","duration":69.04050000000007,"failureMessages":[],"meta":{}},{"ancestorTitles":[],"fullName":"TC-SC-003 / openaiApiKey blocks initialization and can be repaired in the same application","status":"passed","title":"TC-SC-003 / openaiApiKey blocks initialization and can be repaired in the same application","duration":50.55880000000002,"failureMessages":[],"meta":{}},{"ancestorTitles":[],"fullName":"TC-SC-003 / dashscopeApiKey blocks initialization and can be repaired in the same application","status":"passed","title":"TC-SC-003 / dashscopeApiKey blocks initialization and can be repaired in the same application","duration":45.48780000000011,"failureMessages":[],"meta":{}},{"ancestorTitles":[],"fullName":"TC-SC-005 / missing-model fails before backend initialization and succeeds after repair","status":"passed","title":"TC-SC-005 / missing-model fails before backend initialization and succeeds after repair","duration":43.24700000000007,"failureMessages":[],"meta":{}},{"ancestorTitles":[],"fullName":"TC-SC-005 / read-only-storage fails before backend initialization and succeeds after repair","status":"failed","title":"TC-SC-005 / read-only-storage fails before backend initialization and succeeds after repair","duration":86.15880000000016,"failureMessages":["AssertionError: Resources must be usable before reporting initialized: expected true to be false // Object.is equality\n    at D:\\Code\\text\\test-videorag\\Vimo-desktop\\test_startup_configuration\\configuration.test.ts:30:91\n    at processTicksAndRejections (node:internal/process/task_queues:105:5)\n    at file:///D:/Code/text/test-videorag/Vimo-desktop/test_communication/node_modules/@vitest/runner/dist/index.js:533:5\n    at runTest (file:///D:/Code/text/test-videorag/Vimo-desktop/test_communication/node_modules/@vitest/runner/dist/index.js:1056:11)\n    at runSuite (file:///D:/Code/text/test-videorag/Vimo-desktop/test_communication/node_modules/@vitest/runner/dist/index.js:1205:15)\n    at runFiles (file:///D:/Code/text/test-videorag/Vimo-desktop/test_communication/node_modules/@vitest/runner/dist/index.js:1262:5)\n    at startTests (file:///D:/Code/text/test-videorag/Vimo-desktop/test_communication/node_modules/@vitest/runner/dist/index.js:1271:3)\n    at file:///D:/Code/text/test-videorag/Vimo-desktop/test_communication/node_modules/vitest/dist/chunks/runBaseTests.3qpJUEJM.js:126:11\n    at withEnv (file:///D:/Code/text/test-videorag/Vimo-desktop/test_communication/node_modules/vitest/dist/chunks/runBaseTests.3qpJUEJM.js:90:5)\n    at run (file:///D:/Code/text/test-videorag/Vimo-desktop/test_communication/node_modules/vitest/dist/chunks/runBaseTests.3qpJUEJM.js:112:3)","AssertionError: expected 'undefined' to match /storage|permission|writ|EACCES/i\n    at D:\\Code\\text\\test-videorag\\Vimo-desktop\\test_startup_configuration\\configuration.test.ts:31:40\n    at processTicksAndRejections (node:internal/process/task_queues:105:5)\n    at file:///D:/Code/text/test-videorag/Vimo-desktop/test_communication/node_modules/@vitest/runner/dist/index.js:533:5\n    at runTest (file:///D:/Code/text/test-videorag/Vimo-desktop/test_communication/node_modules/@vitest/runner/dist/index.js:1056:11)\n    at runSuite (file:///D:/Code/text/test-videorag/Vimo-desktop/test_communication/node_modules/@vitest/runner/dist/index.js:1205:15)\n    at runFiles (file:///D:/Code/text/test-videorag/Vimo-desktop/test_communication/node_modules/@vitest/runner/dist/index.js:1262:5)\n    at startTests (file:///D:/Code/text/test-videorag/Vimo-desktop/test_communication/node_modules/@vitest/runner/dist/index.js:1271:3)\n    at file:///D:/Code/text/test-videorag/Vimo-desktop/test_communication/node_modules/vitest/dist/chunks/runBaseTests.3qpJUEJM.js:126:11\n    at withEnv (file:///D:/Code/text/test-videorag/Vimo-desktop/test_communication/node_modules/vitest/dist/chunks/runBaseTests.3qpJUEJM.js:90:5)\n    at run (file:///D:/Code/text/test-videorag/Vimo-desktop/test_communication/node_modules/vitest/dist/chunks/runBaseTests.3qpJUEJM.js:112:3)","AssertionError: Invalid resources must not reach /initialize: expected [ [ { method: 'POST', …(3) } ] ] to have a length of +0 but got 1\n    at Proxy.<anonymous> (file:///D:/Code/text/test-videorag/Vimo-desktop/test_communication/node_modules/@vitest/expect/dist/index.js:1339:22)\n    at Proxy.<anonymous> (file:///D:/Code/text/test-videorag/Vimo-desktop/test_communication/node_modules/@vitest/expect/dist/index.js:979:17)\n    at Proxy.methodWrapper (file:///D:/Code/text/test-videorag/Vimo-desktop/test_communication/node_modules/chai/index.js:1686:25)\n    at D:\\Code\\text\\test-videorag\\Vimo-desktop\\test_startup_configuration\\configuration.test.ts:32:88\n    at processTicksAndRejections (node:internal/process/task_queues:105:5)\n    at file:///D:/Code/text/test-videorag/Vimo-desktop/test_communication/node_modules/@vitest/runner/dist/index.js:533:5\n    at runTest (file:///D:/Code/text/test-videorag/Vimo-desktop/test_communication/node_modules/@vitest/runner/dist/index.js:1056:11)\n    at runSuite (file:///D:/Code/text/test-videorag/Vimo-desktop/test_communication/node_modules/@vitest/runner/dist/index.js:1205:15)\n    at runFiles (file:///D:/Code/text/test-videorag/Vimo-desktop/test_communication/node_modules/@vitest/runner/dist/index.js:1262:5)\n    at startTests (file:///D:/Code/text/test-videorag/Vimo-desktop/test_communication/node_modules/@vitest/runner/dist/index.js:1271:3)"],"meta":{}}],"startTime":1789990347149,"endTime":1789990347577.1587,"status":"failed","message":"","name":"D:/Code/text/test-videorag/Vimo-desktop/test_startup_configuration/configuration.test.ts"},{"assertionResults":[{"ancestorTitles":[],"fullName":"TC-SC-001 / missing-packaged-executable rejects without spawning or scanning","status":"passed","title":"TC-SC-001 / missing-packaged-executable rejects without spawning or scanning","duration":413.74260000000004,"failureMessages":[],"meta":{}},{"ancestorTitles":[],"fullName":"TC-SC-002 / connection-refused exits within the scan and elapsed-time budgets","status":"failed","title":"TC-SC-002 / connection-refused exits within the scan and elapsed-time budgets","duration":168.82220000000007,"failureMessages":["AssertionError: Startup must have rejected, not remain pending: expected 'pending' to be 'rejected' // Object.is equality\n    at D:\\Code\\text\\test-videorag\\Vimo-desktop\\test_startup_configuration\\startup.test.ts:24:83\n    at file:///D:/Code/text/test-videorag/Vimo-desktop/test_communication/node_modules/@vitest/runner/dist/index.js:533:5\n    at runTest (file:///D:/Code/text/test-videorag/Vimo-desktop/test_communication/node_modules/@vitest/runner/dist/index.js:1056:11)\n    at runSuite (file:///D:/Code/text/test-videorag/Vimo-desktop/test_communication/node_modules/@vitest/runner/dist/index.js:1205:15)\n    at runFiles (file:///D:/Code/text/test-videorag/Vimo-desktop/test_communication/node_modules/@vitest/runner/dist/index.js:1262:5)\n    at startTests (file:///D:/Code/text/test-videorag/Vimo-desktop/test_communication/node_modules/@vitest/runner/dist/index.js:1271:3)\n    at file:///D:/Code/text/test-videorag/Vimo-desktop/test_communication/node_modules/vitest/dist/chunks/runBaseTests.3qpJUEJM.js:126:11\n    at withEnv (file:///D:/Code/text/test-videorag/Vimo-desktop/test_communication/node_modules/vitest/dist/chunks/runBaseTests.3qpJUEJM.js:90:5)\n    at run (file:///D:/Code/text/test-videorag/Vimo-desktop/test_communication/node_modules/vitest/dist/chunks/runBaseTests.3qpJUEJM.js:112:3)\n    at runBaseTests (file:///D:/Code/text/test-videorag/Vimo-desktop/test_communication/node_modules/vitest/dist/chunks/base.BZZh4cSm.js:29:3)","AssertionError: At most 3 complete scans of 20 ports: expected 340 to be less than or equal to 60\n    at D:\\Code\\text\\test-videorag\\Vimo-desktop\\test_startup_configuration\\startup.test.ts:25:79\n    at file:///D:/Code/text/test-videorag/Vimo-desktop/test_communication/node_modules/@vitest/runner/dist/index.js:533:5\n    at runTest (file:///D:/Code/text/test-videorag/Vimo-desktop/test_communication/node_modules/@vitest/runner/dist/index.js:1056:11)\n    at runSuite (file:///D:/Code/text/test-videorag/Vimo-desktop/test_communication/node_modules/@vitest/runner/dist/index.js:1205:15)\n    at runFiles (file:///D:/Code/text/test-videorag/Vimo-desktop/test_communication/node_modules/@vitest/runner/dist/index.js:1262:5)\n    at startTests (file:///D:/Code/text/test-videorag/Vimo-desktop/test_communication/node_modules/@vitest/runner/dist/index.js:1271:3)\n    at file:///D:/Code/text/test-videorag/Vimo-desktop/test_communication/node_modules/vitest/dist/chunks/runBaseTests.3qpJUEJM.js:126:11\n    at withEnv (file:///D:/Code/text/test-videorag/Vimo-desktop/test_communication/node_modules/vitest/dist/chunks/runBaseTests.3qpJUEJM.js:90:5)\n    at run (file:///D:/Code/text/test-videorag/Vimo-desktop/test_communication/node_modules/vitest/dist/chunks/runBaseTests.3qpJUEJM.js:112:3)\n    at runBaseTests (file:///D:/Code/text/test-videorag/Vimo-desktop/test_communication/node_modules/vitest/dist/chunks/base.BZZh4cSm.js:29:3)","AssertionError: No retry or in-flight timeout survives the budget: expected 1 to be +0 // Object.is equality\n    at D:\\Code\\text\\test-videorag\\Vimo-desktop\\test_startup_configuration\\startup.test.ts:26:90\n    at file:///D:/Code/text/test-videorag/Vimo-desktop/test_communication/node_modules/@vitest/runner/dist/index.js:533:5\n    at runTest (file:///D:/Code/text/test-videorag/Vimo-desktop/test_communication/node_modules/@vitest/runner/dist/index.js:1056:11)\n    at runSuite (file:///D:/Code/text/test-videorag/Vimo-desktop/test_communication/node_modules/@vitest/runner/dist/index.js:1205:15)\n    at runFiles (file:///D:/Code/text/test-videorag/Vimo-desktop/test_communication/node_modules/@vitest/runner/dist/index.js:1262:5)\n    at startTests (file:///D:/Code/text/test-videorag/Vimo-desktop/test_communication/node_modules/@vitest/runner/dist/index.js:1271:3)\n    at file:///D:/Code/text/test-videorag/Vimo-desktop/test_communication/node_modules/vitest/dist/chunks/runBaseTests.3qpJUEJM.js:126:11\n    at withEnv (file:///D:/Code/text/test-videorag/Vimo-desktop/test_communication/node_modules/vitest/dist/chunks/runBaseTests.3qpJUEJM.js:90:5)\n    at run (file:///D:/Code/text/test-videorag/Vimo-desktop/test_communication/node_modules/vitest/dist/chunks/runBaseTests.3qpJUEJM.js:112:3)\n    at runBaseTests (file:///D:/Code/text/test-videorag/Vimo-desktop/test_communication/node_modules/vitest/dist/chunks/base.BZZh4cSm.js:29:3)"],"meta":{}},{"ancestorTitles":[],"fullName":"TC-SC-002 / request-timeout exits within the scan and elapsed-time budgets","status":"failed","title":"TC-SC-002 / request-timeout exits within the scan and elapsed-time budgets","duration":40.9046000000003,"failureMessages":["AssertionError: Startup must have rejected, not remain pending: expected 'pending' to be 'rejected' // Object.is equality\n    at D:\\Code\\text\\test-videorag\\Vimo-desktop\\test_startup_configuration\\startup.test.ts:24:83\n    at file:///D:/Code/text/test-videorag/Vimo-desktop/test_communication/node_modules/@vitest/runner/dist/index.js:533:5\n    at runTest (file:///D:/Code/text/test-videorag/Vimo-desktop/test_communication/node_modules/@vitest/runner/dist/index.js:1056:11)\n    at runSuite (file:///D:/Code/text/test-videorag/Vimo-desktop/test_communication/node_modules/@vitest/runner/dist/index.js:1205:15)\n    at runFiles (file:///D:/Code/text/test-videorag/Vimo-desktop/test_communication/node_modules/@vitest/runner/dist/index.js:1262:5)\n    at startTests (file:///D:/Code/text/test-videorag/Vimo-desktop/test_communication/node_modules/@vitest/runner/dist/index.js:1271:3)\n    at file:///D:/Code/text/test-videorag/Vimo-desktop/test_communication/node_modules/vitest/dist/chunks/runBaseTests.3qpJUEJM.js:126:11\n    at withEnv (file:///D:/Code/text/test-videorag/Vimo-desktop/test_communication/node_modules/vitest/dist/chunks/runBaseTests.3qpJUEJM.js:90:5)\n    at run (file:///D:/Code/text/test-videorag/Vimo-desktop/test_communication/node_modules/vitest/dist/chunks/runBaseTests.3qpJUEJM.js:112:3)\n    at runBaseTests (file:///D:/Code/text/test-videorag/Vimo-desktop/test_communication/node_modules/vitest/dist/chunks/base.BZZh4cSm.js:29:3)","AssertionError: No retry or in-flight timeout survives the budget: expected 1 to be +0 // Object.is equality\n    at D:\\Code\\text\\test-videorag\\Vimo-desktop\\test_startup_configuration\\startup.test.ts:26:90\n    at file:///D:/Code/text/test-videorag/Vimo-desktop/test_communication/node_modules/@vitest/runner/dist/index.js:533:5\n    at runTest (file:///D:/Code/text/test-videorag/Vimo-desktop/test_communication/node_modules/@vitest/runner/dist/index.js:1056:11)\n    at runSuite (file:///D:/Code/text/test-videorag/Vimo-desktop/test_communication/node_modules/@vitest/runner/dist/index.js:1205:15)\n    at runFiles (file:///D:/Code/text/test-videorag/Vimo-desktop/test_communication/node_modules/@vitest/runner/dist/index.js:1262:5)\n    at startTests (file:///D:/Code/text/test-videorag/Vimo-desktop/test_communication/node_modules/@vitest/runner/dist/index.js:1271:3)\n    at file:///D:/Code/text/test-videorag/Vimo-desktop/test_communication/node_modules/vitest/dist/chunks/runBaseTests.3qpJUEJM.js:126:11\n    at withEnv (file:///D:/Code/text/test-videorag/Vimo-desktop/test_communication/node_modules/vitest/dist/chunks/runBaseTests.3qpJUEJM.js:90:5)\n    at run (file:///D:/Code/text/test-videorag/Vimo-desktop/test_communication/node_modules/vitest/dist/chunks/runBaseTests.3qpJUEJM.js:112:3)\n    at runBaseTests (file:///D:/Code/text/test-videorag/Vimo-desktop/test_communication/node_modules/vitest/dist/chunks/base.BZZh4cSm.js:29:3)"],"meta":{}},{"ancestorTitles":[],"fullName":"TC-SC-002 / recovery starts a fresh attempt without old scans initializing again","status":"failed","title":"TC-SC-002 / recovery starts a fresh attempt without old scans initializing again","duration":154.4713999999999,"failureMessages":["AssertionError: The first attempt must finish before retry: expected 'pending' to be 'rejected' // Object.is equality\n    at D:\\Code\\text\\test-videorag\\Vimo-desktop\\test_startup_configuration\\startup.test.ts:36:75\n    at file:///D:/Code/text/test-videorag/Vimo-desktop/test_communication/node_modules/@vitest/runner/dist/index.js:533:5\n    at runTest (file:///D:/Code/text/test-videorag/Vimo-desktop/test_communication/node_modules/@vitest/runner/dist/index.js:1056:11)\n    at runSuite (file:///D:/Code/text/test-videorag/Vimo-desktop/test_communication/node_modules/@vitest/runner/dist/index.js:1205:15)\n    at runFiles (file:///D:/Code/text/test-videorag/Vimo-desktop/test_communication/node_modules/@vitest/runner/dist/index.js:1262:5)\n    at startTests (file:///D:/Code/text/test-videorag/Vimo-desktop/test_communication/node_modules/@vitest/runner/dist/index.js:1271:3)\n    at file:///D:/Code/text/test-videorag/Vimo-desktop/test_communication/node_modules/vitest/dist/chunks/runBaseTests.3qpJUEJM.js:126:11\n    at withEnv (file:///D:/Code/text/test-videorag/Vimo-desktop/test_communication/node_modules/vitest/dist/chunks/runBaseTests.3qpJUEJM.js:90:5)\n    at run (file:///D:/Code/text/test-videorag/Vimo-desktop/test_communication/node_modules/vitest/dist/chunks/runBaseTests.3qpJUEJM.js:112:3)\n    at runBaseTests (file:///D:/Code/text/test-videorag/Vimo-desktop/test_communication/node_modules/vitest/dist/chunks/base.BZZh4cSm.js:29:3)","AssertionError: expected 1 to be +0 // Object.is equality\n    at D:\\Code\\text\\test-videorag\\Vimo-desktop\\test_startup_configuration\\startup.test.ts:37:35\n    at file:///D:/Code/text/test-videorag/Vimo-desktop/test_communication/node_modules/@vitest/runner/dist/index.js:533:5\n    at runTest (file:///D:/Code/text/test-videorag/Vimo-desktop/test_communication/node_modules/@vitest/runner/dist/index.js:1056:11)\n    at runSuite (file:///D:/Code/text/test-videorag/Vimo-desktop/test_communication/node_modules/@vitest/runner/dist/index.js:1205:15)\n    at runFiles (file:///D:/Code/text/test-videorag/Vimo-desktop/test_communication/node_modules/@vitest/runner/dist/index.js:1262:5)\n    at startTests (file:///D:/Code/text/test-videorag/Vimo-desktop/test_communication/node_modules/@vitest/runner/dist/index.js:1271:3)\n    at file:///D:/Code/text/test-videorag/Vimo-desktop/test_communication/node_modules/vitest/dist/chunks/runBaseTests.3qpJUEJM.js:126:11\n    at withEnv (file:///D:/Code/text/test-videorag/Vimo-desktop/test_communication/node_modules/vitest/dist/chunks/runBaseTests.3qpJUEJM.js:90:5)\n    at run (file:///D:/Code/text/test-videorag/Vimo-desktop/test_communication/node_modules/vitest/dist/chunks/runBaseTests.3qpJUEJM.js:112:3)\n    at runBaseTests (file:///D:/Code/text/test-videorag/Vimo-desktop/test_communication/node_modules/vitest/dist/chunks/base.BZZh4cSm.js:29:3)","AssertionError: An expired attempt must not become successful later: expected 'fulfilled' to be 'rejected' // Object.is equality\n    at D:\\Code\\text\\test-videorag\\Vimo-desktop\\test_startup_configuration\\startup.test.ts:43:84\n    at file:///D:/Code/text/test-videorag/Vimo-desktop/test_communication/node_modules/@vitest/runner/dist/index.js:533:5\n    at runTest (file:///D:/Code/text/test-videorag/Vimo-desktop/test_communication/node_modules/@vitest/runner/dist/index.js:1056:11)\n    at runSuite (file:///D:/Code/text/test-videorag/Vimo-desktop/test_communication/node_modules/@vitest/runner/dist/index.js:1205:15)\n    at runFiles (file:///D:/Code/text/test-videorag/Vimo-desktop/test_communication/node_modules/@vitest/runner/dist/index.js:1262:5)\n    at startTests (file:///D:/Code/text/test-videorag/Vimo-desktop/test_communication/node_modules/@vitest/runner/dist/index.js:1271:3)\n    at file:///D:/Code/text/test-videorag/Vimo-desktop/test_communication/node_modules/vitest/dist/chunks/runBaseTests.3qpJUEJM.js:126:11\n    at withEnv (file:///D:/Code/text/test-videorag/Vimo-desktop/test_communication/node_modules/vitest/dist/chunks/runBaseTests.3qpJUEJM.js:90:5)\n    at run (file:///D:/Code/text/test-videorag/Vimo-desktop/test_communication/node_modules/vitest/dist/chunks/runBaseTests.3qpJUEJM.js:112:3)\n    at runBaseTests (file:///D:/Code/text/test-videorag/Vimo-desktop/test_communication/node_modules/vitest/dist/chunks/base.BZZh4cSm.js:29:3)","AssertionError: Only the new attempt initializes: expected [ [ { method: 'POST', …(3) } ], …(1) ] to have a length of 1 but got 2\n    at Proxy.<anonymous> (file:///D:/Code/text/test-videorag/Vimo-desktop/test_communication/node_modules/@vitest/expect/dist/index.js:1339:22)\n    at Proxy.<anonymous> (file:///D:/Code/text/test-videorag/Vimo-desktop/test_communication/node_modules/@vitest/expect/dist/index.js:979:17)\n    at Proxy.methodWrapper (file:///D:/Code/text/test-videorag/Vimo-desktop/test_communication/node_modules/chai/index.js:1686:25)\n    at D:\\Code\\text\\test-videorag\\Vimo-desktop\\test_startup_configuration\\startup.test.ts:44:74\n    at file:///D:/Code/text/test-videorag/Vimo-desktop/test_communication/node_modules/@vitest/runner/dist/index.js:533:5\n    at runTest (file:///D:/Code/text/test-videorag/Vimo-desktop/test_communication/node_modules/@vitest/runner/dist/index.js:1056:11)\n    at runSuite (file:///D:/Code/text/test-videorag/Vimo-desktop/test_communication/node_modules/@vitest/runner/dist/index.js:1205:15)\n    at runFiles (file:///D:/Code/text/test-videorag/Vimo-desktop/test_communication/node_modules/@vitest/runner/dist/index.js:1262:5)\n    at startTests (file:///D:/Code/text/test-videorag/Vimo-desktop/test_communication/node_modules/@vitest/runner/dist/index.js:1271:3)\n    at file:///D:/Code/text/test-videorag/Vimo-desktop/test_communication/node_modules/vitest/dist/chunks/runBaseTests.3qpJUEJM.js:126:11"],"meta":{}},{"ancestorTitles":[],"fullName":"TC-SC-002 / healthy backend with invalid configuration is not successful application startup","status":"failed","title":"TC-SC-002 / healthy backend with invalid configuration is not successful application startup","duration":58.966799999999694,"failureMessages":["AssertionError: expected { success: true, …(1) } to match object { success: false }\n(1 matching property omitted from actual)\n    at Proxy.<anonymous> (file:///D:/Code/text/test-videorag/Vimo-desktop/test_communication/node_modules/@vitest/expect/dist/index.js:1134:13)\n    at Proxy.<anonymous> (file:///D:/Code/text/test-videorag/Vimo-desktop/test_communication/node_modules/@vitest/expect/dist/index.js:972:17)\n    at Proxy.methodWrapper (file:///D:/Code/text/test-videorag/Vimo-desktop/test_communication/node_modules/chai/index.js:1686:25)\n    at D:\\Code\\text\\test-videorag\\Vimo-desktop\\test_startup_configuration\\startup.test.ts:54:24\n    at file:///D:/Code/text/test-videorag/Vimo-desktop/test_communication/node_modules/@vitest/runner/dist/index.js:533:5\n    at runTest (file:///D:/Code/text/test-videorag/Vimo-desktop/test_communication/node_modules/@vitest/runner/dist/index.js:1056:11)\n    at runSuite (file:///D:/Code/text/test-videorag/Vimo-desktop/test_communication/node_modules/@vitest/runner/dist/index.js:1205:15)\n    at runFiles (file:///D:/Code/text/test-videorag/Vimo-desktop/test_communication/node_modules/@vitest/runner/dist/index.js:1262:5)\n    at startTests (file:///D:/Code/text/test-videorag/Vimo-desktop/test_communication/node_modules/@vitest/runner/dist/index.js:1271:3)\n    at file:///D:/Code/text/test-videorag/Vimo-desktop/test_communication/node_modules/vitest/dist/chunks/runBaseTests.3qpJUEJM.js:126:11"],"meta":{}}],"startTime":1789990345033,"endTime":1789990345870.9668,"status":"failed","message":"","name":"D:/Code/text/test-videorag/Vimo-desktop/test_startup_configuration/startup.test.ts"}]}