<?xml version="1.0" encoding="utf-8"?><testsuites><testsuite name="pytest" errors="0" failures="2" skipped="0" tests="2" time="2.976" timestamp="2026-09-21T22:07:39.424978" hostname="LAPTOP-E0T3TRBE"><testcase classname="test_query_readiness" name="test_TC_VQ_002_nonexistent_session_cannot_start_query" time="2.382"><failure message="AssertionError: assert {'client_erro...uccess': True} == {'client_erro...ccess': False}&#10;  Differing items:&#10;  {'session_created': True} != {'session_created': False}&#10;  {'success': True} != {'success': False}&#10;  {'process_created': True} != {'process_created': False}&#10;  {'client_error': False} != {'client_error': True}&#10;  Use -v to get more diff">runtime = &lt;conftest.runtime.&lt;locals&gt;.Runtime object at 0x000001C05C6C6E70&gt;

    def test_TC_VQ_002_nonexistent_session_cannot_start_query(runtime):
        assert not runtime.directory.exists(), "Fixture must start without this session"
        response = runtime.query("视频里讲了什么？")
&gt;       assert {"client_error": 400 &lt;= response.status_code &lt; 500,
                "success": response.get_json().get("success"),
                "process_created": bool(runtime.processes),
                "session_created": runtime.directory.exists()} == {
                    "client_error": True, "success": False,
                    "process_created": False, "session_created": False}
E       AssertionError: assert {'client_erro...uccess': True} == {'client_erro...ccess': False}
E         Differing items:
E         {'session_created': True} != {'session_created': False}
E         {'success': True} != {'success': False}
E         {'process_created': True} != {'process_created': False}
E         {'client_error': False} != {'client_error': True}
E         Use -v to get more diff

test_query_readiness.py:4: AssertionError</failure></testcase><testcase classname="test_query_validation" name="test_TC_VQ_001_whitespace_question_is_not_dispatched" time="0.025"><failure message="AssertionError: assert {'client_erro...uccess': True} == {'client_erro...ccess': False}&#10;  Differing items:&#10;  {'dispatched': True} != {'dispatched': False}&#10;  {'success': True} != {'success': False}&#10;  {'client_error': False} != {'client_error': True}&#10;  Use -v to get more diff">runtime = &lt;conftest.runtime.&lt;locals&gt;.Runtime object at 0x000001C05DD16A80&gt;
monkeypatch = &lt;_pytest.monkeypatch.MonkeyPatch object at 0x000001C05B6EB500&gt;

    def test_TC_VQ_001_whitespace_question_is_not_dispatched(runtime, monkeypatch):
        runtime.prepare()
        dispatch = MagicMock(return_value=True)
        monkeypatch.setattr(runtime.manager, "start_query_processing", dispatch)
        response = runtime.query("   ")
        # Any reasonable client-error status is acceptable; exact wording is irrelevant.
&gt;       assert {"client_error": 400 &lt;= response.status_code &lt; 500,
                "success": response.get_json().get("success"),
                "dispatched": dispatch.called} == {
                    "client_error": True, "success": False, "dispatched": False}
E       AssertionError: assert {'client_erro...uccess': True} == {'client_erro...ccess': False}
E         Differing items:
E         {'dispatched': True} != {'dispatched': False}
E         {'success': True} != {'success': False}
E         {'client_error': False} != {'client_error': True}
E         Use -v to get more diff

test_query_validation.py:10: AssertionError</failure></testcase></testsuite></testsuites>