{"numTotalTestSuites":2,"numPassedTestSuites":2,"numFailedTestSuites":0,"numPendingTestSuites":0,"numTotalTests":2,"numPassedTests":2,"numFailedTests":0,"numPendingTests":0,"numTodoTests":0,"snapshot":{"added":0,"failure":false,"filesAdded":0,"filesRemoved":0,"filesRemovedList":[],"filesUnmatched":0,"filesUpdated":0,"matched":0,"total":0,"unchecked":0,"uncheckedKeysByFile":[],"unmatched":0,"updated":0,"didUpdate":false},"startTime":1789999665135,"success":true,"testResults":[{"assertionResults":[{"ancestorTitles":[],"fullName":"TC-VQ-003 / timeout ends polling, preserves history and permits successful retry","status":"passed","title":"TC-VQ-003 / timeout ends polling, preserves history and permits successful retry","duration":54.344199999999546,"failureMessages":[],"meta":{}}],"startTime":1789999680792,"endTime":1789999680846.3442,"status":"passed","message":"","name":"D:/Code/text/test-videorag/Vimo-desktop/test_video_query/query_recovery.test.tsx"},{"assertionResults":[{"ancestorTitles":[],"fullName":"TC-VQ-004 / B waits for A and each question receives its own answer","status":"passed","title":"TC-VQ-004 / B waits for A and each question receives its own answer","duration":39.629399999999805,"failureMessages":[],"meta":{}}],"startTime":1789999683251,"endTime":1789999683290.6294,"status":"passed","message":"","name":"D:/Code/text/test-videorag/Vimo-desktop/test_video_query/query_submission.test.tsx"}]}